Error: Width mismatch on port 'Data_B_i' of reference to 'adder' in 'KOA_c_SW7_precision0'. (LINK-3)
Error: Unable to match ports of cell KOA_ASIC.main_KOA/K3.K4.left/K3.K4.middle/K3.K5.Final ('adder') to 'adder_W14'. (LINK-25)
Error: Width mismatch on port 'Data_B_i' of reference to 'adder' in 'KOA_c_SW7_precision0'. (LINK-3)
Error: Unable to match ports of cell KOA_ASIC.main_KOA/K3.K4.right/K3.K4.middle/K3.K5.Final ('adder') to 'adder_W14'. (LINK-25)
Error: Width mismatch on port 'Data_B_i' of reference to 'adder' in 'KOA_c_SW7_precision0'. (LINK-3)
Error: Unable to match ports of cell KOA_ASIC.main_KOA/K3.K4.middle/K3.K5.right_lower/K3.K5.Final ('adder') to 'adder_W14'. (LINK-25)
Error:  ./source/KOA_c_v2.v:193: Array index out of bounds Data_A_i[0:1], valid bounds are [0:0]. (ELAB-298)
Error: Recursive hierarchy detected in design 'KOA_c_SW3_precision0'. (LINK-7)
Error: Width mismatch on port 'Data_B_i' of reference to 'adder' in 'KOA_c_SW3_precision0'. (LINK-3)
Error: Unable to match ports of cell KOA_ASIC.main_KOA/K3.K4.left/K3.K4.left/K3.K4.left/K3.K5.Final ('adder') to 'adder_W6'. (LINK-25)
Error: Width mismatch on port 'Data_B_i' of reference to 'adder' in 'KOA_c_SW3_precision0'. (LINK-3)
Error: Unable to match ports of cell KOA_ASIC.main_KOA/K3.K4.left/K3.K4.left/K3.K4.right/K3.K5.Final ('adder') to 'adder_W6'. (LINK-25)
Error: Width mismatch on port 'Data_B_i' of reference to 'adder' in 'KOA_c_SW4_precision0'. (LINK-3)
Error: Unable to match ports of cell KOA_ASIC.main_KOA/K3.K4.left/K3.K4.left/K3.K4.middle/K3.K4.Final ('adder') to 'adder_W8'. (LINK-25)
Error: Width mismatch on port 'Data_B_i' of reference to 'adder' in 'KOA_c_SW3_precision0'. (LINK-3)
Error: Unable to match ports of cell KOA_ASIC.main_KOA/K3.K4.left/K3.K4.right/K3.K4.left/K3.K5.Final ('adder') to 'adder_W6'. (LINK-25)
Error: Width mismatch on port 'Data_B_i' of reference to 'adder' in 'KOA_c_SW3_precision0'. (LINK-3)
Error: Unable to match ports of cell KOA_ASIC.main_KOA/K3.K4.left/K3.K4.right/K3.K4.right/K3.K5.Final ('adder') to 'adder_W6'. (LINK-25)
Error: Width mismatch on port 'Data_B_i' of reference to 'adder' in 'KOA_c_SW4_precision0'. (LINK-3)
Error: Unable to match ports of cell KOA_ASIC.main_KOA/K3.K4.left/K3.K4.right/K3.K4.middle/K3.K4.Final ('adder') to 'adder_W8'. (LINK-25)
Error: Width mismatch on port 'Data_B_i' of reference to 'adder' in 'KOA_c_SW3_precision0'. (LINK-3)
Error: Unable to match ports of cell KOA_ASIC.main_KOA/K3.K4.left/K3.K4.middle/K3.K5.left_high/K3.K5.Final ('adder') to 'adder_W6'. (LINK-25)
Error: Width mismatch on port 'Data_B_i' of reference to 'adder' in 'KOA_c_SW4_precision0'. (LINK-3)
Error: Unable to match ports of cell KOA_ASIC.main_KOA/K3.K4.left/K3.K4.middle/K3.K5.right_lower/K3.K4.Final ('adder') to 'adder_W8'. (LINK-25)
Error: Width mismatch on port 'Data_B_i' of reference to 'adder' in 'KOA_c_SW5_precision0'. (LINK-3)
Error: Unable to match ports of cell KOA_ASIC.main_KOA/K3.K4.left/K3.K4.middle/K3.K5.middle/K3.K5.Final ('adder') to 'adder_W10'. (LINK-25)
Error: Width mismatch on port 'Data_B_i' of reference to 'adder' in 'KOA_c_SW3_precision0'. (LINK-3)
Error: Unable to match ports of cell KOA_ASIC.main_KOA/K3.K4.right/K3.K4.left/K3.K4.left/K3.K5.Final ('adder') to 'adder_W6'. (LINK-25)
Error: Width mismatch on port 'Data_B_i' of reference to 'adder' in 'KOA_c_SW3_precision0'. (LINK-3)
Error: Unable to match ports of cell KOA_ASIC.main_KOA/K3.K4.right/K3.K4.left/K3.K4.right/K3.K5.Final ('adder') to 'adder_W6'. (LINK-25)
Error: Width mismatch on port 'Data_B_i' of reference to 'adder' in 'KOA_c_SW4_precision0'. (LINK-3)
Error: Unable to match ports of cell KOA_ASIC.main_KOA/K3.K4.right/K3.K4.left/K3.K4.middle/K3.K4.Final ('adder') to 'adder_W8'. (LINK-25)
Error: Width mismatch on port 'Data_B_i' of reference to 'adder' in 'KOA_c_SW3_precision0'. (LINK-3)
Error: Unable to match ports of cell KOA_ASIC.main_KOA/K3.K4.right/K3.K4.right/K3.K4.left/K3.K5.Final ('adder') to 'adder_W6'. (LINK-25)
Error: Width mismatch on port 'Data_B_i' of reference to 'adder' in 'KOA_c_SW3_precision0'. (LINK-3)
Error: Unable to match ports of cell KOA_ASIC.main_KOA/K3.K4.right/K3.K4.right/K3.K4.right/K3.K5.Final ('adder') to 'adder_W6'. (LINK-25)
Error: Width mismatch on port 'Data_B_i' of reference to 'adder' in 'KOA_c_SW4_precision0'. (LINK-3)
Error: Unable to match ports of cell KOA_ASIC.main_KOA/K3.K4.right/K3.K4.right/K3.K4.middle/K3.K4.Final ('adder') to 'adder_W8'. (LINK-25)
Error: Width mismatch on port 'Data_B_i' of reference to 'adder' in 'KOA_c_SW3_precision0'. (LINK-3)
Error: Unable to match ports of cell KOA_ASIC.main_KOA/K3.K4.right/K3.K4.middle/K3.K5.left_high/K3.K5.Final ('adder') to 'adder_W6'. (LINK-25)
Error: Width mismatch on port 'Data_B_i' of reference to 'adder' in 'KOA_c_SW4_precision0'. (LINK-3)
Error: Unable to match ports of cell KOA_ASIC.main_KOA/K3.K4.right/K3.K4.middle/K3.K5.right_lower/K3.K4.Final ('adder') to 'adder_W8'. (LINK-25)
Error: Width mismatch on port 'Data_B_i' of reference to 'adder' in 'KOA_c_SW5_precision0'. (LINK-3)
Error: Unable to match ports of cell KOA_ASIC.main_KOA/K3.K4.right/K3.K4.middle/K3.K5.middle/K3.K5.Final ('adder') to 'adder_W10'. (LINK-25)
Error: Width mismatch on port 'Data_B_i' of reference to 'adder' in 'KOA_c_SW3_precision0'. (LINK-3)
Error: Unable to match ports of cell KOA_ASIC.main_KOA/K3.K4.middle/K3.K5.left_high/K3.K4.left/K3.K5.Final ('adder') to 'adder_W6'. (LINK-25)
Error: Width mismatch on port 'Data_B_i' of reference to 'adder' in 'KOA_c_SW3_precision0'. (LINK-3)
Error: Unable to match ports of cell KOA_ASIC.main_KOA/K3.K4.middle/K3.K5.left_high/K3.K4.right/K3.K5.Final ('adder') to 'adder_W6'. (LINK-25)
Error: Width mismatch on port 'Data_B_i' of reference to 'adder' in 'KOA_c_SW4_precision0'. (LINK-3)
Error: Unable to match ports of cell KOA_ASIC.main_KOA/K3.K4.middle/K3.K5.left_high/K3.K4.middle/K3.K4.Final ('adder') to 'adder_W8'. (LINK-25)
Error: Width mismatch on port 'Data_B_i' of reference to 'adder' in 'KOA_c_SW3_precision0'. (LINK-3)
Error: Unable to match ports of cell KOA_ASIC.main_KOA/K3.K4.middle/K3.K5.right_lower/K3.K5.left_high/K3.K5.Final ('adder') to 'adder_W6'. (LINK-25)
Error: Width mismatch on port 'Data_B_i' of reference to 'adder' in 'KOA_c_SW4_precision0'. (LINK-3)
Error: Unable to match ports of cell KOA_ASIC.main_KOA/K3.K4.middle/K3.K5.right_lower/K3.K5.right_lower/K3.K4.Final ('adder') to 'adder_W8'. (LINK-25)
Error: Width mismatch on port 'Data_B_i' of reference to 'adder' in 'KOA_c_SW5_precision0'. (LINK-3)
Error: Unable to match ports of cell KOA_ASIC.main_KOA/K3.K4.middle/K3.K5.right_lower/K3.K5.middle/K3.K5.Final ('adder') to 'adder_W10'. (LINK-25)
Error: Width mismatch on port 'Data_B_i' of reference to 'adder' in 'KOA_c_SW4_precision0'. (LINK-3)
Error: Unable to match ports of cell KOA_ASIC.main_KOA/K3.K4.middle/K3.K5.middle/K3.K4.left/K3.K4.Final ('adder') to 'adder_W8'. (LINK-25)
Error: Width mismatch on port 'Data_B_i' of reference to 'adder' in 'KOA_c_SW4_precision0'. (LINK-3)
Error: Unable to match ports of cell KOA_ASIC.main_KOA/K3.K4.middle/K3.K5.middle/K3.K4.right/K3.K4.Final ('adder') to 'adder_W8'. (LINK-25)
Error: Width mismatch on port 'Data_B_i' of reference to 'adder' in 'KOA_c_SW5_precision0'. (LINK-3)
Error: Unable to match ports of cell KOA_ASIC.main_KOA/K3.K4.middle/K3.K5.middle/K3.K4.middle/K3.K5.Final ('adder') to 'adder_W10'. (LINK-25)
Error: Width mismatch on port 'Data_B_i' of reference to 'adder' in 'KOA_c_SW2_precision0'. (LINK-3)
Error: Unable to match ports of cell KOA_ASIC.main_KOA/K3.K4.left/K3.K4.left/K3.K4.left/K3.K5.right_lower/K3.K4.Final ('adder') to 'adder_W4'. (LINK-25)
Error: Width mismatch on port 'Data_B_i' of reference to 'adder' in 'KOA_c_SW2_precision0'. (LINK-3)
Error: Unable to match ports of cell KOA_ASIC.main_KOA/K3.K4.left/K3.K4.left/K3.K4.right/K3.K5.right_lower/K3.K4.Final ('adder') to 'adder_W4'. (LINK-25)
Error: Width mismatch on port 'Data_B_i' of reference to 'adder' in 'KOA_c_SW2_precision0'. (LINK-3)
Error: Unable to match ports of cell KOA_ASIC.main_KOA/K3.K4.left/K3.K4.left/K3.K4.middle/K3.K4.left/K3.K4.Final ('adder') to 'adder_W4'. (LINK-25)
Error: Width mismatch on port 'Data_B_i' of reference to 'adder' in 'KOA_c_SW2_precision0'. (LINK-3)
Error: Unable to match ports of cell KOA_ASIC.main_KOA/K3.K4.left/K3.K4.left/K3.K4.middle/K3.K4.right/K3.K4.Final ('adder') to 'adder_W4'. (LINK-25)
Error: Width mismatch on port 'Data_B_i' of reference to 'adder' in 'KOA_c_SW3_precision0'. (LINK-3)
Error: Unable to match ports of cell KOA_ASIC.main_KOA/K3.K4.left/K3.K4.left/K3.K4.middle/K3.K4.middle/K3.K5.Final ('adder') to 'adder_W6'. (LINK-25)
Error: Width mismatch on port 'Data_B_i' of reference to 'adder' in 'KOA_c_SW2_precision0'. (LINK-3)
Error: Unable to match ports of cell KOA_ASIC.main_KOA/K3.K4.left/K3.K4.right/K3.K4.left/K3.K5.right_lower/K3.K4.Final ('adder') to 'adder_W4'. (LINK-25)
Error: Width mismatch on port 'Data_B_i' of reference to 'adder' in 'KOA_c_SW2_precision0'. (LINK-3)
Error: Unable to match ports of cell KOA_ASIC.main_KOA/K3.K4.left/K3.K4.right/K3.K4.right/K3.K5.right_lower/K3.K4.Final ('adder') to 'adder_W4'. (LINK-25)
Error: Width mismatch on port 'Data_B_i' of reference to 'adder' in 'KOA_c_SW2_precision0'. (LINK-3)
Error: Unable to match ports of cell KOA_ASIC.main_KOA/K3.K4.left/K3.K4.right/K3.K4.middle/K3.K4.left/K3.K4.Final ('adder') to 'adder_W4'. (LINK-25)
Error: Width mismatch on port 'Data_B_i' of reference to 'adder' in 'KOA_c_SW2_precision0'. (LINK-3)
Error: Unable to match ports of cell KOA_ASIC.main_KOA/K3.K4.left/K3.K4.right/K3.K4.middle/K3.K4.right/K3.K4.Final ('adder') to 'adder_W4'. (LINK-25)
Error: Width mismatch on port 'Data_B_i' of reference to 'adder' in 'KOA_c_SW3_precision0'. (LINK-3)
Error: Unable to match ports of cell KOA_ASIC.main_KOA/K3.K4.left/K3.K4.right/K3.K4.middle/K3.K4.middle/K3.K5.Final ('adder') to 'adder_W6'. (LINK-25)
Error: Width mismatch on port 'Data_B_i' of reference to 'adder' in 'KOA_c_SW2_precision0'. (LINK-3)
Error: Unable to match ports of cell KOA_ASIC.main_KOA/K3.K4.left/K3.K4.middle/K3.K5.left_high/K3.K5.right_lower/K3.K4.Final ('adder') to 'adder_W4'. (LINK-25)
Error: Width mismatch on port 'Data_B_i' of reference to 'adder' in 'KOA_c_SW2_precision0'. (LINK-3)
Error: Unable to match ports of cell KOA_ASIC.main_KOA/K3.K4.left/K3.K4.middle/K3.K5.right_lower/K3.K4.left/K3.K4.Final ('adder') to 'adder_W4'. (LINK-25)
Error: Width mismatch on port 'Data_B_i' of reference to 'adder' in 'KOA_c_SW2_precision0'. (LINK-3)
Error: Unable to match ports of cell KOA_ASIC.main_KOA/K3.K4.left/K3.K4.middle/K3.K5.right_lower/K3.K4.right/K3.K4.Final ('adder') to 'adder_W4'. (LINK-25)
Error: Width mismatch on port 'Data_B_i' of reference to 'adder' in 'KOA_c_SW3_precision0'. (LINK-3)
Error: Unable to match ports of cell KOA_ASIC.main_KOA/K3.K4.left/K3.K4.middle/K3.K5.right_lower/K3.K4.middle/K3.K5.Final ('adder') to 'adder_W6'. (LINK-25)
Error: Width mismatch on port 'Data_B_i' of reference to 'adder' in 'KOA_c_SW2_precision0'. (LINK-3)
Error: Unable to match ports of cell KOA_ASIC.main_KOA/K3.K4.left/K3.K4.middle/K3.K5.middle/K3.K5.left_high/K3.K4.Final ('adder') to 'adder_W4'. (LINK-25)
Error: Width mismatch on port 'Data_B_i' of reference to 'adder' in 'KOA_c_SW3_precision0'. (LINK-3)
Error: Unable to match ports of cell KOA_ASIC.main_KOA/K3.K4.left/K3.K4.middle/K3.K5.middle/K3.K5.right_lower/K3.K5.Final ('adder') to 'adder_W6'. (LINK-25)
Error: Width mismatch on port 'Data_B_i' of reference to 'adder' in 'KOA_c_SW4_precision0'. (LINK-3)
Error: Unable to match ports of cell KOA_ASIC.main_KOA/K3.K4.left/K3.K4.middle/K3.K5.middle/K3.K5.middle/K3.K4.Final ('adder') to 'adder_W8'. (LINK-25)
Error: Width mismatch on port 'Data_B_i' of reference to 'adder' in 'KOA_c_SW2_precision0'. (LINK-3)
Error: Unable to match ports of cell KOA_ASIC.main_KOA/K3.K4.right/K3.K4.left/K3.K4.left/K3.K5.right_lower/K3.K4.Final ('adder') to 'adder_W4'. (LINK-25)
Error: Width mismatch on port 'Data_B_i' of reference to 'adder' in 'KOA_c_SW2_precision0'. (LINK-3)
Error: Unable to match ports of cell KOA_ASIC.main_KOA/K3.K4.right/K3.K4.left/K3.K4.right/K3.K5.right_lower/K3.K4.Final ('adder') to 'adder_W4'. (LINK-25)
Error: Width mismatch on port 'Data_B_i' of reference to 'adder' in 'KOA_c_SW2_precision0'. (LINK-3)
Error: Unable to match ports of cell KOA_ASIC.main_KOA/K3.K4.right/K3.K4.left/K3.K4.middle/K3.K4.left/K3.K4.Final ('adder') to 'adder_W4'. (LINK-25)
Error: Width mismatch on port 'Data_B_i' of reference to 'adder' in 'KOA_c_SW2_precision0'. (LINK-3)
Error: Unable to match ports of cell KOA_ASIC.main_KOA/K3.K4.right/K3.K4.left/K3.K4.middle/K3.K4.right/K3.K4.Final ('adder') to 'adder_W4'. (LINK-25)
Error: Width mismatch on port 'Data_B_i' of reference to 'adder' in 'KOA_c_SW3_precision0'. (LINK-3)
Error: Unable to match ports of cell KOA_ASIC.main_KOA/K3.K4.right/K3.K4.left/K3.K4.middle/K3.K4.middle/K3.K5.Final ('adder') to 'adder_W6'. (LINK-25)
Error: Width mismatch on port 'Data_B_i' of reference to 'adder' in 'KOA_c_SW2_precision0'. (LINK-3)
Error: Unable to match ports of cell KOA_ASIC.main_KOA/K3.K4.right/K3.K4.right/K3.K4.left/K3.K5.right_lower/K3.K4.Final ('adder') to 'adder_W4'. (LINK-25)
Error: Width mismatch on port 'Data_B_i' of reference to 'adder' in 'KOA_c_SW2_precision0'. (LINK-3)
Error: Unable to match ports of cell KOA_ASIC.main_KOA/K3.K4.right/K3.K4.right/K3.K4.right/K3.K5.right_lower/K3.K4.Final ('adder') to 'adder_W4'. (LINK-25)
Error: Width mismatch on port 'Data_B_i' of reference to 'adder' in 'KOA_c_SW2_precision0'. (LINK-3)
Error: Unable to match ports of cell KOA_ASIC.main_KOA/K3.K4.right/K3.K4.right/K3.K4.middle/K3.K4.left/K3.K4.Final ('adder') to 'adder_W4'. (LINK-25)
Error: Width mismatch on port 'Data_B_i' of reference to 'adder' in 'KOA_c_SW2_precision0'. (LINK-3)
Error: Unable to match ports of cell KOA_ASIC.main_KOA/K3.K4.right/K3.K4.right/K3.K4.middle/K3.K4.right/K3.K4.Final ('adder') to 'adder_W4'. (LINK-25)
Error: Width mismatch on port 'Data_B_i' of reference to 'adder' in 'KOA_c_SW3_precision0'. (LINK-3)
Error: Unable to match ports of cell KOA_ASIC.main_KOA/K3.K4.right/K3.K4.right/K3.K4.middle/K3.K4.middle/K3.K5.Final ('adder') to 'adder_W6'. (LINK-25)
Error: Width mismatch on port 'Data_B_i' of reference to 'adder' in 'KOA_c_SW2_precision0'. (LINK-3)
Error: Unable to match ports of cell KOA_ASIC.main_KOA/K3.K4.right/K3.K4.middle/K3.K5.left_high/K3.K5.right_lower/K3.K4.Final ('adder') to 'adder_W4'. (LINK-25)
Error: Width mismatch on port 'Data_B_i' of reference to 'adder' in 'KOA_c_SW2_precision0'. (LINK-3)
Error: Unable to match ports of cell KOA_ASIC.main_KOA/K3.K4.right/K3.K4.middle/K3.K5.right_lower/K3.K4.left/K3.K4.Final ('adder') to 'adder_W4'. (LINK-25)
Error: Width mismatch on port 'Data_B_i' of reference to 'adder' in 'KOA_c_SW2_precision0'. (LINK-3)
Error: Unable to match ports of cell KOA_ASIC.main_KOA/K3.K4.right/K3.K4.middle/K3.K5.right_lower/K3.K4.right/K3.K4.Final ('adder') to 'adder_W4'. (LINK-25)
Error: Width mismatch on port 'Data_B_i' of reference to 'adder' in 'KOA_c_SW3_precision0'. (LINK-3)
Error: Unable to match ports of cell KOA_ASIC.main_KOA/K3.K4.right/K3.K4.middle/K3.K5.right_lower/K3.K4.middle/K3.K5.Final ('adder') to 'adder_W6'. (LINK-25)
Error: Width mismatch on port 'Data_B_i' of reference to 'adder' in 'KOA_c_SW2_precision0'. (LINK-3)
Error: Unable to match ports of cell KOA_ASIC.main_KOA/K3.K4.right/K3.K4.middle/K3.K5.middle/K3.K5.left_high/K3.K4.Final ('adder') to 'adder_W4'. (LINK-25)
Error: Width mismatch on port 'Data_B_i' of reference to 'adder' in 'KOA_c_SW3_precision0'. (LINK-3)
Error: Unable to match ports of cell KOA_ASIC.main_KOA/K3.K4.right/K3.K4.middle/K3.K5.middle/K3.K5.right_lower/K3.K5.Final ('adder') to 'adder_W6'. (LINK-25)
Error: Width mismatch on port 'Data_B_i' of reference to 'adder' in 'KOA_c_SW4_precision0'. (LINK-3)
Error: Unable to match ports of cell KOA_ASIC.main_KOA/K3.K4.right/K3.K4.middle/K3.K5.middle/K3.K5.middle/K3.K4.Final ('adder') to 'adder_W8'. (LINK-25)
Error: Width mismatch on port 'Data_B_i' of reference to 'adder' in 'KOA_c_SW2_precision0'. (LINK-3)
Error: Unable to match ports of cell KOA_ASIC.main_KOA/K3.K4.middle/K3.K5.left_high/K3.K4.left/K3.K5.right_lower/K3.K4.Final ('adder') to 'adder_W4'. (LINK-25)
Error: Width mismatch on port 'Data_B_i' of reference to 'adder' in 'KOA_c_SW2_precision0'. (LINK-3)
Error: Unable to match ports of cell KOA_ASIC.main_KOA/K3.K4.middle/K3.K5.left_high/K3.K4.right/K3.K5.right_lower/K3.K4.Final ('adder') to 'adder_W4'. (LINK-25)
Error: Width mismatch on port 'Data_B_i' of reference to 'adder' in 'KOA_c_SW2_precision0'. (LINK-3)
Error: Unable to match ports of cell KOA_ASIC.main_KOA/K3.K4.middle/K3.K5.left_high/K3.K4.middle/K3.K4.left/K3.K4.Final ('adder') to 'adder_W4'. (LINK-25)
Error: Width mismatch on port 'Data_B_i' of reference to 'adder' in 'KOA_c_SW2_precision0'. (LINK-3)
Error: Unable to match ports of cell KOA_ASIC.main_KOA/K3.K4.middle/K3.K5.left_high/K3.K4.middle/K3.K4.right/K3.K4.Final ('adder') to 'adder_W4'. (LINK-25)
Error: Width mismatch on port 'Data_B_i' of reference to 'adder' in 'KOA_c_SW3_precision0'. (LINK-3)
Error: Unable to match ports of cell KOA_ASIC.main_KOA/K3.K4.middle/K3.K5.left_high/K3.K4.middle/K3.K4.middle/K3.K5.Final ('adder') to 'adder_W6'. (LINK-25)
Error: Width mismatch on port 'Data_B_i' of reference to 'adder' in 'KOA_c_SW2_precision0'. (LINK-3)
Error: Unable to match ports of cell KOA_ASIC.main_KOA/K3.K4.middle/K3.K5.right_lower/K3.K5.left_high/K3.K5.right_lower/K3.K4.Final ('adder') to 'adder_W4'. (LINK-25)
Error: Width mismatch on port 'Data_B_i' of reference to 'adder' in 'KOA_c_SW2_precision0'. (LINK-3)
Error: Unable to match ports of cell KOA_ASIC.main_KOA/K3.K4.middle/K3.K5.right_lower/K3.K5.right_lower/K3.K4.left/K3.K4.Final ('adder') to 'adder_W4'. (LINK-25)
Error: Width mismatch on port 'Data_B_i' of reference to 'adder' in 'KOA_c_SW2_precision0'. (LINK-3)
Error: Unable to match ports of cell KOA_ASIC.main_KOA/K3.K4.middle/K3.K5.right_lower/K3.K5.right_lower/K3.K4.right/K3.K4.Final ('adder') to 'adder_W4'. (LINK-25)
Error: Width mismatch on port 'Data_B_i' of reference to 'adder' in 'KOA_c_SW3_precision0'. (LINK-3)
Error: Unable to match ports of cell KOA_ASIC.main_KOA/K3.K4.middle/K3.K5.right_lower/K3.K5.right_lower/K3.K4.middle/K3.K5.Final ('adder') to 'adder_W6'. (LINK-25)
Error: Width mismatch on port 'Data_B_i' of reference to 'adder' in 'KOA_c_SW2_precision0'. (LINK-3)
Error: Unable to match ports of cell KOA_ASIC.main_KOA/K3.K4.middle/K3.K5.right_lower/K3.K5.middle/K3.K5.left_high/K3.K4.Final ('adder') to 'adder_W4'. (LINK-25)
Error: Width mismatch on port 'Data_B_i' of reference to 'adder' in 'KOA_c_SW3_precision0'. (LINK-3)
Error: Unable to match ports of cell KOA_ASIC.main_KOA/K3.K4.middle/K3.K5.right_lower/K3.K5.middle/K3.K5.right_lower/K3.K5.Final ('adder') to 'adder_W6'. (LINK-25)
Error: Width mismatch on port 'Data_B_i' of reference to 'adder' in 'KOA_c_SW4_precision0'. (LINK-3)
Error: Unable to match ports of cell KOA_ASIC.main_KOA/K3.K4.middle/K3.K5.right_lower/K3.K5.middle/K3.K5.middle/K3.K4.Final ('adder') to 'adder_W8'. (LINK-25)
Error: Width mismatch on port 'Data_B_i' of reference to 'adder' in 'KOA_c_SW2_precision0'. (LINK-3)
Error: Unable to match ports of cell KOA_ASIC.main_KOA/K3.K4.middle/K3.K5.middle/K3.K4.left/K3.K4.left/K3.K4.Final ('adder') to 'adder_W4'. (LINK-25)
Error: Width mismatch on port 'Data_B_i' of reference to 'adder' in 'KOA_c_SW2_precision0'. (LINK-3)
Error: Unable to match ports of cell KOA_ASIC.main_KOA/K3.K4.middle/K3.K5.middle/K3.K4.left/K3.K4.right/K3.K4.Final ('adder') to 'adder_W4'. (LINK-25)
Error: Width mismatch on port 'Data_B_i' of reference to 'adder' in 'KOA_c_SW3_precision0'. (LINK-3)
Error: Unable to match ports of cell KOA_ASIC.main_KOA/K3.K4.middle/K3.K5.middle/K3.K4.left/K3.K4.middle/K3.K5.Final ('adder') to 'adder_W6'. (LINK-25)
Error: Width mismatch on port 'Data_B_i' of reference to 'adder' in 'KOA_c_SW2_precision0'. (LINK-3)
Error: Unable to match ports of cell KOA_ASIC.main_KOA/K3.K4.middle/K3.K5.middle/K3.K4.right/K3.K4.left/K3.K4.Final ('adder') to 'adder_W4'. (LINK-25)
Error: Width mismatch on port 'Data_B_i' of reference to 'adder' in 'KOA_c_SW2_precision0'. (LINK-3)
Error: Unable to match ports of cell KOA_ASIC.main_KOA/K3.K4.middle/K3.K5.middle/K3.K4.right/K3.K4.right/K3.K4.Final ('adder') to 'adder_W4'. (LINK-25)
Error: Width mismatch on port 'Data_B_i' of reference to 'adder' in 'KOA_c_SW3_precision0'. (LINK-3)
Error: Unable to match ports of cell KOA_ASIC.main_KOA/K3.K4.middle/K3.K5.middle/K3.K4.right/K3.K4.middle/K3.K5.Final ('adder') to 'adder_W6'. (LINK-25)
Error: Width mismatch on port 'Data_B_i' of reference to 'adder' in 'KOA_c_SW2_precision0'. (LINK-3)
Error: Unable to match ports of cell KOA_ASIC.main_KOA/K3.K4.middle/K3.K5.middle/K3.K4.middle/K3.K5.left_high/K3.K4.Final ('adder') to 'adder_W4'. (LINK-25)
Error: Width mismatch on port 'Data_B_i' of reference to 'adder' in 'KOA_c_SW3_precision0'. (LINK-3)
Error: Unable to match ports of cell KOA_ASIC.main_KOA/K3.K4.middle/K3.K5.middle/K3.K4.middle/K3.K5.right_lower/K3.K5.Final ('adder') to 'adder_W6'. (LINK-25)
Error: Width mismatch on port 'Data_B_i' of reference to 'adder' in 'KOA_c_SW4_precision0'. (LINK-3)
Error: Unable to match ports of cell KOA_ASIC.main_KOA/K3.K4.middle/K3.K5.middle/K3.K4.middle/K3.K5.middle/K3.K4.Final ('adder') to 'adder_W8'. (LINK-25)
Error: Width mismatch on port 'Data_B_i' of reference to 'adder' in 'KOA_c_SW2_precision0'. (LINK-3)
Error: Unable to match ports of cell KOA_ASIC.main_KOA/K3.K4.left/K3.K4.left/K3.K4.middle/K3.K4.middle/K3.K5.right_lower/K3.K4.Final ('adder') to 'adder_W4'. (LINK-25)
Error: Width mismatch on port 'Data_B_i' of reference to 'adder' in 'KOA_c_SW2_precision0'. (LINK-3)
Error: Unable to match ports of cell KOA_ASIC.main_KOA/K3.K4.left/K3.K4.right/K3.K4.middle/K3.K4.middle/K3.K5.right_lower/K3.K4.Final ('adder') to 'adder_W4'. (LINK-25)
Error: Width mismatch on port 'Data_B_i' of reference to 'adder' in 'KOA_c_SW2_precision0'. (LINK-3)
Error: Unable to match ports of cell KOA_ASIC.main_KOA/K3.K4.left/K3.K4.middle/K3.K5.right_lower/K3.K4.middle/K3.K5.right_lower/K3.K4.Final ('adder') to 'adder_W4'. (LINK-25)
Error: Width mismatch on port 'Data_B_i' of reference to 'adder' in 'KOA_c_SW2_precision0'. (LINK-3)
Error: Unable to match ports of cell KOA_ASIC.main_KOA/K3.K4.left/K3.K4.middle/K3.K5.middle/K3.K5.right_lower/K3.K5.right_lower/K3.K4.Final ('adder') to 'adder_W4'. (LINK-25)
Error: Width mismatch on port 'Data_B_i' of reference to 'adder' in 'KOA_c_SW2_precision0'. (LINK-3)
Error: Unable to match ports of cell KOA_ASIC.main_KOA/K3.K4.left/K3.K4.middle/K3.K5.middle/K3.K5.middle/K3.K4.left/K3.K4.Final ('adder') to 'adder_W4'. (LINK-25)
Error: Width mismatch on port 'Data_B_i' of reference to 'adder' in 'KOA_c_SW2_precision0'. (LINK-3)
Error: Unable to match ports of cell KOA_ASIC.main_KOA/K3.K4.left/K3.K4.middle/K3.K5.middle/K3.K5.middle/K3.K4.right/K3.K4.Final ('adder') to 'adder_W4'. (LINK-25)
Error: Width mismatch on port 'Data_B_i' of reference to 'adder' in 'KOA_c_SW3_precision0'. (LINK-3)
Error: Unable to match ports of cell KOA_ASIC.main_KOA/K3.K4.left/K3.K4.middle/K3.K5.middle/K3.K5.middle/K3.K4.middle/K3.K5.Final ('adder') to 'adder_W6'. (LINK-25)
Error: Width mismatch on port 'Data_B_i' of reference to 'adder' in 'KOA_c_SW2_precision0'. (LINK-3)
Error: Unable to match ports of cell KOA_ASIC.main_KOA/K3.K4.right/K3.K4.left/K3.K4.middle/K3.K4.middle/K3.K5.right_lower/K3.K4.Final ('adder') to 'adder_W4'. (LINK-25)
Error: Width mismatch on port 'Data_B_i' of reference to 'adder' in 'KOA_c_SW2_precision0'. (LINK-3)
Error: Unable to match ports of cell KOA_ASIC.main_KOA/K3.K4.right/K3.K4.right/K3.K4.middle/K3.K4.middle/K3.K5.right_lower/K3.K4.Final ('adder') to 'adder_W4'. (LINK-25)
Error: Width mismatch on port 'Data_B_i' of reference to 'adder' in 'KOA_c_SW2_precision0'. (LINK-3)
Error: Unable to match ports of cell KOA_ASIC.main_KOA/K3.K4.right/K3.K4.middle/K3.K5.right_lower/K3.K4.middle/K3.K5.right_lower/K3.K4.Final ('adder') to 'adder_W4'. (LINK-25)
Error: Width mismatch on port 'Data_B_i' of reference to 'adder' in 'KOA_c_SW2_precision0'. (LINK-3)
Error: Unable to match ports of cell KOA_ASIC.main_KOA/K3.K4.right/K3.K4.middle/K3.K5.middle/K3.K5.right_lower/K3.K5.right_lower/K3.K4.Final ('adder') to 'adder_W4'. (LINK-25)
Error: Width mismatch on port 'Data_B_i' of reference to 'adder' in 'KOA_c_SW2_precision0'. (LINK-3)
Error: Unable to match ports of cell KOA_ASIC.main_KOA/K3.K4.right/K3.K4.middle/K3.K5.middle/K3.K5.middle/K3.K4.left/K3.K4.Final ('adder') to 'adder_W4'. (LINK-25)
Error: Width mismatch on port 'Data_B_i' of reference to 'adder' in 'KOA_c_SW2_precision0'. (LINK-3)
Error: Unable to match ports of cell KOA_ASIC.main_KOA/K3.K4.right/K3.K4.middle/K3.K5.middle/K3.K5.middle/K3.K4.right/K3.K4.Final ('adder') to 'adder_W4'. (LINK-25)
Error: Width mismatch on port 'Data_B_i' of reference to 'adder' in 'KOA_c_SW3_precision0'. (LINK-3)
Error: Unable to match ports of cell KOA_ASIC.main_KOA/K3.K4.right/K3.K4.middle/K3.K5.middle/K3.K5.middle/K3.K4.middle/K3.K5.Final ('adder') to 'adder_W6'. (LINK-25)
Error: Width mismatch on port 'Data_B_i' of reference to 'adder' in 'KOA_c_SW2_precision0'. (LINK-3)
Error: Unable to match ports of cell KOA_ASIC.main_KOA/K3.K4.middle/K3.K5.left_high/K3.K4.middle/K3.K4.middle/K3.K5.right_lower/K3.K4.Final ('adder') to 'adder_W4'. (LINK-25)
Error: Width mismatch on port 'Data_B_i' of reference to 'adder' in 'KOA_c_SW2_precision0'. (LINK-3)
Error: Unable to match ports of cell KOA_ASIC.main_KOA/K3.K4.middle/K3.K5.right_lower/K3.K5.right_lower/K3.K4.middle/K3.K5.right_lower/K3.K4.Final ('adder') to 'adder_W4'. (LINK-25)
Error: Width mismatch on port 'Data_B_i' of reference to 'adder' in 'KOA_c_SW2_precision0'. (LINK-3)
Error: Unable to match ports of cell KOA_ASIC.main_KOA/K3.K4.middle/K3.K5.right_lower/K3.K5.middle/K3.K5.right_lower/K3.K5.right_lower/K3.K4.Final ('adder') to 'adder_W4'. (LINK-25)
Error: Width mismatch on port 'Data_B_i' of reference to 'adder' in 'KOA_c_SW2_precision0'. (LINK-3)
Error: Unable to match ports of cell KOA_ASIC.main_KOA/K3.K4.middle/K3.K5.right_lower/K3.K5.middle/K3.K5.middle/K3.K4.left/K3.K4.Final ('adder') to 'adder_W4'. (LINK-25)
Error: Width mismatch on port 'Data_B_i' of reference to 'adder' in 'KOA_c_SW2_precision0'. (LINK-3)
Error: Unable to match ports of cell KOA_ASIC.main_KOA/K3.K4.middle/K3.K5.right_lower/K3.K5.middle/K3.K5.middle/K3.K4.right/K3.K4.Final ('adder') to 'adder_W4'. (LINK-25)
Error: Width mismatch on port 'Data_B_i' of reference to 'adder' in 'KOA_c_SW3_precision0'. (LINK-3)
Error: Unable to match ports of cell KOA_ASIC.main_KOA/K3.K4.middle/K3.K5.right_lower/K3.K5.middle/K3.K5.middle/K3.K4.middle/K3.K5.Final ('adder') to 'adder_W6'. (LINK-25)
Error: Width mismatch on port 'Data_B_i' of reference to 'adder' in 'KOA_c_SW2_precision0'. (LINK-3)
Error: Unable to match ports of cell KOA_ASIC.main_KOA/K3.K4.middle/K3.K5.middle/K3.K4.left/K3.K4.middle/K3.K5.right_lower/K3.K4.Final ('adder') to 'adder_W4'. (LINK-25)
Error: Width mismatch on port 'Data_B_i' of reference to 'adder' in 'KOA_c_SW2_precision0'. (LINK-3)
Error: Unable to match ports of cell KOA_ASIC.main_KOA/K3.K4.middle/K3.K5.middle/K3.K4.right/K3.K4.middle/K3.K5.right_lower/K3.K4.Final ('adder') to 'adder_W4'. (LINK-25)
Error: Width mismatch on port 'Data_B_i' of reference to 'adder' in 'KOA_c_SW2_precision0'. (LINK-3)
Error: Unable to match ports of cell KOA_ASIC.main_KOA/K3.K4.middle/K3.K5.middle/K3.K4.middle/K3.K5.right_lower/K3.K5.right_lower/K3.K4.Final ('adder') to 'adder_W4'. (LINK-25)
Error: Width mismatch on port 'Data_B_i' of reference to 'adder' in 'KOA_c_SW2_precision0'. (LINK-3)
Error: Unable to match ports of cell KOA_ASIC.main_KOA/K3.K4.middle/K3.K5.middle/K3.K4.middle/K3.K5.middle/K3.K4.left/K3.K4.Final ('adder') to 'adder_W4'. (LINK-25)
Error: Width mismatch on port 'Data_B_i' of reference to 'adder' in 'KOA_c_SW2_precision0'. (LINK-3)
Error: Unable to match ports of cell KOA_ASIC.main_KOA/K3.K4.middle/K3.K5.middle/K3.K4.middle/K3.K5.middle/K3.K4.right/K3.K4.Final ('adder') to 'adder_W4'. (LINK-25)
Error: Width mismatch on port 'Data_B_i' of reference to 'adder' in 'KOA_c_SW3_precision0'. (LINK-3)
Error: Unable to match ports of cell KOA_ASIC.main_KOA/K3.K4.middle/K3.K5.middle/K3.K4.middle/K3.K5.middle/K3.K4.middle/K3.K5.Final ('adder') to 'adder_W6'. (LINK-25)
Error: Width mismatch on port 'Data_B_i' of reference to 'adder' in 'KOA_c_SW2_precision0'. (LINK-3)
Error: Unable to match ports of cell KOA_ASIC.main_KOA/K3.K4.left/K3.K4.middle/K3.K5.middle/K3.K5.middle/K3.K4.middle/K3.K5.right_lower/K3.K4.Final ('adder') to 'adder_W4'. (LINK-25)
Error: Width mismatch on port 'Data_B_i' of reference to 'adder' in 'KOA_c_SW2_precision0'. (LINK-3)
Error: Unable to match ports of cell KOA_ASIC.main_KOA/K3.K4.right/K3.K4.middle/K3.K5.middle/K3.K5.middle/K3.K4.middle/K3.K5.right_lower/K3.K4.Final ('adder') to 'adder_W4'. (LINK-25)
Error: Width mismatch on port 'Data_B_i' of reference to 'adder' in 'KOA_c_SW2_precision0'. (LINK-3)
Error: Unable to match ports of cell KOA_ASIC.main_KOA/K3.K4.middle/K3.K5.right_lower/K3.K5.middle/K3.K5.middle/K3.K4.middle/K3.K5.right_lower/K3.K4.Final ('adder') to 'adder_W4'. (LINK-25)
Error: Width mismatch on port 'Data_B_i' of reference to 'adder' in 'KOA_c_SW2_precision0'. (LINK-3)
Error: Unable to match ports of cell KOA_ASIC.main_KOA/K3.K4.middle/K3.K5.middle/K3.K4.middle/K3.K5.middle/K3.K4.middle/K3.K5.right_lower/K3.K4.Final ('adder') to 'adder_W4'. (LINK-25)
Error: Width mismatch on port 'Data_B_i' of reference to 'adder' in 'KOA_c_SW7_precision0'. (LINK-3)
Error: Unable to match ports of cell KOA_ASIC.main_KOA/K3.K4.left/K3.K4.middle/K3.K5.Final ('adder') to 'adder_W14'. (LINK-25)
Error: Width mismatch on port 'Data_B_i' of reference to 'adder' in 'KOA_c_SW7_precision0'. (LINK-3)
Error: Unable to match ports of cell KOA_ASIC.main_KOA/K3.K4.right/K3.K4.middle/K3.K5.Final ('adder') to 'adder_W14'. (LINK-25)
Error: Width mismatch on port 'Data_B_i' of reference to 'adder' in 'KOA_c_SW7_precision0'. (LINK-3)
Error: Unable to match ports of cell KOA_ASIC.main_KOA/K3.K4.middle/K3.K5.right_lower/K3.K5.Final ('adder') to 'adder_W14'. (LINK-25)
Error:  ./source/KOA_c_v2.v:193: Array index out of bounds Data_A_i[0:1], valid bounds are [0:0]. (ELAB-298)
Error: Recursive hierarchy detected in design 'KOA_c_SW3_precision0'. (LINK-7)
Error: Width mismatch on port 'Data_B_i' of reference to 'adder' in 'KOA_c_SW3_precision0'. (LINK-3)
Error: Unable to match ports of cell KOA_ASIC.main_KOA/K3.K4.left/K3.K4.left/K3.K4.left/K3.K5.Final ('adder') to 'adder_W6'. (LINK-25)
Error: Width mismatch on port 'Data_B_i' of reference to 'adder' in 'KOA_c_SW3_precision0'. (LINK-3)
Error: Unable to match ports of cell KOA_ASIC.main_KOA/K3.K4.left/K3.K4.left/K3.K4.right/K3.K5.Final ('adder') to 'adder_W6'. (LINK-25)
Error: Width mismatch on port 'Data_B_i' of reference to 'adder' in 'KOA_c_SW4_precision0'. (LINK-3)
Error: Unable to match ports of cell KOA_ASIC.main_KOA/K3.K4.left/K3.K4.left/K3.K4.middle/K3.K4.Final ('adder') to 'adder_W8'. (LINK-25)
Error: Width mismatch on port 'Data_B_i' of reference to 'adder' in 'KOA_c_SW3_precision0'. (LINK-3)
Error: Unable to match ports of cell KOA_ASIC.main_KOA/K3.K4.left/K3.K4.right/K3.K4.left/K3.K5.Final ('adder') to 'adder_W6'. (LINK-25)
Error: Width mismatch on port 'Data_B_i' of reference to 'adder' in 'KOA_c_SW3_precision0'. (LINK-3)
Error: Unable to match ports of cell KOA_ASIC.main_KOA/K3.K4.left/K3.K4.right/K3.K4.right/K3.K5.Final ('adder') to 'adder_W6'. (LINK-25)
Error: Width mismatch on port 'Data_B_i' of reference to 'adder' in 'KOA_c_SW4_precision0'. (LINK-3)
Error: Unable to match ports of cell KOA_ASIC.main_KOA/K3.K4.left/K3.K4.right/K3.K4.middle/K3.K4.Final ('adder') to 'adder_W8'. (LINK-25)
Error: Width mismatch on port 'Data_B_i' of reference to 'adder' in 'KOA_c_SW3_precision0'. (LINK-3)
Error: Unable to match ports of cell KOA_ASIC.main_KOA/K3.K4.left/K3.K4.middle/K3.K5.left_high/K3.K5.Final ('adder') to 'adder_W6'. (LINK-25)
Error: Width mismatch on port 'Data_B_i' of reference to 'adder' in 'KOA_c_SW4_precision0'. (LINK-3)
Error: Unable to match ports of cell KOA_ASIC.main_KOA/K3.K4.left/K3.K4.middle/K3.K5.right_lower/K3.K4.Final ('adder') to 'adder_W8'. (LINK-25)
Error: Width mismatch on port 'Data_B_i' of reference to 'adder' in 'KOA_c_SW5_precision0'. (LINK-3)
Error: Unable to match ports of cell KOA_ASIC.main_KOA/K3.K4.left/K3.K4.middle/K3.K5.middle/K3.K5.Final ('adder') to 'adder_W10'. (LINK-25)
Error: Width mismatch on port 'Data_B_i' of reference to 'adder' in 'KOA_c_SW3_precision0'. (LINK-3)
Error: Unable to match ports of cell KOA_ASIC.main_KOA/K3.K4.right/K3.K4.left/K3.K4.left/K3.K5.Final ('adder') to 'adder_W6'. (LINK-25)
Error: Width mismatch on port 'Data_B_i' of reference to 'adder' in 'KOA_c_SW3_precision0'. (LINK-3)
Error: Unable to match ports of cell KOA_ASIC.main_KOA/K3.K4.right/K3.K4.left/K3.K4.right/K3.K5.Final ('adder') to 'adder_W6'. (LINK-25)
Error: Width mismatch on port 'Data_B_i' of reference to 'adder' in 'KOA_c_SW4_precision0'. (LINK-3)
Error: Unable to match ports of cell KOA_ASIC.main_KOA/K3.K4.right/K3.K4.left/K3.K4.middle/K3.K4.Final ('adder') to 'adder_W8'. (LINK-25)
Error: Width mismatch on port 'Data_B_i' of reference to 'adder' in 'KOA_c_SW3_precision0'. (LINK-3)
Error: Unable to match ports of cell KOA_ASIC.main_KOA/K3.K4.right/K3.K4.right/K3.K4.left/K3.K5.Final ('adder') to 'adder_W6'. (LINK-25)
Error: Width mismatch on port 'Data_B_i' of reference to 'adder' in 'KOA_c_SW3_precision0'. (LINK-3)
Error: Unable to match ports of cell KOA_ASIC.main_KOA/K3.K4.right/K3.K4.right/K3.K4.right/K3.K5.Final ('adder') to 'adder_W6'. (LINK-25)
Error: Width mismatch on port 'Data_B_i' of reference to 'adder' in 'KOA_c_SW4_precision0'. (LINK-3)
Error: Unable to match ports of cell KOA_ASIC.main_KOA/K3.K4.right/K3.K4.right/K3.K4.middle/K3.K4.Final ('adder') to 'adder_W8'. (LINK-25)
Error: Width mismatch on port 'Data_B_i' of reference to 'adder' in 'KOA_c_SW3_precision0'. (LINK-3)
Error: Unable to match ports of cell KOA_ASIC.main_KOA/K3.K4.right/K3.K4.middle/K3.K5.left_high/K3.K5.Final ('adder') to 'adder_W6'. (LINK-25)
Error: Width mismatch on port 'Data_B_i' of reference to 'adder' in 'KOA_c_SW4_precision0'. (LINK-3)
Error: Unable to match ports of cell KOA_ASIC.main_KOA/K3.K4.right/K3.K4.middle/K3.K5.right_lower/K3.K4.Final ('adder') to 'adder_W8'. (LINK-25)
Error: Width mismatch on port 'Data_B_i' of reference to 'adder' in 'KOA_c_SW5_precision0'. (LINK-3)
Error: Unable to match ports of cell KOA_ASIC.main_KOA/K3.K4.right/K3.K4.middle/K3.K5.middle/K3.K5.Final ('adder') to 'adder_W10'. (LINK-25)
Error: Width mismatch on port 'Data_B_i' of reference to 'adder' in 'KOA_c_SW3_precision0'. (LINK-3)
Error: Unable to match ports of cell KOA_ASIC.main_KOA/K3.K4.middle/K3.K5.left_high/K3.K4.left/K3.K5.Final ('adder') to 'adder_W6'. (LINK-25)
Error: Width mismatch on port 'Data_B_i' of reference to 'adder' in 'KOA_c_SW3_precision0'. (LINK-3)
Error: Unable to match ports of cell KOA_ASIC.main_KOA/K3.K4.middle/K3.K5.left_high/K3.K4.right/K3.K5.Final ('adder') to 'adder_W6'. (LINK-25)
Error: Width mismatch on port 'Data_B_i' of reference to 'adder' in 'KOA_c_SW4_precision0'. (LINK-3)
Error: Unable to match ports of cell KOA_ASIC.main_KOA/K3.K4.middle/K3.K5.left_high/K3.K4.middle/K3.K4.Final ('adder') to 'adder_W8'. (LINK-25)
Error: Width mismatch on port 'Data_B_i' of reference to 'adder' in 'KOA_c_SW3_precision0'. (LINK-3)
Error: Unable to match ports of cell KOA_ASIC.main_KOA/K3.K4.middle/K3.K5.right_lower/K3.K5.left_high/K3.K5.Final ('adder') to 'adder_W6'. (LINK-25)
Error: Width mismatch on port 'Data_B_i' of reference to 'adder' in 'KOA_c_SW4_precision0'. (LINK-3)
Error: Unable to match ports of cell KOA_ASIC.main_KOA/K3.K4.middle/K3.K5.right_lower/K3.K5.right_lower/K3.K4.Final ('adder') to 'adder_W8'. (LINK-25)
Error: Width mismatch on port 'Data_B_i' of reference to 'adder' in 'KOA_c_SW5_precision0'. (LINK-3)
Error: Unable to match ports of cell KOA_ASIC.main_KOA/K3.K4.middle/K3.K5.right_lower/K3.K5.middle/K3.K5.Final ('adder') to 'adder_W10'. (LINK-25)
Error: Width mismatch on port 'Data_B_i' of reference to 'adder' in 'KOA_c_SW4_precision0'. (LINK-3)
Error: Unable to match ports of cell KOA_ASIC.main_KOA/K3.K4.middle/K3.K5.middle/K3.K4.left/K3.K4.Final ('adder') to 'adder_W8'. (LINK-25)
Error: Width mismatch on port 'Data_B_i' of reference to 'adder' in 'KOA_c_SW4_precision0'. (LINK-3)
Error: Unable to match ports of cell KOA_ASIC.main_KOA/K3.K4.middle/K3.K5.middle/K3.K4.right/K3.K4.Final ('adder') to 'adder_W8'. (LINK-25)
Error: Width mismatch on port 'Data_B_i' of reference to 'adder' in 'KOA_c_SW5_precision0'. (LINK-3)
Error: Unable to match ports of cell KOA_ASIC.main_KOA/K3.K4.middle/K3.K5.middle/K3.K4.middle/K3.K5.Final ('adder') to 'adder_W10'. (LINK-25)
Error: Width mismatch on port 'Data_B_i' of reference to 'adder' in 'KOA_c_SW2_precision0'. (LINK-3)
Error: Unable to match ports of cell KOA_ASIC.main_KOA/K3.K4.left/K3.K4.left/K3.K4.left/K3.K5.right_lower/K3.K4.Final ('adder') to 'adder_W4'. (LINK-25)
Error: Width mismatch on port 'Data_B_i' of reference to 'adder' in 'KOA_c_SW2_precision0'. (LINK-3)
Error: Unable to match ports of cell KOA_ASIC.main_KOA/K3.K4.left/K3.K4.left/K3.K4.right/K3.K5.right_lower/K3.K4.Final ('adder') to 'adder_W4'. (LINK-25)
Error: Width mismatch on port 'Data_B_i' of reference to 'adder' in 'KOA_c_SW2_precision0'. (LINK-3)
Error: Unable to match ports of cell KOA_ASIC.main_KOA/K3.K4.left/K3.K4.left/K3.K4.middle/K3.K4.left/K3.K4.Final ('adder') to 'adder_W4'. (LINK-25)
Error: Width mismatch on port 'Data_B_i' of reference to 'adder' in 'KOA_c_SW2_precision0'. (LINK-3)
Error: Unable to match ports of cell KOA_ASIC.main_KOA/K3.K4.left/K3.K4.left/K3.K4.middle/K3.K4.right/K3.K4.Final ('adder') to 'adder_W4'. (LINK-25)
Error: Width mismatch on port 'Data_B_i' of reference to 'adder' in 'KOA_c_SW3_precision0'. (LINK-3)
Error: Unable to match ports of cell KOA_ASIC.main_KOA/K3.K4.left/K3.K4.left/K3.K4.middle/K3.K4.middle/K3.K5.Final ('adder') to 'adder_W6'. (LINK-25)
Error: Width mismatch on port 'Data_B_i' of reference to 'adder' in 'KOA_c_SW2_precision0'. (LINK-3)
Error: Unable to match ports of cell KOA_ASIC.main_KOA/K3.K4.left/K3.K4.right/K3.K4.left/K3.K5.right_lower/K3.K4.Final ('adder') to 'adder_W4'. (LINK-25)
Error: Width mismatch on port 'Data_B_i' of reference to 'adder' in 'KOA_c_SW2_precision0'. (LINK-3)
Error: Unable to match ports of cell KOA_ASIC.main_KOA/K3.K4.left/K3.K4.right/K3.K4.right/K3.K5.right_lower/K3.K4.Final ('adder') to 'adder_W4'. (LINK-25)
Error: Width mismatch on port 'Data_B_i' of reference to 'adder' in 'KOA_c_SW2_precision0'. (LINK-3)
Error: Unable to match ports of cell KOA_ASIC.main_KOA/K3.K4.left/K3.K4.right/K3.K4.middle/K3.K4.left/K3.K4.Final ('adder') to 'adder_W4'. (LINK-25)
Error: Width mismatch on port 'Data_B_i' of reference to 'adder' in 'KOA_c_SW2_precision0'. (LINK-3)
Error: Unable to match ports of cell KOA_ASIC.main_KOA/K3.K4.left/K3.K4.right/K3.K4.middle/K3.K4.right/K3.K4.Final ('adder') to 'adder_W4'. (LINK-25)
Error: Width mismatch on port 'Data_B_i' of reference to 'adder' in 'KOA_c_SW3_precision0'. (LINK-3)
Error: Unable to match ports of cell KOA_ASIC.main_KOA/K3.K4.left/K3.K4.right/K3.K4.middle/K3.K4.middle/K3.K5.Final ('adder') to 'adder_W6'. (LINK-25)
Error: Width mismatch on port 'Data_B_i' of reference to 'adder' in 'KOA_c_SW2_precision0'. (LINK-3)
Error: Unable to match ports of cell KOA_ASIC.main_KOA/K3.K4.left/K3.K4.middle/K3.K5.left_high/K3.K5.right_lower/K3.K4.Final ('adder') to 'adder_W4'. (LINK-25)
Error: Width mismatch on port 'Data_B_i' of reference to 'adder' in 'KOA_c_SW2_precision0'. (LINK-3)
Error: Unable to match ports of cell KOA_ASIC.main_KOA/K3.K4.left/K3.K4.middle/K3.K5.right_lower/K3.K4.left/K3.K4.Final ('adder') to 'adder_W4'. (LINK-25)
Error: Width mismatch on port 'Data_B_i' of reference to 'adder' in 'KOA_c_SW2_precision0'. (LINK-3)
Error: Unable to match ports of cell KOA_ASIC.main_KOA/K3.K4.left/K3.K4.middle/K3.K5.right_lower/K3.K4.right/K3.K4.Final ('adder') to 'adder_W4'. (LINK-25)
Error: Width mismatch on port 'Data_B_i' of reference to 'adder' in 'KOA_c_SW3_precision0'. (LINK-3)
Error: Unable to match ports of cell KOA_ASIC.main_KOA/K3.K4.left/K3.K4.middle/K3.K5.right_lower/K3.K4.middle/K3.K5.Final ('adder') to 'adder_W6'. (LINK-25)
Error: Width mismatch on port 'Data_B_i' of reference to 'adder' in 'KOA_c_SW2_precision0'. (LINK-3)
Error: Unable to match ports of cell KOA_ASIC.main_KOA/K3.K4.left/K3.K4.middle/K3.K5.middle/K3.K5.left_high/K3.K4.Final ('adder') to 'adder_W4'. (LINK-25)
Error: Width mismatch on port 'Data_B_i' of reference to 'adder' in 'KOA_c_SW3_precision0'. (LINK-3)
Error: Unable to match ports of cell KOA_ASIC.main_KOA/K3.K4.left/K3.K4.middle/K3.K5.middle/K3.K5.right_lower/K3.K5.Final ('adder') to 'adder_W6'. (LINK-25)
Error: Width mismatch on port 'Data_B_i' of reference to 'adder' in 'KOA_c_SW4_precision0'. (LINK-3)
Error: Unable to match ports of cell KOA_ASIC.main_KOA/K3.K4.left/K3.K4.middle/K3.K5.middle/K3.K5.middle/K3.K4.Final ('adder') to 'adder_W8'. (LINK-25)
Error: Width mismatch on port 'Data_B_i' of reference to 'adder' in 'KOA_c_SW2_precision0'. (LINK-3)
Error: Unable to match ports of cell KOA_ASIC.main_KOA/K3.K4.right/K3.K4.left/K3.K4.left/K3.K5.right_lower/K3.K4.Final ('adder') to 'adder_W4'. (LINK-25)
Error: Width mismatch on port 'Data_B_i' of reference to 'adder' in 'KOA_c_SW2_precision0'. (LINK-3)
Error: Unable to match ports of cell KOA_ASIC.main_KOA/K3.K4.right/K3.K4.left/K3.K4.right/K3.K5.right_lower/K3.K4.Final ('adder') to 'adder_W4'. (LINK-25)
Error: Width mismatch on port 'Data_B_i' of reference to 'adder' in 'KOA_c_SW2_precision0'. (LINK-3)
Error: Unable to match ports of cell KOA_ASIC.main_KOA/K3.K4.right/K3.K4.left/K3.K4.middle/K3.K4.left/K3.K4.Final ('adder') to 'adder_W4'. (LINK-25)
Error: Width mismatch on port 'Data_B_i' of reference to 'adder' in 'KOA_c_SW2_precision0'. (LINK-3)
Error: Unable to match ports of cell KOA_ASIC.main_KOA/K3.K4.right/K3.K4.left/K3.K4.middle/K3.K4.right/K3.K4.Final ('adder') to 'adder_W4'. (LINK-25)
Error: Width mismatch on port 'Data_B_i' of reference to 'adder' in 'KOA_c_SW3_precision0'. (LINK-3)
Error: Unable to match ports of cell KOA_ASIC.main_KOA/K3.K4.right/K3.K4.left/K3.K4.middle/K3.K4.middle/K3.K5.Final ('adder') to 'adder_W6'. (LINK-25)
Error: Width mismatch on port 'Data_B_i' of reference to 'adder' in 'KOA_c_SW2_precision0'. (LINK-3)
Error: Unable to match ports of cell KOA_ASIC.main_KOA/K3.K4.right/K3.K4.right/K3.K4.left/K3.K5.right_lower/K3.K4.Final ('adder') to 'adder_W4'. (LINK-25)
Error: Width mismatch on port 'Data_B_i' of reference to 'adder' in 'KOA_c_SW2_precision0'. (LINK-3)
Error: Unable to match ports of cell KOA_ASIC.main_KOA/K3.K4.right/K3.K4.right/K3.K4.right/K3.K5.right_lower/K3.K4.Final ('adder') to 'adder_W4'. (LINK-25)
Error: Width mismatch on port 'Data_B_i' of reference to 'adder' in 'KOA_c_SW2_precision0'. (LINK-3)
Error: Unable to match ports of cell KOA_ASIC.main_KOA/K3.K4.right/K3.K4.right/K3.K4.middle/K3.K4.left/K3.K4.Final ('adder') to 'adder_W4'. (LINK-25)
Error: Width mismatch on port 'Data_B_i' of reference to 'adder' in 'KOA_c_SW2_precision0'. (LINK-3)
Error: Unable to match ports of cell KOA_ASIC.main_KOA/K3.K4.right/K3.K4.right/K3.K4.middle/K3.K4.right/K3.K4.Final ('adder') to 'adder_W4'. (LINK-25)
Error: Width mismatch on port 'Data_B_i' of reference to 'adder' in 'KOA_c_SW3_precision0'. (LINK-3)
Error: Unable to match ports of cell KOA_ASIC.main_KOA/K3.K4.right/K3.K4.right/K3.K4.middle/K3.K4.middle/K3.K5.Final ('adder') to 'adder_W6'. (LINK-25)
Error: Width mismatch on port 'Data_B_i' of reference to 'adder' in 'KOA_c_SW2_precision0'. (LINK-3)
Error: Unable to match ports of cell KOA_ASIC.main_KOA/K3.K4.right/K3.K4.middle/K3.K5.left_high/K3.K5.right_lower/K3.K4.Final ('adder') to 'adder_W4'. (LINK-25)
Error: Width mismatch on port 'Data_B_i' of reference to 'adder' in 'KOA_c_SW2_precision0'. (LINK-3)
Error: Unable to match ports of cell KOA_ASIC.main_KOA/K3.K4.right/K3.K4.middle/K3.K5.right_lower/K3.K4.left/K3.K4.Final ('adder') to 'adder_W4'. (LINK-25)
Error: Width mismatch on port 'Data_B_i' of reference to 'adder' in 'KOA_c_SW2_precision0'. (LINK-3)
Error: Unable to match ports of cell KOA_ASIC.main_KOA/K3.K4.right/K3.K4.middle/K3.K5.right_lower/K3.K4.right/K3.K4.Final ('adder') to 'adder_W4'. (LINK-25)
Error: Width mismatch on port 'Data_B_i' of reference to 'adder' in 'KOA_c_SW3_precision0'. (LINK-3)
Error: Unable to match ports of cell KOA_ASIC.main_KOA/K3.K4.right/K3.K4.middle/K3.K5.right_lower/K3.K4.middle/K3.K5.Final ('adder') to 'adder_W6'. (LINK-25)
Error: Width mismatch on port 'Data_B_i' of reference to 'adder' in 'KOA_c_SW2_precision0'. (LINK-3)
Error: Unable to match ports of cell KOA_ASIC.main_KOA/K3.K4.right/K3.K4.middle/K3.K5.middle/K3.K5.left_high/K3.K4.Final ('adder') to 'adder_W4'. (LINK-25)
Error: Width mismatch on port 'Data_B_i' of reference to 'adder' in 'KOA_c_SW3_precision0'. (LINK-3)
Error: Unable to match ports of cell KOA_ASIC.main_KOA/K3.K4.right/K3.K4.middle/K3.K5.middle/K3.K5.right_lower/K3.K5.Final ('adder') to 'adder_W6'. (LINK-25)
Error: Width mismatch on port 'Data_B_i' of reference to 'adder' in 'KOA_c_SW4_precision0'. (LINK-3)
Error: Unable to match ports of cell KOA_ASIC.main_KOA/K3.K4.right/K3.K4.middle/K3.K5.middle/K3.K5.middle/K3.K4.Final ('adder') to 'adder_W8'. (LINK-25)
Error: Width mismatch on port 'Data_B_i' of reference to 'adder' in 'KOA_c_SW2_precision0'. (LINK-3)
Error: Unable to match ports of cell KOA_ASIC.main_KOA/K3.K4.middle/K3.K5.left_high/K3.K4.left/K3.K5.right_lower/K3.K4.Final ('adder') to 'adder_W4'. (LINK-25)
Error: Width mismatch on port 'Data_B_i' of reference to 'adder' in 'KOA_c_SW2_precision0'. (LINK-3)
Error: Unable to match ports of cell KOA_ASIC.main_KOA/K3.K4.middle/K3.K5.left_high/K3.K4.right/K3.K5.right_lower/K3.K4.Final ('adder') to 'adder_W4'. (LINK-25)
Error: Width mismatch on port 'Data_B_i' of reference to 'adder' in 'KOA_c_SW2_precision0'. (LINK-3)
Error: Unable to match ports of cell KOA_ASIC.main_KOA/K3.K4.middle/K3.K5.left_high/K3.K4.middle/K3.K4.left/K3.K4.Final ('adder') to 'adder_W4'. (LINK-25)
Error: Width mismatch on port 'Data_B_i' of reference to 'adder' in 'KOA_c_SW2_precision0'. (LINK-3)
Error: Unable to match ports of cell KOA_ASIC.main_KOA/K3.K4.middle/K3.K5.left_high/K3.K4.middle/K3.K4.right/K3.K4.Final ('adder') to 'adder_W4'. (LINK-25)
Error: Width mismatch on port 'Data_B_i' of reference to 'adder' in 'KOA_c_SW3_precision0'. (LINK-3)
Error: Unable to match ports of cell KOA_ASIC.main_KOA/K3.K4.middle/K3.K5.left_high/K3.K4.middle/K3.K4.middle/K3.K5.Final ('adder') to 'adder_W6'. (LINK-25)
Error: Width mismatch on port 'Data_B_i' of reference to 'adder' in 'KOA_c_SW2_precision0'. (LINK-3)
Error: Unable to match ports of cell KOA_ASIC.main_KOA/K3.K4.middle/K3.K5.right_lower/K3.K5.left_high/K3.K5.right_lower/K3.K4.Final ('adder') to 'adder_W4'. (LINK-25)
Error: Width mismatch on port 'Data_B_i' of reference to 'adder' in 'KOA_c_SW2_precision0'. (LINK-3)
Error: Unable to match ports of cell KOA_ASIC.main_KOA/K3.K4.middle/K3.K5.right_lower/K3.K5.right_lower/K3.K4.left/K3.K4.Final ('adder') to 'adder_W4'. (LINK-25)
Error: Width mismatch on port 'Data_B_i' of reference to 'adder' in 'KOA_c_SW2_precision0'. (LINK-3)
Error: Unable to match ports of cell KOA_ASIC.main_KOA/K3.K4.middle/K3.K5.right_lower/K3.K5.right_lower/K3.K4.right/K3.K4.Final ('adder') to 'adder_W4'. (LINK-25)
Error: Width mismatch on port 'Data_B_i' of reference to 'adder' in 'KOA_c_SW3_precision0'. (LINK-3)
Error: Unable to match ports of cell KOA_ASIC.main_KOA/K3.K4.middle/K3.K5.right_lower/K3.K5.right_lower/K3.K4.middle/K3.K5.Final ('adder') to 'adder_W6'. (LINK-25)
Error: Width mismatch on port 'Data_B_i' of reference to 'adder' in 'KOA_c_SW2_precision0'. (LINK-3)
Error: Unable to match ports of cell KOA_ASIC.main_KOA/K3.K4.middle/K3.K5.right_lower/K3.K5.middle/K3.K5.left_high/K3.K4.Final ('adder') to 'adder_W4'. (LINK-25)
Error: Width mismatch on port 'Data_B_i' of reference to 'adder' in 'KOA_c_SW3_precision0'. (LINK-3)
Error: Unable to match ports of cell KOA_ASIC.main_KOA/K3.K4.middle/K3.K5.right_lower/K3.K5.middle/K3.K5.right_lower/K3.K5.Final ('adder') to 'adder_W6'. (LINK-25)
Error: Width mismatch on port 'Data_B_i' of reference to 'adder' in 'KOA_c_SW4_precision0'. (LINK-3)
Error: Unable to match ports of cell KOA_ASIC.main_KOA/K3.K4.middle/K3.K5.right_lower/K3.K5.middle/K3.K5.middle/K3.K4.Final ('adder') to 'adder_W8'. (LINK-25)
Error: Width mismatch on port 'Data_B_i' of reference to 'adder' in 'KOA_c_SW2_precision0'. (LINK-3)
Error: Unable to match ports of cell KOA_ASIC.main_KOA/K3.K4.middle/K3.K5.middle/K3.K4.left/K3.K4.left/K3.K4.Final ('adder') to 'adder_W4'. (LINK-25)
Error: Width mismatch on port 'Data_B_i' of reference to 'adder' in 'KOA_c_SW2_precision0'. (LINK-3)
Error: Unable to match ports of cell KOA_ASIC.main_KOA/K3.K4.middle/K3.K5.middle/K3.K4.left/K3.K4.right/K3.K4.Final ('adder') to 'adder_W4'. (LINK-25)
Error: Width mismatch on port 'Data_B_i' of reference to 'adder' in 'KOA_c_SW3_precision0'. (LINK-3)
Error: Unable to match ports of cell KOA_ASIC.main_KOA/K3.K4.middle/K3.K5.middle/K3.K4.left/K3.K4.middle/K3.K5.Final ('adder') to 'adder_W6'. (LINK-25)
Error: Width mismatch on port 'Data_B_i' of reference to 'adder' in 'KOA_c_SW2_precision0'. (LINK-3)
Error: Unable to match ports of cell KOA_ASIC.main_KOA/K3.K4.middle/K3.K5.middle/K3.K4.right/K3.K4.left/K3.K4.Final ('adder') to 'adder_W4'. (LINK-25)
Error: Width mismatch on port 'Data_B_i' of reference to 'adder' in 'KOA_c_SW2_precision0'. (LINK-3)
Error: Unable to match ports of cell KOA_ASIC.main_KOA/K3.K4.middle/K3.K5.middle/K3.K4.right/K3.K4.right/K3.K4.Final ('adder') to 'adder_W4'. (LINK-25)
Error: Width mismatch on port 'Data_B_i' of reference to 'adder' in 'KOA_c_SW3_precision0'. (LINK-3)
Error: Unable to match ports of cell KOA_ASIC.main_KOA/K3.K4.middle/K3.K5.middle/K3.K4.right/K3.K4.middle/K3.K5.Final ('adder') to 'adder_W6'. (LINK-25)
Error: Width mismatch on port 'Data_B_i' of reference to 'adder' in 'KOA_c_SW2_precision0'. (LINK-3)
Error: Unable to match ports of cell KOA_ASIC.main_KOA/K3.K4.middle/K3.K5.middle/K3.K4.middle/K3.K5.left_high/K3.K4.Final ('adder') to 'adder_W4'. (LINK-25)
Error: Width mismatch on port 'Data_B_i' of reference to 'adder' in 'KOA_c_SW3_precision0'. (LINK-3)
Error: Unable to match ports of cell KOA_ASIC.main_KOA/K3.K4.middle/K3.K5.middle/K3.K4.middle/K3.K5.right_lower/K3.K5.Final ('adder') to 'adder_W6'. (LINK-25)
Error: Width mismatch on port 'Data_B_i' of reference to 'adder' in 'KOA_c_SW4_precision0'. (LINK-3)
Error: Unable to match ports of cell KOA_ASIC.main_KOA/K3.K4.middle/K3.K5.middle/K3.K4.middle/K3.K5.middle/K3.K4.Final ('adder') to 'adder_W8'. (LINK-25)
Error: Width mismatch on port 'Data_B_i' of reference to 'adder' in 'KOA_c_SW2_precision0'. (LINK-3)
Error: Unable to match ports of cell KOA_ASIC.main_KOA/K3.K4.left/K3.K4.left/K3.K4.middle/K3.K4.middle/K3.K5.right_lower/K3.K4.Final ('adder') to 'adder_W4'. (LINK-25)
Error: Width mismatch on port 'Data_B_i' of reference to 'adder' in 'KOA_c_SW2_precision0'. (LINK-3)
Error: Unable to match ports of cell KOA_ASIC.main_KOA/K3.K4.left/K3.K4.right/K3.K4.middle/K3.K4.middle/K3.K5.right_lower/K3.K4.Final ('adder') to 'adder_W4'. (LINK-25)
Error: Width mismatch on port 'Data_B_i' of reference to 'adder' in 'KOA_c_SW2_precision0'. (LINK-3)
Error: Unable to match ports of cell KOA_ASIC.main_KOA/K3.K4.left/K3.K4.middle/K3.K5.right_lower/K3.K4.middle/K3.K5.right_lower/K3.K4.Final ('adder') to 'adder_W4'. (LINK-25)
Error: Width mismatch on port 'Data_B_i' of reference to 'adder' in 'KOA_c_SW2_precision0'. (LINK-3)
Error: Unable to match ports of cell KOA_ASIC.main_KOA/K3.K4.left/K3.K4.middle/K3.K5.middle/K3.K5.right_lower/K3.K5.right_lower/K3.K4.Final ('adder') to 'adder_W4'. (LINK-25)
Error: Width mismatch on port 'Data_B_i' of reference to 'adder' in 'KOA_c_SW2_precision0'. (LINK-3)
Error: Unable to match ports of cell KOA_ASIC.main_KOA/K3.K4.left/K3.K4.middle/K3.K5.middle/K3.K5.middle/K3.K4.left/K3.K4.Final ('adder') to 'adder_W4'. (LINK-25)
Error: Width mismatch on port 'Data_B_i' of reference to 'adder' in 'KOA_c_SW2_precision0'. (LINK-3)
Error: Unable to match ports of cell KOA_ASIC.main_KOA/K3.K4.left/K3.K4.middle/K3.K5.middle/K3.K5.middle/K3.K4.right/K3.K4.Final ('adder') to 'adder_W4'. (LINK-25)
Error: Width mismatch on port 'Data_B_i' of reference to 'adder' in 'KOA_c_SW3_precision0'. (LINK-3)
Error: Unable to match ports of cell KOA_ASIC.main_KOA/K3.K4.left/K3.K4.middle/K3.K5.middle/K3.K5.middle/K3.K4.middle/K3.K5.Final ('adder') to 'adder_W6'. (LINK-25)
Error: Width mismatch on port 'Data_B_i' of reference to 'adder' in 'KOA_c_SW2_precision0'. (LINK-3)
Error: Unable to match ports of cell KOA_ASIC.main_KOA/K3.K4.right/K3.K4.left/K3.K4.middle/K3.K4.middle/K3.K5.right_lower/K3.K4.Final ('adder') to 'adder_W4'. (LINK-25)
Error: Width mismatch on port 'Data_B_i' of reference to 'adder' in 'KOA_c_SW2_precision0'. (LINK-3)
Error: Unable to match ports of cell KOA_ASIC.main_KOA/K3.K4.right/K3.K4.right/K3.K4.middle/K3.K4.middle/K3.K5.right_lower/K3.K4.Final ('adder') to 'adder_W4'. (LINK-25)
Error: Width mismatch on port 'Data_B_i' of reference to 'adder' in 'KOA_c_SW2_precision0'. (LINK-3)
Error: Unable to match ports of cell KOA_ASIC.main_KOA/K3.K4.right/K3.K4.middle/K3.K5.right_lower/K3.K4.middle/K3.K5.right_lower/K3.K4.Final ('adder') to 'adder_W4'. (LINK-25)
Error: Width mismatch on port 'Data_B_i' of reference to 'adder' in 'KOA_c_SW2_precision0'. (LINK-3)
Error: Unable to match ports of cell KOA_ASIC.main_KOA/K3.K4.right/K3.K4.middle/K3.K5.middle/K3.K5.right_lower/K3.K5.right_lower/K3.K4.Final ('adder') to 'adder_W4'. (LINK-25)
Error: Width mismatch on port 'Data_B_i' of reference to 'adder' in 'KOA_c_SW2_precision0'. (LINK-3)
Error: Unable to match ports of cell KOA_ASIC.main_KOA/K3.K4.right/K3.K4.middle/K3.K5.middle/K3.K5.middle/K3.K4.left/K3.K4.Final ('adder') to 'adder_W4'. (LINK-25)
Error: Width mismatch on port 'Data_B_i' of reference to 'adder' in 'KOA_c_SW2_precision0'. (LINK-3)
Error: Unable to match ports of cell KOA_ASIC.main_KOA/K3.K4.right/K3.K4.middle/K3.K5.middle/K3.K5.middle/K3.K4.right/K3.K4.Final ('adder') to 'adder_W4'. (LINK-25)
Error: Width mismatch on port 'Data_B_i' of reference to 'adder' in 'KOA_c_SW3_precision0'. (LINK-3)
Error: Unable to match ports of cell KOA_ASIC.main_KOA/K3.K4.right/K3.K4.middle/K3.K5.middle/K3.K5.middle/K3.K4.middle/K3.K5.Final ('adder') to 'adder_W6'. (LINK-25)
Error: Width mismatch on port 'Data_B_i' of reference to 'adder' in 'KOA_c_SW2_precision0'. (LINK-3)
Error: Unable to match ports of cell KOA_ASIC.main_KOA/K3.K4.middle/K3.K5.left_high/K3.K4.middle/K3.K4.middle/K3.K5.right_lower/K3.K4.Final ('adder') to 'adder_W4'. (LINK-25)
Error: Width mismatch on port 'Data_B_i' of reference to 'adder' in 'KOA_c_SW2_precision0'. (LINK-3)
Error: Unable to match ports of cell KOA_ASIC.main_KOA/K3.K4.middle/K3.K5.right_lower/K3.K5.right_lower/K3.K4.middle/K3.K5.right_lower/K3.K4.Final ('adder') to 'adder_W4'. (LINK-25)
Error: Width mismatch on port 'Data_B_i' of reference to 'adder' in 'KOA_c_SW2_precision0'. (LINK-3)
Error: Unable to match ports of cell KOA_ASIC.main_KOA/K3.K4.middle/K3.K5.right_lower/K3.K5.middle/K3.K5.right_lower/K3.K5.right_lower/K3.K4.Final ('adder') to 'adder_W4'. (LINK-25)
Error: Width mismatch on port 'Data_B_i' of reference to 'adder' in 'KOA_c_SW2_precision0'. (LINK-3)
Error: Unable to match ports of cell KOA_ASIC.main_KOA/K3.K4.middle/K3.K5.right_lower/K3.K5.middle/K3.K5.middle/K3.K4.left/K3.K4.Final ('adder') to 'adder_W4'. (LINK-25)
Error: Width mismatch on port 'Data_B_i' of reference to 'adder' in 'KOA_c_SW2_precision0'. (LINK-3)
Error: Unable to match ports of cell KOA_ASIC.main_KOA/K3.K4.middle/K3.K5.right_lower/K3.K5.middle/K3.K5.middle/K3.K4.right/K3.K4.Final ('adder') to 'adder_W4'. (LINK-25)
Error: Width mismatch on port 'Data_B_i' of reference to 'adder' in 'KOA_c_SW3_precision0'. (LINK-3)
Error: Unable to match ports of cell KOA_ASIC.main_KOA/K3.K4.middle/K3.K5.right_lower/K3.K5.middle/K3.K5.middle/K3.K4.middle/K3.K5.Final ('adder') to 'adder_W6'. (LINK-25)
Error: Width mismatch on port 'Data_B_i' of reference to 'adder' in 'KOA_c_SW2_precision0'. (LINK-3)
Error: Unable to match ports of cell KOA_ASIC.main_KOA/K3.K4.middle/K3.K5.middle/K3.K4.left/K3.K4.middle/K3.K5.right_lower/K3.K4.Final ('adder') to 'adder_W4'. (LINK-25)
Error: Width mismatch on port 'Data_B_i' of reference to 'adder' in 'KOA_c_SW2_precision0'. (LINK-3)
Error: Unable to match ports of cell KOA_ASIC.main_KOA/K3.K4.middle/K3.K5.middle/K3.K4.right/K3.K4.middle/K3.K5.right_lower/K3.K4.Final ('adder') to 'adder_W4'. (LINK-25)
Error: Width mismatch on port 'Data_B_i' of reference to 'adder' in 'KOA_c_SW2_precision0'. (LINK-3)
Error: Unable to match ports of cell KOA_ASIC.main_KOA/K3.K4.middle/K3.K5.middle/K3.K4.middle/K3.K5.right_lower/K3.K5.right_lower/K3.K4.Final ('adder') to 'adder_W4'. (LINK-25)
Error: Width mismatch on port 'Data_B_i' of reference to 'adder' in 'KOA_c_SW2_precision0'. (LINK-3)
Error: Unable to match ports of cell KOA_ASIC.main_KOA/K3.K4.middle/K3.K5.middle/K3.K4.middle/K3.K5.middle/K3.K4.left/K3.K4.Final ('adder') to 'adder_W4'. (LINK-25)
Error: Width mismatch on port 'Data_B_i' of reference to 'adder' in 'KOA_c_SW2_precision0'. (LINK-3)
Error: Unable to match ports of cell KOA_ASIC.main_KOA/K3.K4.middle/K3.K5.middle/K3.K4.middle/K3.K5.middle/K3.K4.right/K3.K4.Final ('adder') to 'adder_W4'. (LINK-25)
Error: Width mismatch on port 'Data_B_i' of reference to 'adder' in 'KOA_c_SW3_precision0'. (LINK-3)
Error: Unable to match ports of cell KOA_ASIC.main_KOA/K3.K4.middle/K3.K5.middle/K3.K4.middle/K3.K5.middle/K3.K4.middle/K3.K5.Final ('adder') to 'adder_W6'. (LINK-25)
Error: Width mismatch on port 'Data_B_i' of reference to 'adder' in 'KOA_c_SW2_precision0'. (LINK-3)
Error: Unable to match ports of cell KOA_ASIC.main_KOA/K3.K4.left/K3.K4.middle/K3.K5.middle/K3.K5.middle/K3.K4.middle/K3.K5.right_lower/K3.K4.Final ('adder') to 'adder_W4'. (LINK-25)
Error: Width mismatch on port 'Data_B_i' of reference to 'adder' in 'KOA_c_SW2_precision0'. (LINK-3)
Error: Unable to match ports of cell KOA_ASIC.main_KOA/K3.K4.right/K3.K4.middle/K3.K5.middle/K3.K5.middle/K3.K4.middle/K3.K5.right_lower/K3.K4.Final ('adder') to 'adder_W4'. (LINK-25)
Error: Width mismatch on port 'Data_B_i' of reference to 'adder' in 'KOA_c_SW2_precision0'. (LINK-3)
Error: Unable to match ports of cell KOA_ASIC.main_KOA/K3.K4.middle/K3.K5.right_lower/K3.K5.middle/K3.K5.middle/K3.K4.middle/K3.K5.right_lower/K3.K4.Final ('adder') to 'adder_W4'. (LINK-25)
Error: Width mismatch on port 'Data_B_i' of reference to 'adder' in 'KOA_c_SW2_precision0'. (LINK-3)
Error: Unable to match ports of cell KOA_ASIC.main_KOA/K3.K4.middle/K3.K5.middle/K3.K4.middle/K3.K5.middle/K3.K4.middle/K3.K5.right_lower/K3.K4.Final ('adder') to 'adder_W4'. (LINK-25)
