
*** Running vivado
    with args -log Sgf_Multiplication.vds -m64 -mode batch -messageDb vivado.pb -notrace -source Sgf_Multiplication.tcl


****** Vivado v2016.2 (64-bit)
  **** SW Build 1577090 on Thu Jun  2 16:32:40 MDT 2016
  **** IP Build 1577682 on Fri Jun  3 12:00:54 MDT 2016
    ** Copyright 1986-2016 Xilinx, Inc. All Rights Reserved.

source Sgf_Multiplication.tcl -notrace
Command: synth_design -top Sgf_Multiplication -part xc7a100tcsg324-1
Starting synth_design
Attempting to get a license for feature 'Synthesis' and/or device 'xc7a100t'
INFO: [Common 17-349] Got license for feature 'Synthesis' and/or device 'xc7a100t'
INFO: Launching helper process for spawning children vivado processes
INFO: Helper process launched with PID 518440 
---------------------------------------------------------------------------------
Starting Synthesize : Time (s): cpu = 00:00:09 ; elapsed = 00:00:13 . Memory (MB): peak = 304.500 ; gain = 97.793
---------------------------------------------------------------------------------
INFO: [Synth 8-638] synthesizing module 'Sgf_Multiplication' [C:/Users/jsequeira/Documents/Floating-Point-Unit-master/FPU_Add_subt_Mult/RTL/Mult/Sgf_Multiplication.v:23]
	Parameter SW bound to: 54 - type: integer 
	Parameter half bound to: 27 - type: integer 
INFO: [Synth 8-638] synthesizing module 'multiplier' [C:/Users/jsequeira/Documents/Floating-Point-Unit-master/FPU_Add_subt_Mult/RTL/Mult/multiplier.v:23]
	Parameter W bound to: 27 - type: integer 
INFO: [Synth 8-256] done synthesizing module 'multiplier' (1#1) [C:/Users/jsequeira/Documents/Floating-Point-Unit-master/FPU_Add_subt_Mult/RTL/Mult/multiplier.v:23]
INFO: [Synth 8-638] synthesizing module 'adder' [C:/Users/jsequeira/Documents/Floating-Point-Unit-master/FPU_Add_subt_Mult/RTL/Mult/adder.v:23]
	Parameter W bound to: 27 - type: integer 
INFO: [Synth 8-256] done synthesizing module 'adder' (2#1) [C:/Users/jsequeira/Documents/Floating-Point-Unit-master/FPU_Add_subt_Mult/RTL/Mult/adder.v:23]
INFO: [Synth 8-638] synthesizing module 'multiplier__parameterized0' [C:/Users/jsequeira/Documents/Floating-Point-Unit-master/FPU_Add_subt_Mult/RTL/Mult/multiplier.v:23]
	Parameter W bound to: 28 - type: integer 
INFO: [Synth 8-256] done synthesizing module 'multiplier__parameterized0' (2#1) [C:/Users/jsequeira/Documents/Floating-Point-Unit-master/FPU_Add_subt_Mult/RTL/Mult/multiplier.v:23]
INFO: [Synth 8-638] synthesizing module 'substractor' [C:/Users/jsequeira/Documents/Floating-Point-Unit-master/FPU_Add_subt_Mult/RTL/Mult/substractor.v:23]
	Parameter W bound to: 56 - type: integer 
INFO: [Synth 8-256] done synthesizing module 'substractor' (3#1) [C:/Users/jsequeira/Documents/Floating-Point-Unit-master/FPU_Add_subt_Mult/RTL/Mult/substractor.v:23]
INFO: [Synth 8-638] synthesizing module 'adder__parameterized0' [C:/Users/jsequeira/Documents/Floating-Point-Unit-master/FPU_Add_subt_Mult/RTL/Mult/adder.v:23]
	Parameter W bound to: 108 - type: integer 
INFO: [Synth 8-256] done synthesizing module 'adder__parameterized0' (3#1) [C:/Users/jsequeira/Documents/Floating-Point-Unit-master/FPU_Add_subt_Mult/RTL/Mult/adder.v:23]
WARNING: [Synth 8-689] width (83) of port connection 'Data_B_i' does not match port width (108) of module 'adder__parameterized0' [C:/Users/jsequeira/Documents/Floating-Point-Unit-master/FPU_Add_subt_Mult/RTL/Mult/Sgf_Multiplication.v:176]
INFO: [Synth 8-638] synthesizing module 'RegisterAdd' [C:/Users/jsequeira/Documents/Floating-Point-Unit-master/FPU_Add_subt_Mult/RTL/Add-Subt/RegisterAdd.v:21]
	Parameter W bound to: 108 - type: integer 
INFO: [Synth 8-256] done synthesizing module 'RegisterAdd' (4#1) [C:/Users/jsequeira/Documents/Floating-Point-Unit-master/FPU_Add_subt_Mult/RTL/Add-Subt/RegisterAdd.v:21]
INFO: [Synth 8-256] done synthesizing module 'Sgf_Multiplication' (5#1) [C:/Users/jsequeira/Documents/Floating-Point-Unit-master/FPU_Add_subt_Mult/RTL/Mult/Sgf_Multiplication.v:23]
---------------------------------------------------------------------------------
Finished Synthesize : Time (s): cpu = 00:00:11 ; elapsed = 00:00:14 . Memory (MB): peak = 341.711 ; gain = 135.004
---------------------------------------------------------------------------------
---------------------------------------------------------------------------------
Finished Constraint Validation : Time (s): cpu = 00:00:11 ; elapsed = 00:00:14 . Memory (MB): peak = 341.711 ; gain = 135.004
---------------------------------------------------------------------------------
---------------------------------------------------------------------------------
Start Loading Part and Timing Information
---------------------------------------------------------------------------------
Loading part: xc7a100tcsg324-1
---------------------------------------------------------------------------------
Finished Loading Part and Timing Information : Time (s): cpu = 00:00:11 ; elapsed = 00:00:14 . Memory (MB): peak = 341.711 ; gain = 135.004
---------------------------------------------------------------------------------
INFO: [Device 21-403] Loading part xc7a100tcsg324-1
---------------------------------------------------------------------------------
Finished RTL Optimization Phase 2 : Time (s): cpu = 00:00:11 ; elapsed = 00:00:14 . Memory (MB): peak = 349.637 ; gain = 142.930
---------------------------------------------------------------------------------

Report RTL Partitions: 
+-+--------------+------------+----------+
| |RTL Partition |Replication |Instances |
+-+--------------+------------+----------+
+-+--------------+------------+----------+
No constraint files found.
---------------------------------------------------------------------------------
Start RTL Component Statistics 
---------------------------------------------------------------------------------
Detailed RTL Component Info : 
+---Adders : 
	   2 Input    109 Bit       Adders := 1     
	   2 Input     56 Bit       Adders := 1     
	   3 Input     56 Bit       Adders := 2     
	   2 Input     54 Bit       Adders := 2     
	   2 Input     28 Bit       Adders := 2     
+---Registers : 
	              108 Bit    Registers := 1     
	               48 Bit    Registers := 12    
---------------------------------------------------------------------------------
Finished RTL Component Statistics 
---------------------------------------------------------------------------------
---------------------------------------------------------------------------------
Start RTL Hierarchical Component Statistics 
---------------------------------------------------------------------------------
Hierarchical RTL Component report 
Module multiplier 
Detailed RTL Component Info : 
+---Adders : 
	   2 Input     54 Bit       Adders := 1     
+---Registers : 
	               48 Bit    Registers := 4     
Module adder 
Detailed RTL Component Info : 
+---Adders : 
	   2 Input     28 Bit       Adders := 1     
Module multiplier__parameterized0 
Detailed RTL Component Info : 
+---Adders : 
	   2 Input     56 Bit       Adders := 1     
+---Registers : 
	               48 Bit    Registers := 4     
Module substractor 
Detailed RTL Component Info : 
+---Adders : 
	   3 Input     56 Bit       Adders := 1     
Module adder__parameterized0 
Detailed RTL Component Info : 
+---Adders : 
	   2 Input    109 Bit       Adders := 1     
Module RegisterAdd 
Detailed RTL Component Info : 
+---Registers : 
	              108 Bit    Registers := 1     
---------------------------------------------------------------------------------
Finished RTL Hierarchical Component Statistics
---------------------------------------------------------------------------------
---------------------------------------------------------------------------------
Start Part Resource Summary
---------------------------------------------------------------------------------
Part Resources:
DSPs: 240 (col length:80)
BRAMs: 270 (col length: RAMB18 80 RAMB36 40)
---------------------------------------------------------------------------------
Finished Part Resource Summary
---------------------------------------------------------------------------------
Start Parallel Synthesis Optimization  : Time (s): cpu = 00:00:15 ; elapsed = 00:00:19 . Memory (MB): peak = 471.797 ; gain = 265.090
---------------------------------------------------------------------------------
Start Cross Boundary Optimization
---------------------------------------------------------------------------------
WARNING: [Synth 8-3936] Found unconnected internal register 'genblk1.left/pdt_int_reg' and it is trimmed from '48' to '20' bits. [C:/Users/jsequeira/Documents/Floating-Point-Unit-master/FPU_Add_subt_Mult/RTL/Mult/multiplier.v:33]
WARNING: [Synth 8-3936] Found unconnected internal register 'genblk1.left/pdt_int_reg' and it is trimmed from '48' to '17' bits. [C:/Users/jsequeira/Documents/Floating-Point-Unit-master/FPU_Add_subt_Mult/RTL/Mult/multiplier.v:33]
WARNING: [Synth 8-3936] Found unconnected internal register 'genblk1.left/pdt_int_reg' and it is trimmed from '48' to '37' bits. [C:/Users/jsequeira/Documents/Floating-Point-Unit-master/FPU_Add_subt_Mult/RTL/Mult/multiplier.v:33]
WARNING: [Synth 8-3936] Found unconnected internal register 'genblk1.left/pdt_int_reg' and it is trimmed from '48' to '17' bits. [C:/Users/jsequeira/Documents/Floating-Point-Unit-master/FPU_Add_subt_Mult/RTL/Mult/multiplier.v:33]
WARNING: [Synth 8-3936] Found unconnected internal register 'genblk1.right/pdt_int_reg' and it is trimmed from '48' to '20' bits. [C:/Users/jsequeira/Documents/Floating-Point-Unit-master/FPU_Add_subt_Mult/RTL/Mult/multiplier.v:33]
WARNING: [Synth 8-3936] Found unconnected internal register 'genblk1.right/pdt_int_reg' and it is trimmed from '48' to '17' bits. [C:/Users/jsequeira/Documents/Floating-Point-Unit-master/FPU_Add_subt_Mult/RTL/Mult/multiplier.v:33]
WARNING: [Synth 8-3936] Found unconnected internal register 'genblk1.right/pdt_int_reg' and it is trimmed from '48' to '37' bits. [C:/Users/jsequeira/Documents/Floating-Point-Unit-master/FPU_Add_subt_Mult/RTL/Mult/multiplier.v:33]
WARNING: [Synth 8-3936] Found unconnected internal register 'genblk1.right/pdt_int_reg' and it is trimmed from '48' to '17' bits. [C:/Users/jsequeira/Documents/Floating-Point-Unit-master/FPU_Add_subt_Mult/RTL/Mult/multiplier.v:33]
WARNING: [Synth 8-3936] Found unconnected internal register 'genblk1.middle/pdt_int_reg' and it is trimmed from '48' to '22' bits. [C:/Users/jsequeira/Documents/Floating-Point-Unit-master/FPU_Add_subt_Mult/RTL/Mult/multiplier.v:33]
WARNING: [Synth 8-3936] Found unconnected internal register 'genblk1.middle/pdt_int_reg' and it is trimmed from '48' to '17' bits. [C:/Users/jsequeira/Documents/Floating-Point-Unit-master/FPU_Add_subt_Mult/RTL/Mult/multiplier.v:33]
WARNING: [Synth 8-3936] Found unconnected internal register 'genblk1.middle/pdt_int_reg' and it is trimmed from '48' to '39' bits. [C:/Users/jsequeira/Documents/Floating-Point-Unit-master/FPU_Add_subt_Mult/RTL/Mult/multiplier.v:33]
WARNING: [Synth 8-3936] Found unconnected internal register 'genblk1.middle/pdt_int_reg' and it is trimmed from '48' to '17' bits. [C:/Users/jsequeira/Documents/Floating-Point-Unit-master/FPU_Add_subt_Mult/RTL/Mult/multiplier.v:33]
DSP Report: Generating DSP genblk1.middle/pdt_int0, operation Mode is: A*B.
DSP Report: operator genblk1.middle/pdt_int0 is absorbed into DSP genblk1.middle/pdt_int0.
DSP Report: operator genblk1.middle/pdt_int0 is absorbed into DSP genblk1.middle/pdt_int0.
DSP Report: Generating DSP genblk1.middle/pdt_int_reg, operation Mode is: (PCIN>>17)+A*B.
DSP Report: register genblk1.middle/pdt_int_reg is absorbed into DSP genblk1.middle/pdt_int_reg.
DSP Report: operator genblk1.middle/pdt_int0 is absorbed into DSP genblk1.middle/pdt_int_reg.
DSP Report: operator genblk1.middle/pdt_int0 is absorbed into DSP genblk1.middle/pdt_int_reg.
DSP Report: Generating DSP genblk1.middle/pdt_int0, operation Mode is: A*B.
DSP Report: operator genblk1.middle/pdt_int0 is absorbed into DSP genblk1.middle/pdt_int0.
DSP Report: operator genblk1.middle/pdt_int0 is absorbed into DSP genblk1.middle/pdt_int0.
DSP Report: Generating DSP genblk1.middle/pdt_int_reg, operation Mode is: (PCIN>>17)+A*B.
DSP Report: register genblk1.middle/pdt_int_reg is absorbed into DSP genblk1.middle/pdt_int_reg.
DSP Report: operator genblk1.middle/pdt_int0 is absorbed into DSP genblk1.middle/pdt_int_reg.
DSP Report: operator genblk1.middle/pdt_int0 is absorbed into DSP genblk1.middle/pdt_int_reg.
DSP Report: Generating DSP genblk1.left/pdt_int0, operation Mode is: A*B.
DSP Report: operator genblk1.left/pdt_int0 is absorbed into DSP genblk1.left/pdt_int0.
DSP Report: operator genblk1.left/pdt_int0 is absorbed into DSP genblk1.left/pdt_int0.
DSP Report: Generating DSP genblk1.left/pdt_int_reg, operation Mode is: (PCIN>>17)+A*B.
DSP Report: register genblk1.left/pdt_int_reg is absorbed into DSP genblk1.left/pdt_int_reg.
DSP Report: operator genblk1.left/pdt_int0 is absorbed into DSP genblk1.left/pdt_int_reg.
DSP Report: operator genblk1.left/pdt_int0 is absorbed into DSP genblk1.left/pdt_int_reg.
DSP Report: Generating DSP genblk1.left/pdt_int0, operation Mode is: A*B.
DSP Report: operator genblk1.left/pdt_int0 is absorbed into DSP genblk1.left/pdt_int0.
DSP Report: operator genblk1.left/pdt_int0 is absorbed into DSP genblk1.left/pdt_int0.
DSP Report: Generating DSP genblk1.left/pdt_int_reg, operation Mode is: (PCIN>>17)+A*B.
DSP Report: register genblk1.left/pdt_int_reg is absorbed into DSP genblk1.left/pdt_int_reg.
DSP Report: operator genblk1.left/pdt_int0 is absorbed into DSP genblk1.left/pdt_int_reg.
DSP Report: operator genblk1.left/pdt_int0 is absorbed into DSP genblk1.left/pdt_int_reg.
DSP Report: Generating DSP genblk1.right/pdt_int0, operation Mode is: A*B.
DSP Report: operator genblk1.right/pdt_int0 is absorbed into DSP genblk1.right/pdt_int0.
DSP Report: operator genblk1.right/pdt_int0 is absorbed into DSP genblk1.right/pdt_int0.
DSP Report: Generating DSP genblk1.right/pdt_int_reg, operation Mode is: (PCIN>>17)+A*B.
DSP Report: register genblk1.right/pdt_int_reg is absorbed into DSP genblk1.right/pdt_int_reg.
DSP Report: operator genblk1.right/pdt_int0 is absorbed into DSP genblk1.right/pdt_int_reg.
DSP Report: operator genblk1.right/pdt_int0 is absorbed into DSP genblk1.right/pdt_int_reg.
DSP Report: Generating DSP genblk1.right/pdt_int0, operation Mode is: A*B.
DSP Report: operator genblk1.right/pdt_int0 is absorbed into DSP genblk1.right/pdt_int0.
DSP Report: operator genblk1.right/pdt_int0 is absorbed into DSP genblk1.right/pdt_int0.
DSP Report: Generating DSP genblk1.right/pdt_int_reg, operation Mode is: (PCIN>>17)+A*B.
DSP Report: register genblk1.right/pdt_int_reg is absorbed into DSP genblk1.right/pdt_int_reg.
DSP Report: operator genblk1.right/pdt_int0 is absorbed into DSP genblk1.right/pdt_int_reg.
DSP Report: operator genblk1.right/pdt_int0 is absorbed into DSP genblk1.right/pdt_int_reg.
---------------------------------------------------------------------------------
Finished Cross Boundary Optimization : Time (s): cpu = 00:00:17 ; elapsed = 00:00:20 . Memory (MB): peak = 471.797 ; gain = 265.090
---------------------------------------------------------------------------------
Finished Parallel Reinference  : Time (s): cpu = 00:00:17 ; elapsed = 00:00:20 . Memory (MB): peak = 471.797 ; gain = 265.090

Report RTL Partitions: 
+-+--------------+------------+----------+
| |RTL Partition |Replication |Instances |
+-+--------------+------------+----------+
+-+--------------+------------+----------+
---------------------------------------------------------------------------------
Start ROM, RAM, DSP and Shift Register Reporting
---------------------------------------------------------------------------------

DSP: Preliminary Mapping  Report (see note below)
+------------+----------------+--------+--------+--------+--------+--------+------+------+------+------+-------+------+------+
|Module Name | DSP Mapping    | A Size | B Size | C Size | D Size | P Size | AREG | BREG | CREG | DREG | ADREG | MREG | PREG | 
+------------+----------------+--------+--------+--------+--------+--------+------+------+------+------+-------+------+------+
|multiplier  | A*B            | 18     | 12     | -      | -      | 48     | 0    | 0    | -    | -    | -     | 0    | 0    | 
|multiplier  | (PCIN>>17)+A*B | 12     | 12     | -      | -      | 22     | 0    | 0    | -    | -    | -     | 0    | 1    | 
|multiplier  | A*B            | 18     | 18     | -      | -      | 48     | 0    | 0    | -    | -    | -     | 0    | 0    | 
|multiplier  | (PCIN>>17)+A*B | 18     | 12     | -      | -      | 39     | 0    | 0    | -    | -    | -     | 0    | 1    | 
|multiplier  | A*B            | 18     | 11     | -      | -      | 48     | 0    | 0    | -    | -    | -     | 0    | 0    | 
|multiplier  | (PCIN>>17)+A*B | 11     | 11     | -      | -      | 20     | 0    | 0    | -    | -    | -     | 0    | 1    | 
|multiplier  | A*B            | 18     | 18     | -      | -      | 48     | 0    | 0    | -    | -    | -     | 0    | 0    | 
|multiplier  | (PCIN>>17)+A*B | 18     | 11     | -      | -      | 37     | 0    | 0    | -    | -    | -     | 0    | 1    | 
|multiplier  | A*B            | 18     | 11     | -      | -      | 48     | 0    | 0    | -    | -    | -     | 0    | 0    | 
|multiplier  | (PCIN>>17)+A*B | 11     | 11     | -      | -      | 20     | 0    | 0    | -    | -    | -     | 0    | 1    | 
|multiplier  | A*B            | 18     | 18     | -      | -      | 48     | 0    | 0    | -    | -    | -     | 0    | 0    | 
|multiplier  | (PCIN>>17)+A*B | 18     | 11     | -      | -      | 37     | 0    | 0    | -    | -    | -     | 0    | 1    | 
+------------+----------------+--------+--------+--------+--------+--------+------+------+------+------+-------+------+------+

Note: The table above is a preliminary report that shows the DSPs inferred at the current stage of the synthesis flow. Some DSP may be reimplemented as non DSP primitives later in the synthesis flow. Multiple instantiated DSPs are reported only once.
---------------------------------------------------------------------------------
Finished ROM, RAM, DSP and Shift Register Reporting
---------------------------------------------------------------------------------
No constraint files found.
---------------------------------------------------------------------------------
Start Area Optimization
---------------------------------------------------------------------------------
---------------------------------------------------------------------------------
Finished Area Optimization : Time (s): cpu = 00:00:17 ; elapsed = 00:00:21 . Memory (MB): peak = 482.941 ; gain = 276.234
---------------------------------------------------------------------------------
Finished Parallel Area Optimization  : Time (s): cpu = 00:00:17 ; elapsed = 00:00:21 . Memory (MB): peak = 482.941 ; gain = 276.234

Report RTL Partitions: 
+-+--------------+------------+----------+
| |RTL Partition |Replication |Instances |
+-+--------------+------------+----------+
+-+--------------+------------+----------+
---------------------------------------------------------------------------------
Start Timing Optimization
---------------------------------------------------------------------------------
No constraint files found.
---------------------------------------------------------------------------------
Finished Timing Optimization : Time (s): cpu = 00:00:17 ; elapsed = 00:00:21 . Memory (MB): peak = 482.941 ; gain = 276.234
---------------------------------------------------------------------------------

Report RTL Partitions: 
+-+--------------+------------+----------+
| |RTL Partition |Replication |Instances |
+-+--------------+------------+----------+
+-+--------------+------------+----------+
---------------------------------------------------------------------------------
Start Technology Mapping
---------------------------------------------------------------------------------
---------------------------------------------------------------------------------
Finished Technology Mapping : Time (s): cpu = 00:00:18 ; elapsed = 00:00:21 . Memory (MB): peak = 493.160 ; gain = 286.453
---------------------------------------------------------------------------------
Finished Parallel Technology Mapping Optimization  : Time (s): cpu = 00:00:18 ; elapsed = 00:00:21 . Memory (MB): peak = 493.160 ; gain = 286.453

Report RTL Partitions: 
+-+--------------+------------+----------+
| |RTL Partition |Replication |Instances |
+-+--------------+------------+----------+
+-+--------------+------------+----------+
Finished Parallel Synthesis Optimization  : Time (s): cpu = 00:00:18 ; elapsed = 00:00:21 . Memory (MB): peak = 493.160 ; gain = 286.453
---------------------------------------------------------------------------------
Start IO Insertion
---------------------------------------------------------------------------------
---------------------------------------------------------------------------------
Start Flattening Before IO Insertion
---------------------------------------------------------------------------------
---------------------------------------------------------------------------------
Finished Flattening Before IO Insertion
---------------------------------------------------------------------------------
---------------------------------------------------------------------------------
Start Final Netlist Cleanup
---------------------------------------------------------------------------------
---------------------------------------------------------------------------------
Finished Final Netlist Cleanup
---------------------------------------------------------------------------------
---------------------------------------------------------------------------------
Finished IO Insertion : Time (s): cpu = 00:00:19 ; elapsed = 00:00:22 . Memory (MB): peak = 493.160 ; gain = 286.453
---------------------------------------------------------------------------------

Report Check Netlist: 
+------+------------------+-------+---------+-------+------------------+
|      |Item              |Errors |Warnings |Status |Description       |
+------+------------------+-------+---------+-------+------------------+
|1     |multi_driven_nets |      0|        0|Passed |Multi driven nets |
+------+------------------+-------+---------+-------+------------------+
---------------------------------------------------------------------------------
Start Renaming Generated Instances
---------------------------------------------------------------------------------
---------------------------------------------------------------------------------
Finished Renaming Generated Instances : Time (s): cpu = 00:00:19 ; elapsed = 00:00:22 . Memory (MB): peak = 493.160 ; gain = 286.453
---------------------------------------------------------------------------------

Report RTL Partitions: 
+-+--------------+------------+----------+
| |RTL Partition |Replication |Instances |
+-+--------------+------------+----------+
+-+--------------+------------+----------+
---------------------------------------------------------------------------------
Start Rebuilding User Hierarchy
---------------------------------------------------------------------------------
---------------------------------------------------------------------------------
Finished Rebuilding User Hierarchy : Time (s): cpu = 00:00:19 ; elapsed = 00:00:22 . Memory (MB): peak = 493.160 ; gain = 286.453
---------------------------------------------------------------------------------
---------------------------------------------------------------------------------
Start Renaming Generated Ports
---------------------------------------------------------------------------------
---------------------------------------------------------------------------------
Finished Renaming Generated Ports : Time (s): cpu = 00:00:19 ; elapsed = 00:00:22 . Memory (MB): peak = 493.160 ; gain = 286.453
---------------------------------------------------------------------------------
---------------------------------------------------------------------------------
Start Handling Custom Attributes
---------------------------------------------------------------------------------
---------------------------------------------------------------------------------
Finished Handling Custom Attributes : Time (s): cpu = 00:00:19 ; elapsed = 00:00:22 . Memory (MB): peak = 493.160 ; gain = 286.453
---------------------------------------------------------------------------------
---------------------------------------------------------------------------------
Start Renaming Generated Nets
---------------------------------------------------------------------------------
---------------------------------------------------------------------------------
Finished Renaming Generated Nets : Time (s): cpu = 00:00:19 ; elapsed = 00:00:22 . Memory (MB): peak = 493.160 ; gain = 286.453
---------------------------------------------------------------------------------
---------------------------------------------------------------------------------
Start Writing Synthesis Report
---------------------------------------------------------------------------------

Report BlackBoxes: 
+-+--------------+----------+
| |BlackBox name |Instances |
+-+--------------+----------+
+-+--------------+----------+

Report Cell Usage: 
+------+--------+------+
|      |Cell    |Count |
+------+--------+------+
|1     |BUFG    |     1|
|2     |CARRY4  |    93|
|3     |DSP48E1 |    12|
|4     |LUT1    |    33|
|5     |LUT2    |   331|
|6     |FDCE    |   108|
|7     |FDRE    |   102|
|8     |IBUF    |   111|
|9     |OBUF    |   108|
+------+--------+------+

Report Instance Areas: 
+------+------------------------+---------------------------+------+
|      |Instance                |Module                     |Cells |
+------+------------------------+---------------------------+------+
|1     |top                     |                           |   899|
|2     |  \genblk1.Final        |adder__parameterized0      |    56|
|3     |  \genblk1.A_operation  |adder                      |    34|
|4     |  \genblk1.B_operation  |adder_0                    |    34|
|5     |  \genblk1.Subtr_2      |substractor                |   134|
|6     |  \genblk1.finalreg     |RegisterAdd                |   108|
|7     |  \genblk1.left         |multiplier                 |   125|
|8     |  \genblk1.middle       |multiplier__parameterized0 |    94|
|9     |  \genblk1.right        |multiplier_1               |    94|
+------+------------------------+---------------------------+------+
---------------------------------------------------------------------------------
Finished Writing Synthesis Report : Time (s): cpu = 00:00:19 ; elapsed = 00:00:22 . Memory (MB): peak = 493.160 ; gain = 286.453
---------------------------------------------------------------------------------
Synthesis finished with 0 errors, 0 critical warnings and 13 warnings.
Synthesis Optimization Runtime : Time (s): cpu = 00:00:14 ; elapsed = 00:00:15 . Memory (MB): peak = 493.160 ; gain = 266.387
Synthesis Optimization Complete : Time (s): cpu = 00:00:19 ; elapsed = 00:00:22 . Memory (MB): peak = 493.160 ; gain = 286.453
INFO: [Project 1-571] Translating synthesized netlist
INFO: [Netlist 29-17] Analyzing 216 Unisim elements for replacement
INFO: [Netlist 29-28] Unisim Transformation completed in 0 CPU seconds
INFO: [Project 1-570] Preparing netlist for logic optimization
INFO: [Opt 31-138] Pushed 0 inverter(s) to 0 load pin(s).
INFO: [Project 1-111] Unisim Transformation Summary:
No Unisim elements were transformed.

INFO: [Common 17-83] Releasing license: Synthesis
23 Infos, 13 Warnings, 0 Critical Warnings and 0 Errors encountered.
synth_design completed successfully
synth_design: Time (s): cpu = 00:00:18 ; elapsed = 00:00:20 . Memory (MB): peak = 557.723 ; gain = 333.375
report_utilization: Time (s): cpu = 00:00:00 ; elapsed = 00:00:00.034 . Memory (MB): peak = 557.723 ; gain = 0.000
INFO: [Common 17-206] Exiting Vivado at Thu Sep 01 18:10:01 2016...
