INFO: [VRFC 10-2263] Analyzing Verilog file "C:/Users/jsequeira/Proyectos/Add_Sub/Add_Sub_FPGA_Viv/Dry_runs.sim/sim_1/synth/timing/Testbench_FPU_Add_Subt_time_synth.v" into library xil_defaultlib
INFO: [VRFC 10-311] analyzing module Add_Subt
INFO: [VRFC 10-311] analyzing module Barrel_Shifter
INFO: [VRFC 10-311] analyzing module Comparator
INFO: [VRFC 10-311] analyzing module Comparator_Less
INFO: [VRFC 10-311] analyzing module Comparators
INFO: [VRFC 10-311] analyzing module Exp_Operation
INFO: [VRFC 10-311] analyzing module FPU_Add_Subtract_Function
INFO: [VRFC 10-311] analyzing module FSM_Add_Subtract
INFO: [VRFC 10-311] analyzing module Greater_Comparator
INFO: [VRFC 10-311] analyzing module LZD
INFO: [VRFC 10-311] analyzing module MultiplexTxT
INFO: [VRFC 10-311] analyzing module Multiplexer_AC
INFO: [VRFC 10-311] analyzing module Multiplexer_AC__1
INFO: [VRFC 10-311] analyzing module Multiplexer_AC__parameterized0
INFO: [VRFC 10-311] analyzing module Multiplexer_AC__parameterized1
INFO: [VRFC 10-311] analyzing module Multiplexer_AC__parameterized10
INFO: [VRFC 10-311] analyzing module Multiplexer_AC__parameterized100
INFO: [VRFC 10-311] analyzing module Multiplexer_AC__parameterized101
INFO: [VRFC 10-311] analyzing module Multiplexer_AC__parameterized102
INFO: [VRFC 10-311] analyzing module Multiplexer_AC__parameterized103
INFO: [VRFC 10-311] analyzing module Multiplexer_AC__parameterized104
INFO: [VRFC 10-311] analyzing module Multiplexer_AC__parameterized105
INFO: [VRFC 10-311] analyzing module Multiplexer_AC__parameterized106
INFO: [VRFC 10-311] analyzing module Multiplexer_AC__parameterized107
INFO: [VRFC 10-311] analyzing module Multiplexer_AC__parameterized108
INFO: [VRFC 10-311] analyzing module Multiplexer_AC__parameterized109
INFO: [VRFC 10-311] analyzing module Multiplexer_AC__parameterized11
INFO: [VRFC 10-311] analyzing module Multiplexer_AC__parameterized110
INFO: [VRFC 10-311] analyzing module Multiplexer_AC__parameterized111
INFO: [VRFC 10-311] analyzing module Multiplexer_AC__parameterized112
INFO: [VRFC 10-311] analyzing module Multiplexer_AC__parameterized113
INFO: [VRFC 10-311] analyzing module Multiplexer_AC__parameterized114
INFO: [VRFC 10-311] analyzing module Multiplexer_AC__parameterized115
INFO: [VRFC 10-311] analyzing module Multiplexer_AC__parameterized116
INFO: [VRFC 10-311] analyzing module Multiplexer_AC__parameterized117
INFO: [VRFC 10-311] analyzing module Multiplexer_AC__parameterized118
INFO: [VRFC 10-311] analyzing module Multiplexer_AC__parameterized119
INFO: [VRFC 10-311] analyzing module Multiplexer_AC__parameterized12
INFO: [VRFC 10-311] analyzing module Multiplexer_AC__parameterized120
INFO: [VRFC 10-311] analyzing module Multiplexer_AC__parameterized121
INFO: [VRFC 10-311] analyzing module Multiplexer_AC__parameterized122
INFO: [VRFC 10-311] analyzing module Multiplexer_AC__parameterized123
INFO: [VRFC 10-311] analyzing module Multiplexer_AC__parameterized124
INFO: [VRFC 10-311] analyzing module Multiplexer_AC__parameterized125
INFO: [VRFC 10-311] analyzing module Multiplexer_AC__parameterized126
INFO: [VRFC 10-311] analyzing module Multiplexer_AC__parameterized127
INFO: [VRFC 10-311] analyzing module Multiplexer_AC__parameterized128
INFO: [VRFC 10-311] analyzing module Multiplexer_AC__parameterized129
INFO: [VRFC 10-311] analyzing module Multiplexer_AC__parameterized13
INFO: [VRFC 10-311] analyzing module Multiplexer_AC__parameterized130
INFO: [VRFC 10-311] analyzing module Multiplexer_AC__parameterized131
INFO: [VRFC 10-311] analyzing module Multiplexer_AC__parameterized131__1
INFO: [VRFC 10-311] analyzing module Multiplexer_AC__parameterized132
INFO: [VRFC 10-311] analyzing module Multiplexer_AC__parameterized132__1
INFO: [VRFC 10-311] analyzing module Multiplexer_AC__parameterized133
INFO: [VRFC 10-311] analyzing module Multiplexer_AC__parameterized133__1
INFO: [VRFC 10-311] analyzing module Multiplexer_AC__parameterized134
INFO: [VRFC 10-311] analyzing module Multiplexer_AC__parameterized134__1
INFO: [VRFC 10-311] analyzing module Multiplexer_AC__parameterized135
INFO: [VRFC 10-311] analyzing module Multiplexer_AC__parameterized135__1
INFO: [VRFC 10-311] analyzing module Multiplexer_AC__parameterized136
INFO: [VRFC 10-311] analyzing module Multiplexer_AC__parameterized136__1
INFO: [VRFC 10-311] analyzing module Multiplexer_AC__parameterized137
INFO: [VRFC 10-311] analyzing module Multiplexer_AC__parameterized137__1
INFO: [VRFC 10-311] analyzing module Multiplexer_AC__parameterized138
INFO: [VRFC 10-311] analyzing module Multiplexer_AC__parameterized138__1
INFO: [VRFC 10-311] analyzing module Multiplexer_AC__parameterized139
INFO: [VRFC 10-311] analyzing module Multiplexer_AC__parameterized139__1
INFO: [VRFC 10-311] analyzing module Multiplexer_AC__parameterized14
INFO: [VRFC 10-311] analyzing module Multiplexer_AC__parameterized140
INFO: [VRFC 10-311] analyzing module Multiplexer_AC__parameterized140__1
INFO: [VRFC 10-311] analyzing module Multiplexer_AC__parameterized141
INFO: [VRFC 10-311] analyzing module Multiplexer_AC__parameterized141__1
INFO: [VRFC 10-311] analyzing module Multiplexer_AC__parameterized142
INFO: [VRFC 10-311] analyzing module Multiplexer_AC__parameterized142__1
INFO: [VRFC 10-311] analyzing module Multiplexer_AC__parameterized143
INFO: [VRFC 10-311] analyzing module Multiplexer_AC__parameterized143__1
INFO: [VRFC 10-311] analyzing module Multiplexer_AC__parameterized144
INFO: [VRFC 10-311] analyzing module Multiplexer_AC__parameterized144__1
INFO: [VRFC 10-311] analyzing module Multiplexer_AC__parameterized145
INFO: [VRFC 10-311] analyzing module Multiplexer_AC__parameterized145__1
INFO: [VRFC 10-311] analyzing module Multiplexer_AC__parameterized146
INFO: [VRFC 10-311] analyzing module Multiplexer_AC__parameterized146__1
INFO: [VRFC 10-311] analyzing module Multiplexer_AC__parameterized147
INFO: [VRFC 10-311] analyzing module Multiplexer_AC__parameterized147__1
INFO: [VRFC 10-311] analyzing module Multiplexer_AC__parameterized148
INFO: [VRFC 10-311] analyzing module Multiplexer_AC__parameterized148__1
INFO: [VRFC 10-311] analyzing module Multiplexer_AC__parameterized149
INFO: [VRFC 10-311] analyzing module Multiplexer_AC__parameterized149__1
INFO: [VRFC 10-311] analyzing module Multiplexer_AC__parameterized15
INFO: [VRFC 10-311] analyzing module Multiplexer_AC__parameterized150
INFO: [VRFC 10-311] analyzing module Multiplexer_AC__parameterized150__1
INFO: [VRFC 10-311] analyzing module Multiplexer_AC__parameterized151
INFO: [VRFC 10-311] analyzing module Multiplexer_AC__parameterized151__1
INFO: [VRFC 10-311] analyzing module Multiplexer_AC__parameterized152
INFO: [VRFC 10-311] analyzing module Multiplexer_AC__parameterized152__1
INFO: [VRFC 10-311] analyzing module Multiplexer_AC__parameterized153
INFO: [VRFC 10-311] analyzing module Multiplexer_AC__parameterized153__1
INFO: [VRFC 10-311] analyzing module Multiplexer_AC__parameterized154
INFO: [VRFC 10-311] analyzing module Multiplexer_AC__parameterized154__1
INFO: [VRFC 10-311] analyzing module Multiplexer_AC__parameterized155
INFO: [VRFC 10-311] analyzing module Multiplexer_AC__parameterized155__1
INFO: [VRFC 10-311] analyzing module Multiplexer_AC__parameterized156
INFO: [VRFC 10-311] analyzing module Multiplexer_AC__parameterized156__1
INFO: [VRFC 10-311] analyzing module Multiplexer_AC__parameterized157
INFO: [VRFC 10-311] analyzing module Multiplexer_AC__parameterized158
INFO: [VRFC 10-311] analyzing module Multiplexer_AC__parameterized159
INFO: [VRFC 10-311] analyzing module Multiplexer_AC__parameterized16
INFO: [VRFC 10-311] analyzing module Multiplexer_AC__parameterized160
INFO: [VRFC 10-311] analyzing module Multiplexer_AC__parameterized17
INFO: [VRFC 10-311] analyzing module Multiplexer_AC__parameterized18
INFO: [VRFC 10-311] analyzing module Multiplexer_AC__parameterized19
INFO: [VRFC 10-311] analyzing module Multiplexer_AC__parameterized2
INFO: [VRFC 10-311] analyzing module Multiplexer_AC__parameterized20
INFO: [VRFC 10-311] analyzing module Multiplexer_AC__parameterized21
INFO: [VRFC 10-311] analyzing module Multiplexer_AC__parameterized22
INFO: [VRFC 10-311] analyzing module Multiplexer_AC__parameterized23
INFO: [VRFC 10-311] analyzing module Multiplexer_AC__parameterized24
INFO: [VRFC 10-311] analyzing module Multiplexer_AC__parameterized25
INFO: [VRFC 10-311] analyzing module Multiplexer_AC__parameterized26
INFO: [VRFC 10-311] analyzing module Multiplexer_AC__parameterized27
INFO: [VRFC 10-311] analyzing module Multiplexer_AC__parameterized28
INFO: [VRFC 10-311] analyzing module Multiplexer_AC__parameterized29
INFO: [VRFC 10-311] analyzing module Multiplexer_AC__parameterized3
INFO: [VRFC 10-311] analyzing module Multiplexer_AC__parameterized30
INFO: [VRFC 10-311] analyzing module Multiplexer_AC__parameterized31
INFO: [VRFC 10-311] analyzing module Multiplexer_AC__parameterized32
INFO: [VRFC 10-311] analyzing module Multiplexer_AC__parameterized33
INFO: [VRFC 10-311] analyzing module Multiplexer_AC__parameterized34
INFO: [VRFC 10-311] analyzing module Multiplexer_AC__parameterized35
INFO: [VRFC 10-311] analyzing module Multiplexer_AC__parameterized36
INFO: [VRFC 10-311] analyzing module Multiplexer_AC__parameterized37
INFO: [VRFC 10-311] analyzing module Multiplexer_AC__parameterized38
INFO: [VRFC 10-311] analyzing module Multiplexer_AC__parameterized39
INFO: [VRFC 10-311] analyzing module Multiplexer_AC__parameterized4
INFO: [VRFC 10-311] analyzing module Multiplexer_AC__parameterized40
INFO: [VRFC 10-311] analyzing module Multiplexer_AC__parameterized41
INFO: [VRFC 10-311] analyzing module Multiplexer_AC__parameterized42
INFO: [VRFC 10-311] analyzing module Multiplexer_AC__parameterized43
INFO: [VRFC 10-311] analyzing module Multiplexer_AC__parameterized44
INFO: [VRFC 10-311] analyzing module Multiplexer_AC__parameterized45
INFO: [VRFC 10-311] analyzing module Multiplexer_AC__parameterized46
INFO: [VRFC 10-311] analyzing module Multiplexer_AC__parameterized47
INFO: [VRFC 10-311] analyzing module Multiplexer_AC__parameterized48
INFO: [VRFC 10-311] analyzing module Multiplexer_AC__parameterized49
INFO: [VRFC 10-311] analyzing module Multiplexer_AC__parameterized5
INFO: [VRFC 10-311] analyzing module Multiplexer_AC__parameterized50
INFO: [VRFC 10-311] analyzing module Multiplexer_AC__parameterized51
INFO: [VRFC 10-311] analyzing module Multiplexer_AC__parameterized52
INFO: [VRFC 10-311] analyzing module Multiplexer_AC__parameterized53
INFO: [VRFC 10-311] analyzing module Multiplexer_AC__parameterized54
INFO: [VRFC 10-311] analyzing module Multiplexer_AC__parameterized55
INFO: [VRFC 10-311] analyzing module Multiplexer_AC__parameterized56
INFO: [VRFC 10-311] analyzing module Multiplexer_AC__parameterized57
INFO: [VRFC 10-311] analyzing module Multiplexer_AC__parameterized58
INFO: [VRFC 10-311] analyzing module Multiplexer_AC__parameterized59
INFO: [VRFC 10-311] analyzing module Multiplexer_AC__parameterized6
INFO: [VRFC 10-311] analyzing module Multiplexer_AC__parameterized60
INFO: [VRFC 10-311] analyzing module Multiplexer_AC__parameterized61
INFO: [VRFC 10-311] analyzing module Multiplexer_AC__parameterized62
INFO: [VRFC 10-311] analyzing module Multiplexer_AC__parameterized63
INFO: [VRFC 10-311] analyzing module Multiplexer_AC__parameterized64
INFO: [VRFC 10-311] analyzing module Multiplexer_AC__parameterized65
INFO: [VRFC 10-311] analyzing module Multiplexer_AC__parameterized66
INFO: [VRFC 10-311] analyzing module Multiplexer_AC__parameterized67
INFO: [VRFC 10-311] analyzing module Multiplexer_AC__parameterized68
INFO: [VRFC 10-311] analyzing module Multiplexer_AC__parameterized69
INFO: [VRFC 10-311] analyzing module Multiplexer_AC__parameterized7
INFO: [VRFC 10-311] analyzing module Multiplexer_AC__parameterized70
INFO: [VRFC 10-311] analyzing module Multiplexer_AC__parameterized71
INFO: [VRFC 10-311] analyzing module Multiplexer_AC__parameterized72
INFO: [VRFC 10-311] analyzing module Multiplexer_AC__parameterized73
INFO: [VRFC 10-311] analyzing module Multiplexer_AC__parameterized74
INFO: [VRFC 10-311] analyzing module Multiplexer_AC__parameterized75
INFO: [VRFC 10-311] analyzing module Multiplexer_AC__parameterized76
INFO: [VRFC 10-311] analyzing module Multiplexer_AC__parameterized77
INFO: [VRFC 10-311] analyzing module Multiplexer_AC__parameterized78
INFO: [VRFC 10-311] analyzing module Multiplexer_AC__parameterized79
INFO: [VRFC 10-311] analyzing module Multiplexer_AC__parameterized8
INFO: [VRFC 10-311] analyzing module Multiplexer_AC__parameterized80
INFO: [VRFC 10-311] analyzing module Multiplexer_AC__parameterized81
INFO: [VRFC 10-311] analyzing module Multiplexer_AC__parameterized82
INFO: [VRFC 10-311] analyzing module Multiplexer_AC__parameterized83
INFO: [VRFC 10-311] analyzing module Multiplexer_AC__parameterized84
INFO: [VRFC 10-311] analyzing module Multiplexer_AC__parameterized85
INFO: [VRFC 10-311] analyzing module Multiplexer_AC__parameterized86
INFO: [VRFC 10-311] analyzing module Multiplexer_AC__parameterized87
INFO: [VRFC 10-311] analyzing module Multiplexer_AC__parameterized88
INFO: [VRFC 10-311] analyzing module Multiplexer_AC__parameterized89
INFO: [VRFC 10-311] analyzing module Multiplexer_AC__parameterized9
INFO: [VRFC 10-311] analyzing module Multiplexer_AC__parameterized90
INFO: [VRFC 10-311] analyzing module Multiplexer_AC__parameterized91
INFO: [VRFC 10-311] analyzing module Multiplexer_AC__parameterized92
INFO: [VRFC 10-311] analyzing module Multiplexer_AC__parameterized93
INFO: [VRFC 10-311] analyzing module Multiplexer_AC__parameterized94
INFO: [VRFC 10-311] analyzing module Multiplexer_AC__parameterized95
INFO: [VRFC 10-311] analyzing module Multiplexer_AC__parameterized96
INFO: [VRFC 10-311] analyzing module Multiplexer_AC__parameterized97
INFO: [VRFC 10-311] analyzing module Multiplexer_AC__parameterized98
INFO: [VRFC 10-311] analyzing module Multiplexer_AC__parameterized99
INFO: [VRFC 10-311] analyzing module Mux_3x1
INFO: [VRFC 10-311] analyzing module Mux_3x1__parameterized0
INFO: [VRFC 10-311] analyzing module Mux_3x1__parameterized1
INFO: [VRFC 10-311] analyzing module Mux_Array
INFO: [VRFC 10-311] analyzing module Oper_Start_In
INFO: [VRFC 10-311] analyzing module Priority_Codec_32
INFO: [VRFC 10-311] analyzing module RegisterAdd
INFO: [VRFC 10-311] analyzing module RegisterAdd__1
INFO: [VRFC 10-311] analyzing module RegisterAdd__2
INFO: [VRFC 10-311] analyzing module RegisterAdd__3
INFO: [VRFC 10-311] analyzing module RegisterAdd__4
INFO: [VRFC 10-311] analyzing module RegisterAdd__5
INFO: [VRFC 10-311] analyzing module RegisterAdd__6
INFO: [VRFC 10-311] analyzing module RegisterAdd__7
INFO: [VRFC 10-311] analyzing module RegisterAdd__parameterized0
INFO: [VRFC 10-311] analyzing module RegisterAdd__parameterized1
INFO: [VRFC 10-311] analyzing module RegisterAdd__parameterized10
INFO: [VRFC 10-311] analyzing module RegisterAdd__parameterized2
INFO: [VRFC 10-311] analyzing module RegisterAdd__parameterized3
INFO: [VRFC 10-311] analyzing module RegisterAdd__parameterized4
INFO: [VRFC 10-311] analyzing module RegisterAdd__parameterized5
INFO: [VRFC 10-311] analyzing module RegisterAdd__parameterized6
INFO: [VRFC 10-311] analyzing module RegisterAdd__parameterized7
INFO: [VRFC 10-311] analyzing module RegisterAdd__parameterized8
INFO: [VRFC 10-311] analyzing module RegisterAdd__parameterized9
INFO: [VRFC 10-311] analyzing module Rotate_Mux_Array
INFO: [VRFC 10-311] analyzing module Rotate_Mux_Array__1
INFO: [VRFC 10-311] analyzing module Round_Sgf_Dec
INFO: [VRFC 10-311] analyzing module Tenth_Phase
INFO: [VRFC 10-311] analyzing module add_sub_carry_out
INFO: [VRFC 10-311] analyzing module add_sub_carry_out__parameterized0
INFO: [VRFC 10-311] analyzing module sgn_result
INFO: [VRFC 10-311] analyzing module shift_mux_array
INFO: [VRFC 10-311] analyzing module shift_mux_array__parameterized0
INFO: [VRFC 10-311] analyzing module shift_mux_array__parameterized1
INFO: [VRFC 10-311] analyzing module shift_mux_array__parameterized2
INFO: [VRFC 10-311] analyzing module shift_mux_array__parameterized3
INFO: [VRFC 10-311] analyzing module xor_tri
INFO: [VRFC 10-311] analyzing module glbl
INFO: [VRFC 10-2263] Analyzing Verilog file "C:/Users/jsequeira/Proyectos/Karat/source/sim/Testbench_FPU_Add_Subt.v" into library xil_defaultlib
INFO: [VRFC 10-311] analyzing module Testbench_FPU_Add_Subt
