#-----------------------------------------------------------
# Vivado v2016.2 (64-bit)
# SW Build 1577090 on Thu Jun  2 16:32:40 MDT 2016
# IP Build 1577682 on Fri Jun  3 12:00:54 MDT 2016
# Start of session at: Thu Sep 08 19:40:24 2016
# Process ID: 57072
# Current directory: C:/Users/jsequeira/Proyectos/Add_Sub/Add_Sub_FPGA_Viv
# Command line: vivado.exe -gui_launcher_event rodinguilauncherevent44432 C:\Users\jsequeira\Proyectos\Add_Sub\Add_Sub_FPGA_Viv\Dry_runs.xpr
# Log file: C:/Users/jsequeira/Proyectos/Add_Sub/Add_Sub_FPGA_Viv/vivado.log
# Journal file: C:/Users/jsequeira/Proyectos/Add_Sub/Add_Sub_FPGA_Viv\vivado.jou
#-----------------------------------------------------------
start_gui
open_project C:/Users/jsequeira/Proyectos/Add_Sub/Add_Sub_FPGA_Viv/Dry_runs.xpr
Scanning sources...
Finished scanning sources
INFO: [IP_Flow 19-234] Refreshing IP repositories
INFO: [IP_Flow 19-1704] No user IP repositories specified
INFO: [IP_Flow 19-2313] Loaded Vivado IP repository 'C:/Xilinx/Vivado/2016.2/data/ip'.
open_project: Time (s): cpu = 00:00:17 ; elapsed = 00:00:06 . Memory (MB): peak = 807.043 ; gain = 149.664
update_compile_order -fileset sources_1
exit
INFO: [Common 17-206] Exiting Vivado at Fri Sep 09 09:06:24 2016...
