#-----------------------------------------------------------
# Vivado v2016.2 (64-bit)
# SW Build 1577090 on Thu Jun  2 16:32:40 MDT 2016
# IP Build 1577682 on Fri Jun  3 12:00:54 MDT 2016
# Start of session at: Thu Sep 15 20:02:09 2016
# Process ID: 65056
# Current directory: C:/Users/jsequeira/Proyectos/Karat/Karat_FPGA_Viv
# Command line: vivado.exe -gui_launcher_event rodinguilauncherevent45316 C:\Users\jsequeira\Proyectos\Karat\Karat_FPGA_Viv\Kat_FPGA.xpr
# Log file: C:/Users/jsequeira/Proyectos/Karat/Karat_FPGA_Viv/vivado.log
# Journal file: C:/Users/jsequeira/Proyectos/Karat/Karat_FPGA_Viv\vivado.jou
#-----------------------------------------------------------
start_gui
open_project C:/Users/jsequeira/Proyectos/Karat/Karat_FPGA_Viv/Kat_FPGA.xpr
Scanning sources...
Finished scanning sources
INFO: [IP_Flow 19-234] Refreshing IP repositories
INFO: [IP_Flow 19-1704] No user IP repositories specified
INFO: [IP_Flow 19-2313] Loaded Vivado IP repository 'C:/Xilinx/Vivado/2016.2/data/ip'.
open_project: Time (s): cpu = 00:00:15 ; elapsed = 00:00:07 . Memory (MB): peak = 792.988 ; gain = 149.871
update_compile_order -fileset sources_1
open_project C:/Users/jsequeira/Documents/Floating-Point-Unit-master/Coprocesador_CORDIC_RTL/CORDIC_Jef/CORDIC_Jef.xpr
INFO: [ProjectBase 1-489] The host OS only allows 260 characters in a normal path. The project is stored in a path with more than 80 characters. If you experience issues with IP, Block Designs, or files not being found, please consider moving the project to a location with a shorter path. Alternately consider using the OS subst command to map part of the path to a drive letter.
Current project path is 'C:/Users/jsequeira/Documents/Floating-Point-Unit-master/Coprocesador_CORDIC_RTL/CORDIC_Jef'
Scanning sources...
Finished scanning sources
INFO: [IP_Flow 19-234] Refreshing IP repositories
INFO: [IP_Flow 19-1704] No user IP repositories specified
INFO: [IP_Flow 19-2313] Loaded Vivado IP repository 'C:/Xilinx/Vivado/2016.2/data/ip'.
open_project: Time (s): cpu = 00:00:09 ; elapsed = 00:00:05 . Memory (MB): peak = 821.164 ; gain = 0.000
update_compile_order -fileset sources_1
