//         $display("This is the bit analized %d", k);
//         $display("This is the bit analized %d", ADD_SUB_RAW[k]);
//         $display("Number of 0s %d", LZD_raw);
      // $display ("%g CPU Write task with address : %h Data : %h",
      // $display ("%g  -> Driving CE, WR, WR data and ADDRESS on to bus",
      $display("===============INIT STAGE: input signals============");
      $display("---------First Operator------------");
      $display("Mantissa = %23h, Exponent = %8h, sign = %d", Mantissa1_SW, Exponent1_EW, Sign1);
      $display("Mantissa = %b, Exponent = %b, sign = %b", Mantissa1_SW, Exponent1_EW, Sign1);
      $display("--------Second Operator------------");
      $display("Mantissa = %23h, Exponent = %8h, sign = %d", Mantissa2_SW, Exponent2_EW, Sign2);
      $display("Mantissa = %b, Exponent = %b, sign = %b", Mantissa2_SW, Exponent2_EW, Sign2);
      $display("======================== ^ ===================");
      $display("======================== ^ ===================");
      $display("======================== ^ ===================");
      $display("======================== ^ ===================");
      $display("===============INIT STAGE: output signals============");
      $display("--------------------FLAGS------------------");
      $display("Sign = %d, real_op = %d", real_sign, real_op);
      $display("--------Big Number------------");
      $display("Mantissa_M_SW = %23h, Exponent_M_EW = %8h", Mantissa_M_SW, Exponent_M_EW);
      $display("Mantissa_M_SW = %b, Exponent_M_EW = %b", Mantissa_M_SW, Exponent_M_EW);
      $display("--------Small Number------------");
      $display("Mantissa_m_SW = %23h, Exponent_m_EW = %8h", Mantissa_m_SW, Exponent_m_EW);
      $display("Mantissa_m_SW = %b, Exponent_m_EW = %b", Mantissa_m_SW, Exponent_m_EW);
      $display("======================== ^ ===================");
      $display("======================== ^ ===================");
      $display("======================== ^ ===================");
      $display("======================== ^ ===================");
      $display("===============EXP STAGE============");
      $display("--------------------FLAGS------------------");
      $display("Sign = %d, real_op = %d", real_sign, real_op);
      $display("--------Big Number------------");
      $display("Mantissa_M_SW = %23h, Exponent_M_EW = %8h", Mantissa_M_SW, Exponent_M_EW);
      $display("Mantissa_M_SW = %b, Exponent_M_EW = %b", Mantissa_M_SW, Exponent_M_EW);
      $display("--------Small Number------------");
      $display("Mantissa_m_SW = %23h", Mantissa_m_SW);
      $display("Mantissa_m_SW = %b", Mantissa_m_SW);
      $display("--------OPERATION RESULT------------");
      $display("Exponent_diff_EW = Exp M - Exp m = %8h", Exponent_diff_EW);
      $display("Exponent_diff_EW = Exp M - Exp m = %b", Exponent_diff_EW);
      $display("===============EXP STAGE============");
      $display("======================== ^ ===================");
      $display("======================== ^ ===================");
      $display("======================== ^ ===================");
      $display("======================== ^ ===================");
      $display("===================SHT1 STAGE================");
      $display("--------------------FLAGS------------------");
      $display("--------Sign = %d, real_op = %d ----------------", real_sign, real_op);
      $display("--------Big Number------------------------------------");
      $display("--------------Mantissa_M_SW = %23h, Exponent_M_EW = %8h--------", Mantissa_M_SW, Exponent_M_EW);
      $display("--------------Mantissa_M_SW = %b, Exponent_M_EW = %b--------", Mantissa_M_SW, Exponent_M_EW);
      $display("--------------Small Number--------------------");
      $display("--------Mantissa_m_SW hex = %23h--------", Mantissa_m_SW);
      $display("--------Mantissa_m_SW bin = %b----------", Mantissa_m_SW);
      $display("--------------------OPERATION RESULT--------------------");
      $display("--------Shifted mantissa result hex = %26h-------", Mantissa_m_SWR);
      $display("--------Shifted mantissa result bin = %b-------", Mantissa_m_SWR);
      $display("===========------========SHT1 STAGE===-------=============");
      $display("======================== ^ ===================");
      $display("======================== ^ ===================");
      $display("======================== ^ ===================");
      $display("======================== ^ ===================");
      $display("===================SHT2 STAGE================");
      $display("--------------------FLAGS------------------");
      $display("Sign = %d, real_op = %d", real_sign, real_op);
      $display("--------Big Number------------");
      $display("Mantissa_M_SW = %23h, Exponent_M_EW = %8h", Mantissa_M_SW, Exponent_M_EW);
      $display("Mantissa_M_SW = %b, Exponent_M_EW = %b", Mantissa_M_SW, Exponent_M_EW);
      $display("--------OPERATION RESULT------------");
      $display("Shifted Mantissa_m_SWR = %26h", Mantissa_m_SWR);
      $display("Shifted Mantissa_m_SWR = %b", Mantissa_m_SWR);
      $display("===================SHT2 STAGE================");
        $display("Se restan las mantisas");
        $display("Se suman las mantisas");
      $display("======================== ^ ===================");
      $display("======================== ^ ===================");
      $display("======================== ^ ===================");
      $display("======================== ^ ===================");
      $display("===================SGF STAGE================");
      $display("--------------------FLAGS------------------");
      $display("add_overflw = %d, Sign = %d", add_overflow, real_sign);
      $display("--------Big Number------------");
      $display("Mantissa_M_SW = %26h, Exponent_M_EW = %8h", Mantissa_M_SW, Exponent_M_EW);
      $display("Mantissa_M_SW = %b, Exponent_M_EW = %b", Mantissa_M_SW, Exponent_M_EW);
      $display("Mantissa_M_SW = %26d, Exponent_M_EW = %8d", Mantissa_M_SW, Exponent_M_EW);
      $display("Mantissa_M_SWR = %26h, Exponent_M_EW = %8h", Mantissa_M_SWR, Exponent_M_EW);
      $display("Mantissa_M_SWR = %b, Exponent_M_EW = %b", Mantissa_M_SWR, Exponent_M_EW);
      $display("Mantissa_M_SWR = %26d, Exponent_M_EW = %8d", Mantissa_M_SWR, Exponent_M_EW);
      $display("--------Small Number------------");
      $display("Mantissa hex = %26h",Mantissa_m_SWR);
      $display("Mantissa bin = %b",Mantissa_m_SWR);
      $display("Mantissa bin = %26d",Mantissa_m_SWR);
      $display("--------OPERATION RESULT------------");
      $display("Mantissa operation result = %26h", raw_Mantissa_SWR);
      $display("Mantissa operation result = %b", raw_Mantissa_SWR);
      $display("Mantissa operation result = %26d", raw_Mantissa_SWR);
      $display("===================SGF STAGE================");
      $display("Mantissa operation result = %h, Mantissa result bin = %b", raw_Mantissa_SWR, raw_Mantissa_SWR);
      $display("dentro del loop %d, ", raw_Mantissa_SWR[k]);
        $display("dentro del loop");
      $display("======================== ^ ===================");
      $display("======================== ^ ===================");
      $display("======================== ^ ===================");
      $display("======================== ^ ===================");
      $display("=================== NRM STAGE ================");
      $display("--------------------FLAGS------------------");
      $display("add_overflw = %d, Sign = %d", add_overflow, real_sign);
      $display("--------Big Number------------");
      $display("Mantisa hex SW  = %23h ", Mantissa_M_SW);
      $display("Mantisa hex SW  = %b", Mantissa_M_SW);
      $display("Mantisa hex SWR = %26h", Mantissa_M_SWR);
      $display("Mantisa hex SWR = %b", Mantissa_M_SWR);
      $display("Exponent = %h", Exponent_M_EW);
      $display("--------OPERATION RESULT------------");
      $display("Mantissa operation result = %26h", raw_Mantissa_SWR);
      $display("Mantissa operation result = %h", raw_Mantissa_SWR);
      $display("Mantissa operation result = %26d", raw_Mantissa_SWR);
      $display("LZD result hex = %h, LZD result hex = %b", LZD_raw_val_EWR, LZD_raw_val_EWR);
      $display("=================== NRM STAGE ================");
      $display("=================== SH1NRM STAGE ================");
      $display("--------------------FLAGS------------------");
      $display("add_overflw = %d, sign = %d", add_overflow, real_sign);
      $display("--------Big Number------------");
      $display("Exponent = %8h", Exponent_M_EW);
      $display("Exponent = %b", Exponent_M_EW);
      $display("Exponent = %8d", Exponent_M_EW);
      $display("--------OPERATION RESULT------------");
      $display("Normalized mantissa (shifted) = %26h", norm_Mantissa_SWR);
      $display("Normalized mantissa (shifted) = %b", norm_Mantissa_SWR);
      $display("Normalized mantissa (shifted) = %26d", norm_Mantissa_SWR);
      $display("LZD result hex = %h, LZD result bin = %b", LZD_raw_val_EWR, LZD_raw_val_EWR);
      $display("=================== SH1NRM STAGE ================");
      $display("=================== NRM2 STAGE ================");
      $display("--------------------FLAGS------------------");
      $display("overflow flag = %d, underflow flag = %d, sign flag = %d", overflow_flag, underflow_flag, real_sign);
      $display("--------OPERATION RESULT------------");
      $display("Compensated Exponent = %8h, Normalized mantissa (shifted) = %26h", Exponent_M_EW, norm_Mantissa_SWR);
      $display("Compensated Exponent = %b,  Normalized mantissa (shifted) = %b", Exponent_M_EW, norm_Mantissa_SWR);
      $display("Compensated Exponent = %8d, Normalized mantissa (shifted) = %26d", Exponent_M_EW, norm_Mantissa_SWR);
      $display("=================== NRM2 STAGE ================");
            $display("La mantisa final sera: %23h", norm_Mantissa_SWR[SWR-2:2]);
            $display("La mantisa final sera: %b", norm_Mantissa_SWR[SWR-2:2]);
            $display("La mantisa final sera: %23d", norm_Mantissa_SWR[SWR-2:2]);
            $display("El exponente final sera: %8h", Exponent_M_EW);
            $display("El exponente final sera: %b", Exponent_M_EW);
            $display("El exponente final sera: %8d", Exponent_M_EW);
      $display("=================== FRMT STAGE ================");
      $display("--------------------FLAGS------------------");
      $display("overflow flag = %d, underflow flag = %d", overflow_flag, underflow_flag);
      $display("--------OPERATION RESULT------------");
      $display("El resultado final sera: %32h", formatted_number_W);
      $display("El resultado final sera: %b", formatted_number_W);
      $display("El resultado final sera: %32d", formatted_number_W);
      $display("=================== FRMT STAGE ================");
