
*** Running vivado
    with args -log FPU_Multiplication_Function_v2.vds -m64 -mode batch -messageDb vivado.pb -notrace -source FPU_Multiplication_Function_v2.tcl


****** Vivado v2016.2 (64-bit)
  **** SW Build 1577090 on Thu Jun  2 16:32:40 MDT 2016
  **** IP Build 1577682 on Fri Jun  3 12:00:54 MDT 2016
    ** Copyright 1986-2016 Xilinx, Inc. All Rights Reserved.

source FPU_Multiplication_Function_v2.tcl -notrace
Command: synth_design -top FPU_Multiplication_Function_v2 -part xc7a100tcsg324-1
Starting synth_design
Attempting to get a license for feature 'Synthesis' and/or device 'xc7a100t'
INFO: [Common 17-349] Got license for feature 'Synthesis' and/or device 'xc7a100t'
INFO: Launching helper process for spawning children vivado processes
INFO: Helper process launched with PID 18684 
---------------------------------------------------------------------------------
Starting Synthesize : Time (s): cpu = 00:00:07 ; elapsed = 00:00:10 . Memory (MB): peak = 306.934 ; gain = 100.273
---------------------------------------------------------------------------------
INFO: [Synth 8-638] synthesizing module 'FPU_Multiplication_Function_v2' [C:/Users/jsequeira/Proyectos/Karatsuba.srcs/sources_1/new/FPU_Multiplication_Function_v2.v:23]
	Parameter W bound to: 64 - type: integer 
	Parameter EW bound to: 11 - type: integer 
	Parameter SW bound to: 52 - type: integer 
INFO: [Synth 8-638] synthesizing module 'FSM_Mult_Function' [C:/Users/jsequeira/Documents/Floating-Point-Unit-master/FPU_Add_subt_Mult/RTL/Mult/FSM_Mult_Function.v:21]
	Parameter start bound to: 4'b0000 
	Parameter load_operands bound to: 4'b0001 
	Parameter extra64_1 bound to: 4'b0010 
	Parameter add_exp bound to: 4'b0011 
	Parameter subt_bias bound to: 4'b0100 
	Parameter mult_overf bound to: 4'b0101 
	Parameter mult_norn bound to: 4'b0110 
	Parameter mult_no_norn bound to: 4'b0111 
	Parameter round_case bound to: 4'b1000 
	Parameter adder_round bound to: 4'b1001 
	Parameter round_norm bound to: 4'b1010 
	Parameter final_load bound to: 4'b1011 
	Parameter ready_flag bound to: 4'b1100 
INFO: [Synth 8-256] done synthesizing module 'FSM_Mult_Function' (1#1) [C:/Users/jsequeira/Documents/Floating-Point-Unit-master/FPU_Add_subt_Mult/RTL/Mult/FSM_Mult_Function.v:21]
INFO: [Synth 8-638] synthesizing module 'RegisterAdd' [C:/Users/jsequeira/Documents/Floating-Point-Unit-master/FPU_Add_subt_Mult/RTL/Add-Subt/RegisterAdd.v:21]
	Parameter W bound to: 1 - type: integer 
INFO: [Synth 8-256] done synthesizing module 'RegisterAdd' (2#1) [C:/Users/jsequeira/Documents/Floating-Point-Unit-master/FPU_Add_subt_Mult/RTL/Add-Subt/RegisterAdd.v:21]
INFO: [Synth 8-638] synthesizing module 'RegisterAdd__parameterized0' [C:/Users/jsequeira/Documents/Floating-Point-Unit-master/FPU_Add_subt_Mult/RTL/Add-Subt/RegisterAdd.v:21]
	Parameter W bound to: 2 - type: integer 
INFO: [Synth 8-256] done synthesizing module 'RegisterAdd__parameterized0' (2#1) [C:/Users/jsequeira/Documents/Floating-Point-Unit-master/FPU_Add_subt_Mult/RTL/Add-Subt/RegisterAdd.v:21]
INFO: [Synth 8-638] synthesizing module 'First_Phase_M' [C:/Users/jsequeira/Documents/Floating-Point-Unit-master/FPU_Add_subt_Mult/RTL/Mult/First_Phase_M.v:21]
	Parameter W bound to: 64 - type: integer 
INFO: [Synth 8-638] synthesizing module 'RegisterMult' [C:/Users/jsequeira/Documents/Floating-Point-Unit-master/FPU_Add_subt_Mult/RTL/Mult/RegisterMult.v:21]
	Parameter W bound to: 64 - type: integer 
INFO: [Synth 8-256] done synthesizing module 'RegisterMult' (3#1) [C:/Users/jsequeira/Documents/Floating-Point-Unit-master/FPU_Add_subt_Mult/RTL/Mult/RegisterMult.v:21]
INFO: [Synth 8-256] done synthesizing module 'First_Phase_M' (4#1) [C:/Users/jsequeira/Documents/Floating-Point-Unit-master/FPU_Add_subt_Mult/RTL/Mult/First_Phase_M.v:21]
INFO: [Synth 8-638] synthesizing module 'Zero_InfMult_Unit' [C:/Users/jsequeira/Documents/Floating-Point-Unit-master/FPU_Add_subt_Mult/RTL/Mult/Zero_InfMult_Unit.v:21]
	Parameter W bound to: 64 - type: integer 
INFO: [Synth 8-638] synthesizing module 'Comparator_Equal' [C:/Users/jsequeira/Documents/Floating-Point-Unit-master/FPU_Add_subt_Mult/RTL/Add-Subt/Comparator_Equal.v:26]
	Parameter S bound to: 63 - type: integer 
INFO: [Synth 8-256] done synthesizing module 'Comparator_Equal' (5#1) [C:/Users/jsequeira/Documents/Floating-Point-Unit-master/FPU_Add_subt_Mult/RTL/Add-Subt/Comparator_Equal.v:26]
INFO: [Synth 8-256] done synthesizing module 'Zero_InfMult_Unit' (6#1) [C:/Users/jsequeira/Documents/Floating-Point-Unit-master/FPU_Add_subt_Mult/RTL/Mult/Zero_InfMult_Unit.v:21]
INFO: [Synth 8-638] synthesizing module 'Multiplexer_AC' [C:/Users/jsequeira/Documents/Floating-Point-Unit-master/FPU_Add_subt_Mult/RTL/Add-Subt/Multiplexer_AC.v:21]
	Parameter W bound to: 12 - type: integer 
INFO: [Synth 8-256] done synthesizing module 'Multiplexer_AC' (7#1) [C:/Users/jsequeira/Documents/Floating-Point-Unit-master/FPU_Add_subt_Mult/RTL/Add-Subt/Multiplexer_AC.v:21]
INFO: [Synth 8-638] synthesizing module 'Mux_3x1' [C:/Users/jsequeira/Documents/Floating-Point-Unit-master/FPU_Add_subt_Mult/RTL/Add-Subt/Mux_3x1.v:23]
	Parameter W bound to: 11 - type: integer 
INFO: [Synth 8-256] done synthesizing module 'Mux_3x1' (8#1) [C:/Users/jsequeira/Documents/Floating-Point-Unit-master/FPU_Add_subt_Mult/RTL/Add-Subt/Mux_3x1.v:23]
INFO: [Synth 8-638] synthesizing module 'Exp_Operation_m' [C:/Users/jsequeira/Documents/Floating-Point-Unit-master/FPU_Add_subt_Mult/RTL/Mult/Exp_operation_m.v:23]
	Parameter EW bound to: 11 - type: integer 
INFO: [Synth 8-638] synthesizing module 'add_sub_carry_out' [C:/Users/jsequeira/Documents/Floating-Point-Unit-master/FPU_Add_subt_Mult/RTL/Add-Subt/add_sub_carry_out.v:23]
	Parameter W bound to: 12 - type: integer 
INFO: [Synth 8-256] done synthesizing module 'add_sub_carry_out' (9#1) [C:/Users/jsequeira/Documents/Floating-Point-Unit-master/FPU_Add_subt_Mult/RTL/Add-Subt/add_sub_carry_out.v:23]
INFO: [Synth 8-638] synthesizing module 'RegisterMult__parameterized0' [C:/Users/jsequeira/Documents/Floating-Point-Unit-master/FPU_Add_subt_Mult/RTL/Mult/RegisterMult.v:21]
	Parameter W bound to: 12 - type: integer 
INFO: [Synth 8-256] done synthesizing module 'RegisterMult__parameterized0' (9#1) [C:/Users/jsequeira/Documents/Floating-Point-Unit-master/FPU_Add_subt_Mult/RTL/Mult/RegisterMult.v:21]
INFO: [Synth 8-638] synthesizing module 'RegisterMult__parameterized1' [C:/Users/jsequeira/Documents/Floating-Point-Unit-master/FPU_Add_subt_Mult/RTL/Mult/RegisterMult.v:21]
	Parameter W bound to: 1 - type: integer 
INFO: [Synth 8-256] done synthesizing module 'RegisterMult__parameterized1' (9#1) [C:/Users/jsequeira/Documents/Floating-Point-Unit-master/FPU_Add_subt_Mult/RTL/Mult/RegisterMult.v:21]
INFO: [Synth 8-638] synthesizing module 'Comparator_Less' [C:/Users/jsequeira/Documents/Floating-Point-Unit-master/FPU_Add_subt_Mult/RTL/Add-Subt/Comparator_Less.v:21]
	Parameter W bound to: 12 - type: integer 
INFO: [Synth 8-256] done synthesizing module 'Comparator_Less' (10#1) [C:/Users/jsequeira/Documents/Floating-Point-Unit-master/FPU_Add_subt_Mult/RTL/Add-Subt/Comparator_Less.v:21]
INFO: [Synth 8-638] synthesizing module 'RegisterMult__parameterized2' [C:/Users/jsequeira/Documents/Floating-Point-Unit-master/FPU_Add_subt_Mult/RTL/Mult/RegisterMult.v:21]
	Parameter W bound to: 1 - type: integer 
INFO: [Synth 8-256] done synthesizing module 'RegisterMult__parameterized2' (10#1) [C:/Users/jsequeira/Documents/Floating-Point-Unit-master/FPU_Add_subt_Mult/RTL/Mult/RegisterMult.v:21]
INFO: [Synth 8-256] done synthesizing module 'Exp_Operation_m' (11#1) [C:/Users/jsequeira/Documents/Floating-Point-Unit-master/FPU_Add_subt_Mult/RTL/Mult/Exp_operation_m.v:23]
INFO: [Synth 8-638] synthesizing module 'XOR_M' [C:/Users/jsequeira/Documents/Floating-Point-Unit-master/FPU_Add_subt_Mult/RTL/Mult/XOR_M.v:21]
INFO: [Synth 8-256] done synthesizing module 'XOR_M' (12#1) [C:/Users/jsequeira/Documents/Floating-Point-Unit-master/FPU_Add_subt_Mult/RTL/Mult/XOR_M.v:21]
INFO: [Synth 8-638] synthesizing module 'RecursiveKOA' [C:/Users/jsequeira/Proyectos/Karatsuba.srcs/sources_1/new/RecursiveKOA.v:23]
	Parameter SW bound to: 53 - type: integer 
	Parameter Opt_FPGA_ASIC bound to: 1 - type: integer 
INFO: [Synth 8-638] synthesizing module 'KOA_FPGA' [C:/Users/jsequeira/Proyectos/Karatsuba.srcs/sources_1/new/KOA_FPGA.v:23]
	Parameter SW bound to: 53 - type: integer 
	Parameter half bound to: 26 - type: integer 
INFO: [Synth 8-638] synthesizing module 'KOA_FPGA__parameterized0' [C:/Users/jsequeira/Proyectos/Karatsuba.srcs/sources_1/new/KOA_FPGA.v:23]
	Parameter SW bound to: 26 - type: integer 
	Parameter half bound to: 13 - type: integer 
INFO: [Synth 8-638] synthesizing module 'KOA_FPGA__parameterized1' [C:/Users/jsequeira/Proyectos/Karatsuba.srcs/sources_1/new/KOA_FPGA.v:23]
	Parameter SW bound to: 13 - type: integer 
	Parameter half bound to: 6 - type: integer 
INFO: [Synth 8-638] synthesizing module 'multiplier_C' [C:/Users/jsequeira/Proyectos/Karatsuba.srcs/sources_1/new/multiplier_combinational.v:23]
	Parameter W bound to: 13 - type: integer 
INFO: [Synth 8-256] done synthesizing module 'multiplier_C' (13#1) [C:/Users/jsequeira/Proyectos/Karatsuba.srcs/sources_1/new/multiplier_combinational.v:23]
INFO: [Synth 8-256] done synthesizing module 'KOA_FPGA__parameterized1' (14#1) [C:/Users/jsequeira/Proyectos/Karatsuba.srcs/sources_1/new/KOA_FPGA.v:23]
INFO: [Synth 8-638] synthesizing module 'KOA_FPGA__parameterized2' [C:/Users/jsequeira/Proyectos/Karatsuba.srcs/sources_1/new/KOA_FPGA.v:23]
	Parameter SW bound to: 13 - type: integer 
	Parameter half bound to: 6 - type: integer 
INFO: [Synth 8-256] done synthesizing module 'KOA_FPGA__parameterized2' (14#1) [C:/Users/jsequeira/Proyectos/Karatsuba.srcs/sources_1/new/KOA_FPGA.v:23]
INFO: [Synth 8-638] synthesizing module 'adder' [C:/Users/jsequeira/Documents/Floating-Point-Unit-master/FPU_Add_subt_Mult/RTL/Mult/adder.v:23]
	Parameter W bound to: 13 - type: integer 
INFO: [Synth 8-256] done synthesizing module 'adder' (15#1) [C:/Users/jsequeira/Documents/Floating-Point-Unit-master/FPU_Add_subt_Mult/RTL/Mult/adder.v:23]
INFO: [Synth 8-638] synthesizing module 'KOA_FPGA__parameterized3' [C:/Users/jsequeira/Proyectos/Karatsuba.srcs/sources_1/new/KOA_FPGA.v:23]
	Parameter SW bound to: 14 - type: integer 
	Parameter half bound to: 7 - type: integer 
INFO: [Synth 8-638] synthesizing module 'multiplier_C__parameterized0' [C:/Users/jsequeira/Proyectos/Karatsuba.srcs/sources_1/new/multiplier_combinational.v:23]
	Parameter W bound to: 14 - type: integer 
INFO: [Synth 8-256] done synthesizing module 'multiplier_C__parameterized0' (15#1) [C:/Users/jsequeira/Proyectos/Karatsuba.srcs/sources_1/new/multiplier_combinational.v:23]
INFO: [Synth 8-256] done synthesizing module 'KOA_FPGA__parameterized3' (15#1) [C:/Users/jsequeira/Proyectos/Karatsuba.srcs/sources_1/new/KOA_FPGA.v:23]
INFO: [Synth 8-638] synthesizing module 'substractor' [C:/Users/jsequeira/Documents/Floating-Point-Unit-master/FPU_Add_subt_Mult/RTL/Mult/substractor.v:23]
	Parameter W bound to: 28 - type: integer 
INFO: [Synth 8-256] done synthesizing module 'substractor' (16#1) [C:/Users/jsequeira/Documents/Floating-Point-Unit-master/FPU_Add_subt_Mult/RTL/Mult/substractor.v:23]
INFO: [Synth 8-638] synthesizing module 'adder__parameterized0' [C:/Users/jsequeira/Documents/Floating-Point-Unit-master/FPU_Add_subt_Mult/RTL/Mult/adder.v:23]
	Parameter W bound to: 52 - type: integer 
INFO: [Synth 8-256] done synthesizing module 'adder__parameterized0' (16#1) [C:/Users/jsequeira/Documents/Floating-Point-Unit-master/FPU_Add_subt_Mult/RTL/Mult/adder.v:23]
INFO: [Synth 8-256] done synthesizing module 'KOA_FPGA__parameterized0' (16#1) [C:/Users/jsequeira/Proyectos/Karatsuba.srcs/sources_1/new/KOA_FPGA.v:23]
INFO: [Synth 8-638] synthesizing module 'KOA_FPGA__parameterized4' [C:/Users/jsequeira/Proyectos/Karatsuba.srcs/sources_1/new/KOA_FPGA.v:23]
	Parameter SW bound to: 27 - type: integer 
	Parameter half bound to: 13 - type: integer 
INFO: [Synth 8-638] synthesizing module 'KOA_FPGA__parameterized5' [C:/Users/jsequeira/Proyectos/Karatsuba.srcs/sources_1/new/KOA_FPGA.v:23]
	Parameter SW bound to: 13 - type: integer 
	Parameter half bound to: 6 - type: integer 
INFO: [Synth 8-256] done synthesizing module 'KOA_FPGA__parameterized5' (16#1) [C:/Users/jsequeira/Proyectos/Karatsuba.srcs/sources_1/new/KOA_FPGA.v:23]
INFO: [Synth 8-638] synthesizing module 'KOA_FPGA__parameterized6' [C:/Users/jsequeira/Proyectos/Karatsuba.srcs/sources_1/new/KOA_FPGA.v:23]
	Parameter SW bound to: 14 - type: integer 
	Parameter half bound to: 7 - type: integer 
INFO: [Synth 8-638] synthesizing module 'multiplier_C__parameterized1' [C:/Users/jsequeira/Proyectos/Karatsuba.srcs/sources_1/new/multiplier_combinational.v:23]
	Parameter W bound to: 14 - type: integer 
INFO: [Synth 8-256] done synthesizing module 'multiplier_C__parameterized1' (16#1) [C:/Users/jsequeira/Proyectos/Karatsuba.srcs/sources_1/new/multiplier_combinational.v:23]
INFO: [Synth 8-256] done synthesizing module 'KOA_FPGA__parameterized6' (16#1) [C:/Users/jsequeira/Proyectos/Karatsuba.srcs/sources_1/new/KOA_FPGA.v:23]
INFO: [Synth 8-638] synthesizing module 'adder__parameterized1' [C:/Users/jsequeira/Documents/Floating-Point-Unit-master/FPU_Add_subt_Mult/RTL/Mult/adder.v:23]
	Parameter W bound to: 14 - type: integer 
INFO: [Synth 8-256] done synthesizing module 'adder__parameterized1' (16#1) [C:/Users/jsequeira/Documents/Floating-Point-Unit-master/FPU_Add_subt_Mult/RTL/Mult/adder.v:23]
INFO: [Synth 8-638] synthesizing module 'adder__parameterized2' [C:/Users/jsequeira/Documents/Floating-Point-Unit-master/FPU_Add_subt_Mult/RTL/Mult/adder.v:23]
	Parameter W bound to: 14 - type: integer 
INFO: [Synth 8-256] done synthesizing module 'adder__parameterized2' (16#1) [C:/Users/jsequeira/Documents/Floating-Point-Unit-master/FPU_Add_subt_Mult/RTL/Mult/adder.v:23]
INFO: [Synth 8-638] synthesizing module 'KOA_FPGA__parameterized7' [C:/Users/jsequeira/Proyectos/Karatsuba.srcs/sources_1/new/KOA_FPGA.v:23]
	Parameter SW bound to: 15 - type: integer 
	Parameter half bound to: 7 - type: integer 
INFO: [Synth 8-638] synthesizing module 'multiplier_C__parameterized2' [C:/Users/jsequeira/Proyectos/Karatsuba.srcs/sources_1/new/multiplier_combinational.v:23]
	Parameter W bound to: 15 - type: integer 
INFO: [Synth 8-256] done synthesizing module 'multiplier_C__parameterized2' (16#1) [C:/Users/jsequeira/Proyectos/Karatsuba.srcs/sources_1/new/multiplier_combinational.v:23]
INFO: [Synth 8-256] done synthesizing module 'KOA_FPGA__parameterized7' (16#1) [C:/Users/jsequeira/Proyectos/Karatsuba.srcs/sources_1/new/KOA_FPGA.v:23]
INFO: [Synth 8-638] synthesizing module 'substractor__parameterized0' [C:/Users/jsequeira/Documents/Floating-Point-Unit-master/FPU_Add_subt_Mult/RTL/Mult/substractor.v:23]
	Parameter W bound to: 30 - type: integer 
INFO: [Synth 8-256] done synthesizing module 'substractor__parameterized0' (16#1) [C:/Users/jsequeira/Documents/Floating-Point-Unit-master/FPU_Add_subt_Mult/RTL/Mult/substractor.v:23]
INFO: [Synth 8-638] synthesizing module 'substractor__parameterized1' [C:/Users/jsequeira/Documents/Floating-Point-Unit-master/FPU_Add_subt_Mult/RTL/Mult/substractor.v:23]
	Parameter W bound to: 30 - type: integer 
INFO: [Synth 8-256] done synthesizing module 'substractor__parameterized1' (16#1) [C:/Users/jsequeira/Documents/Floating-Point-Unit-master/FPU_Add_subt_Mult/RTL/Mult/substractor.v:23]
INFO: [Synth 8-638] synthesizing module 'adder__parameterized3' [C:/Users/jsequeira/Documents/Floating-Point-Unit-master/FPU_Add_subt_Mult/RTL/Mult/adder.v:23]
	Parameter W bound to: 54 - type: integer 
INFO: [Synth 8-256] done synthesizing module 'adder__parameterized3' (16#1) [C:/Users/jsequeira/Documents/Floating-Point-Unit-master/FPU_Add_subt_Mult/RTL/Mult/adder.v:23]
INFO: [Synth 8-256] done synthesizing module 'KOA_FPGA__parameterized4' (16#1) [C:/Users/jsequeira/Proyectos/Karatsuba.srcs/sources_1/new/KOA_FPGA.v:23]
INFO: [Synth 8-638] synthesizing module 'adder__parameterized4' [C:/Users/jsequeira/Documents/Floating-Point-Unit-master/FPU_Add_subt_Mult/RTL/Mult/adder.v:23]
	Parameter W bound to: 27 - type: integer 
INFO: [Synth 8-256] done synthesizing module 'adder__parameterized4' (16#1) [C:/Users/jsequeira/Documents/Floating-Point-Unit-master/FPU_Add_subt_Mult/RTL/Mult/adder.v:23]
INFO: [Synth 8-638] synthesizing module 'adder__parameterized5' [C:/Users/jsequeira/Documents/Floating-Point-Unit-master/FPU_Add_subt_Mult/RTL/Mult/adder.v:23]
	Parameter W bound to: 27 - type: integer 
INFO: [Synth 8-256] done synthesizing module 'adder__parameterized5' (16#1) [C:/Users/jsequeira/Documents/Floating-Point-Unit-master/FPU_Add_subt_Mult/RTL/Mult/adder.v:23]
INFO: [Synth 8-638] synthesizing module 'KOA_FPGA__parameterized8' [C:/Users/jsequeira/Proyectos/Karatsuba.srcs/sources_1/new/KOA_FPGA.v:23]
	Parameter SW bound to: 28 - type: integer 
	Parameter half bound to: 14 - type: integer 
INFO: [Synth 8-638] synthesizing module 'KOA_FPGA__parameterized9' [C:/Users/jsequeira/Proyectos/Karatsuba.srcs/sources_1/new/KOA_FPGA.v:23]
	Parameter SW bound to: 14 - type: integer 
	Parameter half bound to: 7 - type: integer 
INFO: [Synth 8-638] synthesizing module 'multiplier_C__parameterized3' [C:/Users/jsequeira/Proyectos/Karatsuba.srcs/sources_1/new/multiplier_combinational.v:23]
	Parameter W bound to: 14 - type: integer 
INFO: [Synth 8-256] done synthesizing module 'multiplier_C__parameterized3' (16#1) [C:/Users/jsequeira/Proyectos/Karatsuba.srcs/sources_1/new/multiplier_combinational.v:23]
INFO: [Synth 8-256] done synthesizing module 'KOA_FPGA__parameterized9' (16#1) [C:/Users/jsequeira/Proyectos/Karatsuba.srcs/sources_1/new/KOA_FPGA.v:23]
INFO: [Synth 8-638] synthesizing module 'KOA_FPGA__parameterized10' [C:/Users/jsequeira/Proyectos/Karatsuba.srcs/sources_1/new/KOA_FPGA.v:23]
	Parameter SW bound to: 14 - type: integer 
	Parameter half bound to: 7 - type: integer 
INFO: [Synth 8-638] synthesizing module 'multiplier_C__parameterized4' [C:/Users/jsequeira/Proyectos/Karatsuba.srcs/sources_1/new/multiplier_combinational.v:23]
	Parameter W bound to: 14 - type: integer 
INFO: [Synth 8-256] done synthesizing module 'multiplier_C__parameterized4' (16#1) [C:/Users/jsequeira/Proyectos/Karatsuba.srcs/sources_1/new/multiplier_combinational.v:23]
INFO: [Synth 8-256] done synthesizing module 'KOA_FPGA__parameterized10' (16#1) [C:/Users/jsequeira/Proyectos/Karatsuba.srcs/sources_1/new/KOA_FPGA.v:23]
INFO: [Synth 8-638] synthesizing module 'adder__parameterized6' [C:/Users/jsequeira/Documents/Floating-Point-Unit-master/FPU_Add_subt_Mult/RTL/Mult/adder.v:23]
	Parameter W bound to: 14 - type: integer 
INFO: [Synth 8-256] done synthesizing module 'adder__parameterized6' (16#1) [C:/Users/jsequeira/Documents/Floating-Point-Unit-master/FPU_Add_subt_Mult/RTL/Mult/adder.v:23]
INFO: [Synth 8-638] synthesizing module 'adder__parameterized7' [C:/Users/jsequeira/Documents/Floating-Point-Unit-master/FPU_Add_subt_Mult/RTL/Mult/adder.v:23]
	Parameter W bound to: 14 - type: integer 
INFO: [Synth 8-256] done synthesizing module 'adder__parameterized7' (16#1) [C:/Users/jsequeira/Documents/Floating-Point-Unit-master/FPU_Add_subt_Mult/RTL/Mult/adder.v:23]
INFO: [Synth 8-638] synthesizing module 'KOA_FPGA__parameterized11' [C:/Users/jsequeira/Proyectos/Karatsuba.srcs/sources_1/new/KOA_FPGA.v:23]
	Parameter SW bound to: 15 - type: integer 
	Parameter half bound to: 7 - type: integer 
INFO: [Synth 8-638] synthesizing module 'multiplier_C__parameterized5' [C:/Users/jsequeira/Proyectos/Karatsuba.srcs/sources_1/new/multiplier_combinational.v:23]
	Parameter W bound to: 15 - type: integer 
INFO: [Synth 8-256] done synthesizing module 'multiplier_C__parameterized5' (16#1) [C:/Users/jsequeira/Proyectos/Karatsuba.srcs/sources_1/new/multiplier_combinational.v:23]
INFO: [Synth 8-256] done synthesizing module 'KOA_FPGA__parameterized11' (16#1) [C:/Users/jsequeira/Proyectos/Karatsuba.srcs/sources_1/new/KOA_FPGA.v:23]
INFO: [Synth 8-638] synthesizing module 'substractor__parameterized2' [C:/Users/jsequeira/Documents/Floating-Point-Unit-master/FPU_Add_subt_Mult/RTL/Mult/substractor.v:23]
	Parameter W bound to: 30 - type: integer 
INFO: [Synth 8-256] done synthesizing module 'substractor__parameterized2' (16#1) [C:/Users/jsequeira/Documents/Floating-Point-Unit-master/FPU_Add_subt_Mult/RTL/Mult/substractor.v:23]
INFO: [Synth 8-638] synthesizing module 'substractor__parameterized3' [C:/Users/jsequeira/Documents/Floating-Point-Unit-master/FPU_Add_subt_Mult/RTL/Mult/substractor.v:23]
	Parameter W bound to: 30 - type: integer 
INFO: [Synth 8-256] done synthesizing module 'substractor__parameterized3' (16#1) [C:/Users/jsequeira/Documents/Floating-Point-Unit-master/FPU_Add_subt_Mult/RTL/Mult/substractor.v:23]
INFO: [Synth 8-638] synthesizing module 'adder__parameterized8' [C:/Users/jsequeira/Documents/Floating-Point-Unit-master/FPU_Add_subt_Mult/RTL/Mult/adder.v:23]
	Parameter W bound to: 56 - type: integer 
INFO: [Synth 8-256] done synthesizing module 'adder__parameterized8' (16#1) [C:/Users/jsequeira/Documents/Floating-Point-Unit-master/FPU_Add_subt_Mult/RTL/Mult/adder.v:23]
INFO: [Synth 8-256] done synthesizing module 'KOA_FPGA__parameterized8' (16#1) [C:/Users/jsequeira/Proyectos/Karatsuba.srcs/sources_1/new/KOA_FPGA.v:23]
INFO: [Synth 8-638] synthesizing module 'substractor__parameterized4' [C:/Users/jsequeira/Documents/Floating-Point-Unit-master/FPU_Add_subt_Mult/RTL/Mult/substractor.v:23]
	Parameter W bound to: 56 - type: integer 
INFO: [Synth 8-256] done synthesizing module 'substractor__parameterized4' (16#1) [C:/Users/jsequeira/Documents/Floating-Point-Unit-master/FPU_Add_subt_Mult/RTL/Mult/substractor.v:23]
INFO: [Synth 8-638] synthesizing module 'substractor__parameterized5' [C:/Users/jsequeira/Documents/Floating-Point-Unit-master/FPU_Add_subt_Mult/RTL/Mult/substractor.v:23]
	Parameter W bound to: 56 - type: integer 
INFO: [Synth 8-256] done synthesizing module 'substractor__parameterized5' (16#1) [C:/Users/jsequeira/Documents/Floating-Point-Unit-master/FPU_Add_subt_Mult/RTL/Mult/substractor.v:23]
INFO: [Synth 8-638] synthesizing module 'adder__parameterized9' [C:/Users/jsequeira/Documents/Floating-Point-Unit-master/FPU_Add_subt_Mult/RTL/Mult/adder.v:23]
	Parameter W bound to: 106 - type: integer 
INFO: [Synth 8-256] done synthesizing module 'adder__parameterized9' (16#1) [C:/Users/jsequeira/Documents/Floating-Point-Unit-master/FPU_Add_subt_Mult/RTL/Mult/adder.v:23]
INFO: [Synth 8-256] done synthesizing module 'KOA_FPGA' (16#1) [C:/Users/jsequeira/Proyectos/Karatsuba.srcs/sources_1/new/KOA_FPGA.v:23]
INFO: [Synth 8-638] synthesizing module 'RegisterAdd__parameterized1' [C:/Users/jsequeira/Documents/Floating-Point-Unit-master/FPU_Add_subt_Mult/RTL/Add-Subt/RegisterAdd.v:21]
	Parameter W bound to: 106 - type: integer 
INFO: [Synth 8-256] done synthesizing module 'RegisterAdd__parameterized1' (16#1) [C:/Users/jsequeira/Documents/Floating-Point-Unit-master/FPU_Add_subt_Mult/RTL/Add-Subt/RegisterAdd.v:21]
INFO: [Synth 8-256] done synthesizing module 'RecursiveKOA' (17#1) [C:/Users/jsequeira/Proyectos/Karatsuba.srcs/sources_1/new/RecursiveKOA.v:23]
INFO: [Synth 8-638] synthesizing module 'Multiplexer_AC__parameterized0' [C:/Users/jsequeira/Documents/Floating-Point-Unit-master/FPU_Add_subt_Mult/RTL/Add-Subt/Multiplexer_AC.v:21]
	Parameter W bound to: 53 - type: integer 
INFO: [Synth 8-256] done synthesizing module 'Multiplexer_AC__parameterized0' (17#1) [C:/Users/jsequeira/Documents/Floating-Point-Unit-master/FPU_Add_subt_Mult/RTL/Add-Subt/Multiplexer_AC.v:21]
INFO: [Synth 8-638] synthesizing module 'Barrel_Shifter_M' [C:/Users/jsequeira/Documents/Floating-Point-Unit-master/FPU_Add_subt_Mult/RTL/Mult/Barrel_Shifter_M.v:23]
	Parameter SW bound to: 53 - type: integer 
INFO: [Synth 8-638] synthesizing module 'shift_mux_array' [C:/Users/jsequeira/Documents/Floating-Point-Unit-master/FPU_Add_subt_Mult/RTL/Add-Subt/shift_mux.v:23]
	Parameter SWR bound to: 53 - type: integer 
	Parameter LEVEL bound to: 0 - type: integer 
INFO: [Synth 8-638] synthesizing module 'Multiplexer_AC__parameterized1' [C:/Users/jsequeira/Documents/Floating-Point-Unit-master/FPU_Add_subt_Mult/RTL/Add-Subt/Multiplexer_AC.v:21]
	Parameter W bound to: 1 - type: integer 
INFO: [Synth 8-256] done synthesizing module 'Multiplexer_AC__parameterized1' (17#1) [C:/Users/jsequeira/Documents/Floating-Point-Unit-master/FPU_Add_subt_Mult/RTL/Add-Subt/Multiplexer_AC.v:21]
INFO: [Synth 8-638] synthesizing module 'Multiplexer_AC__parameterized2' [C:/Users/jsequeira/Documents/Floating-Point-Unit-master/FPU_Add_subt_Mult/RTL/Add-Subt/Multiplexer_AC.v:21]
	Parameter W bound to: 1 - type: integer 
INFO: [Synth 8-256] done synthesizing module 'Multiplexer_AC__parameterized2' (17#1) [C:/Users/jsequeira/Documents/Floating-Point-Unit-master/FPU_Add_subt_Mult/RTL/Add-Subt/Multiplexer_AC.v:21]
INFO: [Synth 8-638] synthesizing module 'Multiplexer_AC__parameterized3' [C:/Users/jsequeira/Documents/Floating-Point-Unit-master/FPU_Add_subt_Mult/RTL/Add-Subt/Multiplexer_AC.v:21]
	Parameter W bound to: 1 - type: integer 
INFO: [Synth 8-256] done synthesizing module 'Multiplexer_AC__parameterized3' (17#1) [C:/Users/jsequeira/Documents/Floating-Point-Unit-master/FPU_Add_subt_Mult/RTL/Add-Subt/Multiplexer_AC.v:21]
INFO: [Synth 8-638] synthesizing module 'Multiplexer_AC__parameterized4' [C:/Users/jsequeira/Documents/Floating-Point-Unit-master/FPU_Add_subt_Mult/RTL/Add-Subt/Multiplexer_AC.v:21]
	Parameter W bound to: 1 - type: integer 
INFO: [Synth 8-256] done synthesizing module 'Multiplexer_AC__parameterized4' (17#1) [C:/Users/jsequeira/Documents/Floating-Point-Unit-master/FPU_Add_subt_Mult/RTL/Add-Subt/Multiplexer_AC.v:21]
INFO: [Synth 8-638] synthesizing module 'Multiplexer_AC__parameterized5' [C:/Users/jsequeira/Documents/Floating-Point-Unit-master/FPU_Add_subt_Mult/RTL/Add-Subt/Multiplexer_AC.v:21]
	Parameter W bound to: 1 - type: integer 
INFO: [Synth 8-256] done synthesizing module 'Multiplexer_AC__parameterized5' (17#1) [C:/Users/jsequeira/Documents/Floating-Point-Unit-master/FPU_Add_subt_Mult/RTL/Add-Subt/Multiplexer_AC.v:21]
INFO: [Synth 8-638] synthesizing module 'Multiplexer_AC__parameterized6' [C:/Users/jsequeira/Documents/Floating-Point-Unit-master/FPU_Add_subt_Mult/RTL/Add-Subt/Multiplexer_AC.v:21]
	Parameter W bound to: 1 - type: integer 
INFO: [Synth 8-256] done synthesizing module 'Multiplexer_AC__parameterized6' (17#1) [C:/Users/jsequeira/Documents/Floating-Point-Unit-master/FPU_Add_subt_Mult/RTL/Add-Subt/Multiplexer_AC.v:21]
INFO: [Synth 8-638] synthesizing module 'Multiplexer_AC__parameterized7' [C:/Users/jsequeira/Documents/Floating-Point-Unit-master/FPU_Add_subt_Mult/RTL/Add-Subt/Multiplexer_AC.v:21]
	Parameter W bound to: 1 - type: integer 
INFO: [Synth 8-256] done synthesizing module 'Multiplexer_AC__parameterized7' (17#1) [C:/Users/jsequeira/Documents/Floating-Point-Unit-master/FPU_Add_subt_Mult/RTL/Add-Subt/Multiplexer_AC.v:21]
INFO: [Synth 8-638] synthesizing module 'Multiplexer_AC__parameterized8' [C:/Users/jsequeira/Documents/Floating-Point-Unit-master/FPU_Add_subt_Mult/RTL/Add-Subt/Multiplexer_AC.v:21]
	Parameter W bound to: 1 - type: integer 
INFO: [Synth 8-256] done synthesizing module 'Multiplexer_AC__parameterized8' (17#1) [C:/Users/jsequeira/Documents/Floating-Point-Unit-master/FPU_Add_subt_Mult/RTL/Add-Subt/Multiplexer_AC.v:21]
INFO: [Synth 8-638] synthesizing module 'Multiplexer_AC__parameterized9' [C:/Users/jsequeira/Documents/Floating-Point-Unit-master/FPU_Add_subt_Mult/RTL/Add-Subt/Multiplexer_AC.v:21]
	Parameter W bound to: 1 - type: integer 
INFO: [Synth 8-256] done synthesizing module 'Multiplexer_AC__parameterized9' (17#1) [C:/Users/jsequeira/Documents/Floating-Point-Unit-master/FPU_Add_subt_Mult/RTL/Add-Subt/Multiplexer_AC.v:21]
INFO: [Synth 8-638] synthesizing module 'Multiplexer_AC__parameterized10' [C:/Users/jsequeira/Documents/Floating-Point-Unit-master/FPU_Add_subt_Mult/RTL/Add-Subt/Multiplexer_AC.v:21]
	Parameter W bound to: 1 - type: integer 
INFO: [Synth 8-256] done synthesizing module 'Multiplexer_AC__parameterized10' (17#1) [C:/Users/jsequeira/Documents/Floating-Point-Unit-master/FPU_Add_subt_Mult/RTL/Add-Subt/Multiplexer_AC.v:21]
INFO: [Synth 8-638] synthesizing module 'Multiplexer_AC__parameterized11' [C:/Users/jsequeira/Documents/Floating-Point-Unit-master/FPU_Add_subt_Mult/RTL/Add-Subt/Multiplexer_AC.v:21]
	Parameter W bound to: 1 - type: integer 
INFO: [Synth 8-256] done synthesizing module 'Multiplexer_AC__parameterized11' (17#1) [C:/Users/jsequeira/Documents/Floating-Point-Unit-master/FPU_Add_subt_Mult/RTL/Add-Subt/Multiplexer_AC.v:21]
INFO: [Synth 8-638] synthesizing module 'Multiplexer_AC__parameterized12' [C:/Users/jsequeira/Documents/Floating-Point-Unit-master/FPU_Add_subt_Mult/RTL/Add-Subt/Multiplexer_AC.v:21]
	Parameter W bound to: 1 - type: integer 
INFO: [Synth 8-256] done synthesizing module 'Multiplexer_AC__parameterized12' (17#1) [C:/Users/jsequeira/Documents/Floating-Point-Unit-master/FPU_Add_subt_Mult/RTL/Add-Subt/Multiplexer_AC.v:21]
INFO: [Synth 8-638] synthesizing module 'Multiplexer_AC__parameterized13' [C:/Users/jsequeira/Documents/Floating-Point-Unit-master/FPU_Add_subt_Mult/RTL/Add-Subt/Multiplexer_AC.v:21]
	Parameter W bound to: 1 - type: integer 
INFO: [Synth 8-256] done synthesizing module 'Multiplexer_AC__parameterized13' (17#1) [C:/Users/jsequeira/Documents/Floating-Point-Unit-master/FPU_Add_subt_Mult/RTL/Add-Subt/Multiplexer_AC.v:21]
INFO: [Synth 8-638] synthesizing module 'Multiplexer_AC__parameterized14' [C:/Users/jsequeira/Documents/Floating-Point-Unit-master/FPU_Add_subt_Mult/RTL/Add-Subt/Multiplexer_AC.v:21]
	Parameter W bound to: 1 - type: integer 
INFO: [Synth 8-256] done synthesizing module 'Multiplexer_AC__parameterized14' (17#1) [C:/Users/jsequeira/Documents/Floating-Point-Unit-master/FPU_Add_subt_Mult/RTL/Add-Subt/Multiplexer_AC.v:21]
INFO: [Synth 8-638] synthesizing module 'Multiplexer_AC__parameterized15' [C:/Users/jsequeira/Documents/Floating-Point-Unit-master/FPU_Add_subt_Mult/RTL/Add-Subt/Multiplexer_AC.v:21]
	Parameter W bound to: 1 - type: integer 
INFO: [Synth 8-256] done synthesizing module 'Multiplexer_AC__parameterized15' (17#1) [C:/Users/jsequeira/Documents/Floating-Point-Unit-master/FPU_Add_subt_Mult/RTL/Add-Subt/Multiplexer_AC.v:21]
INFO: [Synth 8-638] synthesizing module 'Multiplexer_AC__parameterized16' [C:/Users/jsequeira/Documents/Floating-Point-Unit-master/FPU_Add_subt_Mult/RTL/Add-Subt/Multiplexer_AC.v:21]
	Parameter W bound to: 1 - type: integer 
INFO: [Synth 8-256] done synthesizing module 'Multiplexer_AC__parameterized16' (17#1) [C:/Users/jsequeira/Documents/Floating-Point-Unit-master/FPU_Add_subt_Mult/RTL/Add-Subt/Multiplexer_AC.v:21]
INFO: [Synth 8-638] synthesizing module 'Multiplexer_AC__parameterized17' [C:/Users/jsequeira/Documents/Floating-Point-Unit-master/FPU_Add_subt_Mult/RTL/Add-Subt/Multiplexer_AC.v:21]
	Parameter W bound to: 1 - type: integer 
INFO: [Synth 8-256] done synthesizing module 'Multiplexer_AC__parameterized17' (17#1) [C:/Users/jsequeira/Documents/Floating-Point-Unit-master/FPU_Add_subt_Mult/RTL/Add-Subt/Multiplexer_AC.v:21]
INFO: [Synth 8-638] synthesizing module 'Multiplexer_AC__parameterized18' [C:/Users/jsequeira/Documents/Floating-Point-Unit-master/FPU_Add_subt_Mult/RTL/Add-Subt/Multiplexer_AC.v:21]
	Parameter W bound to: 1 - type: integer 
INFO: [Synth 8-256] done synthesizing module 'Multiplexer_AC__parameterized18' (17#1) [C:/Users/jsequeira/Documents/Floating-Point-Unit-master/FPU_Add_subt_Mult/RTL/Add-Subt/Multiplexer_AC.v:21]
INFO: [Synth 8-638] synthesizing module 'Multiplexer_AC__parameterized19' [C:/Users/jsequeira/Documents/Floating-Point-Unit-master/FPU_Add_subt_Mult/RTL/Add-Subt/Multiplexer_AC.v:21]
	Parameter W bound to: 1 - type: integer 
INFO: [Synth 8-256] done synthesizing module 'Multiplexer_AC__parameterized19' (17#1) [C:/Users/jsequeira/Documents/Floating-Point-Unit-master/FPU_Add_subt_Mult/RTL/Add-Subt/Multiplexer_AC.v:21]
INFO: [Synth 8-638] synthesizing module 'Multiplexer_AC__parameterized20' [C:/Users/jsequeira/Documents/Floating-Point-Unit-master/FPU_Add_subt_Mult/RTL/Add-Subt/Multiplexer_AC.v:21]
	Parameter W bound to: 1 - type: integer 
INFO: [Synth 8-256] done synthesizing module 'Multiplexer_AC__parameterized20' (17#1) [C:/Users/jsequeira/Documents/Floating-Point-Unit-master/FPU_Add_subt_Mult/RTL/Add-Subt/Multiplexer_AC.v:21]
INFO: [Synth 8-638] synthesizing module 'Multiplexer_AC__parameterized21' [C:/Users/jsequeira/Documents/Floating-Point-Unit-master/FPU_Add_subt_Mult/RTL/Add-Subt/Multiplexer_AC.v:21]
	Parameter W bound to: 1 - type: integer 
INFO: [Synth 8-256] done synthesizing module 'Multiplexer_AC__parameterized21' (17#1) [C:/Users/jsequeira/Documents/Floating-Point-Unit-master/FPU_Add_subt_Mult/RTL/Add-Subt/Multiplexer_AC.v:21]
INFO: [Synth 8-638] synthesizing module 'Multiplexer_AC__parameterized22' [C:/Users/jsequeira/Documents/Floating-Point-Unit-master/FPU_Add_subt_Mult/RTL/Add-Subt/Multiplexer_AC.v:21]
	Parameter W bound to: 1 - type: integer 
INFO: [Synth 8-256] done synthesizing module 'Multiplexer_AC__parameterized22' (17#1) [C:/Users/jsequeira/Documents/Floating-Point-Unit-master/FPU_Add_subt_Mult/RTL/Add-Subt/Multiplexer_AC.v:21]
INFO: [Synth 8-638] synthesizing module 'Multiplexer_AC__parameterized23' [C:/Users/jsequeira/Documents/Floating-Point-Unit-master/FPU_Add_subt_Mult/RTL/Add-Subt/Multiplexer_AC.v:21]
	Parameter W bound to: 1 - type: integer 
INFO: [Synth 8-256] done synthesizing module 'Multiplexer_AC__parameterized23' (17#1) [C:/Users/jsequeira/Documents/Floating-Point-Unit-master/FPU_Add_subt_Mult/RTL/Add-Subt/Multiplexer_AC.v:21]
INFO: [Synth 8-638] synthesizing module 'Multiplexer_AC__parameterized24' [C:/Users/jsequeira/Documents/Floating-Point-Unit-master/FPU_Add_subt_Mult/RTL/Add-Subt/Multiplexer_AC.v:21]
	Parameter W bound to: 1 - type: integer 
INFO: [Synth 8-256] done synthesizing module 'Multiplexer_AC__parameterized24' (17#1) [C:/Users/jsequeira/Documents/Floating-Point-Unit-master/FPU_Add_subt_Mult/RTL/Add-Subt/Multiplexer_AC.v:21]
INFO: [Synth 8-638] synthesizing module 'Multiplexer_AC__parameterized25' [C:/Users/jsequeira/Documents/Floating-Point-Unit-master/FPU_Add_subt_Mult/RTL/Add-Subt/Multiplexer_AC.v:21]
	Parameter W bound to: 1 - type: integer 
INFO: [Synth 8-256] done synthesizing module 'Multiplexer_AC__parameterized25' (17#1) [C:/Users/jsequeira/Documents/Floating-Point-Unit-master/FPU_Add_subt_Mult/RTL/Add-Subt/Multiplexer_AC.v:21]
INFO: [Synth 8-638] synthesizing module 'Multiplexer_AC__parameterized26' [C:/Users/jsequeira/Documents/Floating-Point-Unit-master/FPU_Add_subt_Mult/RTL/Add-Subt/Multiplexer_AC.v:21]
	Parameter W bound to: 1 - type: integer 
INFO: [Synth 8-256] done synthesizing module 'Multiplexer_AC__parameterized26' (17#1) [C:/Users/jsequeira/Documents/Floating-Point-Unit-master/FPU_Add_subt_Mult/RTL/Add-Subt/Multiplexer_AC.v:21]
INFO: [Synth 8-638] synthesizing module 'Multiplexer_AC__parameterized27' [C:/Users/jsequeira/Documents/Floating-Point-Unit-master/FPU_Add_subt_Mult/RTL/Add-Subt/Multiplexer_AC.v:21]
	Parameter W bound to: 1 - type: integer 
INFO: [Synth 8-256] done synthesizing module 'Multiplexer_AC__parameterized27' (17#1) [C:/Users/jsequeira/Documents/Floating-Point-Unit-master/FPU_Add_subt_Mult/RTL/Add-Subt/Multiplexer_AC.v:21]
INFO: [Synth 8-638] synthesizing module 'Multiplexer_AC__parameterized28' [C:/Users/jsequeira/Documents/Floating-Point-Unit-master/FPU_Add_subt_Mult/RTL/Add-Subt/Multiplexer_AC.v:21]
	Parameter W bound to: 1 - type: integer 
INFO: [Synth 8-256] done synthesizing module 'Multiplexer_AC__parameterized28' (17#1) [C:/Users/jsequeira/Documents/Floating-Point-Unit-master/FPU_Add_subt_Mult/RTL/Add-Subt/Multiplexer_AC.v:21]
INFO: [Synth 8-638] synthesizing module 'Multiplexer_AC__parameterized29' [C:/Users/jsequeira/Documents/Floating-Point-Unit-master/FPU_Add_subt_Mult/RTL/Add-Subt/Multiplexer_AC.v:21]
	Parameter W bound to: 1 - type: integer 
INFO: [Synth 8-256] done synthesizing module 'Multiplexer_AC__parameterized29' (17#1) [C:/Users/jsequeira/Documents/Floating-Point-Unit-master/FPU_Add_subt_Mult/RTL/Add-Subt/Multiplexer_AC.v:21]
INFO: [Synth 8-638] synthesizing module 'Multiplexer_AC__parameterized30' [C:/Users/jsequeira/Documents/Floating-Point-Unit-master/FPU_Add_subt_Mult/RTL/Add-Subt/Multiplexer_AC.v:21]
	Parameter W bound to: 1 - type: integer 
INFO: [Synth 8-256] done synthesizing module 'Multiplexer_AC__parameterized30' (17#1) [C:/Users/jsequeira/Documents/Floating-Point-Unit-master/FPU_Add_subt_Mult/RTL/Add-Subt/Multiplexer_AC.v:21]
INFO: [Synth 8-638] synthesizing module 'Multiplexer_AC__parameterized31' [C:/Users/jsequeira/Documents/Floating-Point-Unit-master/FPU_Add_subt_Mult/RTL/Add-Subt/Multiplexer_AC.v:21]
	Parameter W bound to: 1 - type: integer 
INFO: [Synth 8-256] done synthesizing module 'Multiplexer_AC__parameterized31' (17#1) [C:/Users/jsequeira/Documents/Floating-Point-Unit-master/FPU_Add_subt_Mult/RTL/Add-Subt/Multiplexer_AC.v:21]
INFO: [Synth 8-638] synthesizing module 'Multiplexer_AC__parameterized32' [C:/Users/jsequeira/Documents/Floating-Point-Unit-master/FPU_Add_subt_Mult/RTL/Add-Subt/Multiplexer_AC.v:21]
	Parameter W bound to: 1 - type: integer 
INFO: [Synth 8-256] done synthesizing module 'Multiplexer_AC__parameterized32' (17#1) [C:/Users/jsequeira/Documents/Floating-Point-Unit-master/FPU_Add_subt_Mult/RTL/Add-Subt/Multiplexer_AC.v:21]
INFO: [Synth 8-638] synthesizing module 'Multiplexer_AC__parameterized33' [C:/Users/jsequeira/Documents/Floating-Point-Unit-master/FPU_Add_subt_Mult/RTL/Add-Subt/Multiplexer_AC.v:21]
	Parameter W bound to: 1 - type: integer 
INFO: [Synth 8-256] done synthesizing module 'Multiplexer_AC__parameterized33' (17#1) [C:/Users/jsequeira/Documents/Floating-Point-Unit-master/FPU_Add_subt_Mult/RTL/Add-Subt/Multiplexer_AC.v:21]
INFO: [Synth 8-638] synthesizing module 'Multiplexer_AC__parameterized34' [C:/Users/jsequeira/Documents/Floating-Point-Unit-master/FPU_Add_subt_Mult/RTL/Add-Subt/Multiplexer_AC.v:21]
	Parameter W bound to: 1 - type: integer 
INFO: [Synth 8-256] done synthesizing module 'Multiplexer_AC__parameterized34' (17#1) [C:/Users/jsequeira/Documents/Floating-Point-Unit-master/FPU_Add_subt_Mult/RTL/Add-Subt/Multiplexer_AC.v:21]
INFO: [Synth 8-638] synthesizing module 'Multiplexer_AC__parameterized35' [C:/Users/jsequeira/Documents/Floating-Point-Unit-master/FPU_Add_subt_Mult/RTL/Add-Subt/Multiplexer_AC.v:21]
	Parameter W bound to: 1 - type: integer 
INFO: [Synth 8-256] done synthesizing module 'Multiplexer_AC__parameterized35' (17#1) [C:/Users/jsequeira/Documents/Floating-Point-Unit-master/FPU_Add_subt_Mult/RTL/Add-Subt/Multiplexer_AC.v:21]
INFO: [Synth 8-638] synthesizing module 'Multiplexer_AC__parameterized36' [C:/Users/jsequeira/Documents/Floating-Point-Unit-master/FPU_Add_subt_Mult/RTL/Add-Subt/Multiplexer_AC.v:21]
	Parameter W bound to: 1 - type: integer 
INFO: [Synth 8-256] done synthesizing module 'Multiplexer_AC__parameterized36' (17#1) [C:/Users/jsequeira/Documents/Floating-Point-Unit-master/FPU_Add_subt_Mult/RTL/Add-Subt/Multiplexer_AC.v:21]
INFO: [Synth 8-638] synthesizing module 'Multiplexer_AC__parameterized37' [C:/Users/jsequeira/Documents/Floating-Point-Unit-master/FPU_Add_subt_Mult/RTL/Add-Subt/Multiplexer_AC.v:21]
	Parameter W bound to: 1 - type: integer 
INFO: [Synth 8-256] done synthesizing module 'Multiplexer_AC__parameterized37' (17#1) [C:/Users/jsequeira/Documents/Floating-Point-Unit-master/FPU_Add_subt_Mult/RTL/Add-Subt/Multiplexer_AC.v:21]
INFO: [Synth 8-638] synthesizing module 'Multiplexer_AC__parameterized38' [C:/Users/jsequeira/Documents/Floating-Point-Unit-master/FPU_Add_subt_Mult/RTL/Add-Subt/Multiplexer_AC.v:21]
	Parameter W bound to: 1 - type: integer 
INFO: [Synth 8-256] done synthesizing module 'Multiplexer_AC__parameterized38' (17#1) [C:/Users/jsequeira/Documents/Floating-Point-Unit-master/FPU_Add_subt_Mult/RTL/Add-Subt/Multiplexer_AC.v:21]
INFO: [Synth 8-638] synthesizing module 'Multiplexer_AC__parameterized39' [C:/Users/jsequeira/Documents/Floating-Point-Unit-master/FPU_Add_subt_Mult/RTL/Add-Subt/Multiplexer_AC.v:21]
	Parameter W bound to: 1 - type: integer 
INFO: [Synth 8-256] done synthesizing module 'Multiplexer_AC__parameterized39' (17#1) [C:/Users/jsequeira/Documents/Floating-Point-Unit-master/FPU_Add_subt_Mult/RTL/Add-Subt/Multiplexer_AC.v:21]
INFO: [Synth 8-638] synthesizing module 'Multiplexer_AC__parameterized40' [C:/Users/jsequeira/Documents/Floating-Point-Unit-master/FPU_Add_subt_Mult/RTL/Add-Subt/Multiplexer_AC.v:21]
	Parameter W bound to: 1 - type: integer 
INFO: [Synth 8-256] done synthesizing module 'Multiplexer_AC__parameterized40' (17#1) [C:/Users/jsequeira/Documents/Floating-Point-Unit-master/FPU_Add_subt_Mult/RTL/Add-Subt/Multiplexer_AC.v:21]
INFO: [Synth 8-638] synthesizing module 'Multiplexer_AC__parameterized41' [C:/Users/jsequeira/Documents/Floating-Point-Unit-master/FPU_Add_subt_Mult/RTL/Add-Subt/Multiplexer_AC.v:21]
	Parameter W bound to: 1 - type: integer 
INFO: [Synth 8-256] done synthesizing module 'Multiplexer_AC__parameterized41' (17#1) [C:/Users/jsequeira/Documents/Floating-Point-Unit-master/FPU_Add_subt_Mult/RTL/Add-Subt/Multiplexer_AC.v:21]
INFO: [Synth 8-638] synthesizing module 'Multiplexer_AC__parameterized42' [C:/Users/jsequeira/Documents/Floating-Point-Unit-master/FPU_Add_subt_Mult/RTL/Add-Subt/Multiplexer_AC.v:21]
	Parameter W bound to: 1 - type: integer 
INFO: [Synth 8-256] done synthesizing module 'Multiplexer_AC__parameterized42' (17#1) [C:/Users/jsequeira/Documents/Floating-Point-Unit-master/FPU_Add_subt_Mult/RTL/Add-Subt/Multiplexer_AC.v:21]
INFO: [Synth 8-638] synthesizing module 'Multiplexer_AC__parameterized43' [C:/Users/jsequeira/Documents/Floating-Point-Unit-master/FPU_Add_subt_Mult/RTL/Add-Subt/Multiplexer_AC.v:21]
	Parameter W bound to: 1 - type: integer 
INFO: [Synth 8-256] done synthesizing module 'Multiplexer_AC__parameterized43' (17#1) [C:/Users/jsequeira/Documents/Floating-Point-Unit-master/FPU_Add_subt_Mult/RTL/Add-Subt/Multiplexer_AC.v:21]
INFO: [Synth 8-638] synthesizing module 'Multiplexer_AC__parameterized44' [C:/Users/jsequeira/Documents/Floating-Point-Unit-master/FPU_Add_subt_Mult/RTL/Add-Subt/Multiplexer_AC.v:21]
	Parameter W bound to: 1 - type: integer 
INFO: [Synth 8-256] done synthesizing module 'Multiplexer_AC__parameterized44' (17#1) [C:/Users/jsequeira/Documents/Floating-Point-Unit-master/FPU_Add_subt_Mult/RTL/Add-Subt/Multiplexer_AC.v:21]
INFO: [Synth 8-638] synthesizing module 'Multiplexer_AC__parameterized45' [C:/Users/jsequeira/Documents/Floating-Point-Unit-master/FPU_Add_subt_Mult/RTL/Add-Subt/Multiplexer_AC.v:21]
	Parameter W bound to: 1 - type: integer 
INFO: [Synth 8-256] done synthesizing module 'Multiplexer_AC__parameterized45' (17#1) [C:/Users/jsequeira/Documents/Floating-Point-Unit-master/FPU_Add_subt_Mult/RTL/Add-Subt/Multiplexer_AC.v:21]
INFO: [Synth 8-638] synthesizing module 'Multiplexer_AC__parameterized46' [C:/Users/jsequeira/Documents/Floating-Point-Unit-master/FPU_Add_subt_Mult/RTL/Add-Subt/Multiplexer_AC.v:21]
	Parameter W bound to: 1 - type: integer 
INFO: [Synth 8-256] done synthesizing module 'Multiplexer_AC__parameterized46' (17#1) [C:/Users/jsequeira/Documents/Floating-Point-Unit-master/FPU_Add_subt_Mult/RTL/Add-Subt/Multiplexer_AC.v:21]
INFO: [Synth 8-638] synthesizing module 'Multiplexer_AC__parameterized47' [C:/Users/jsequeira/Documents/Floating-Point-Unit-master/FPU_Add_subt_Mult/RTL/Add-Subt/Multiplexer_AC.v:21]
	Parameter W bound to: 1 - type: integer 
INFO: [Synth 8-256] done synthesizing module 'Multiplexer_AC__parameterized47' (17#1) [C:/Users/jsequeira/Documents/Floating-Point-Unit-master/FPU_Add_subt_Mult/RTL/Add-Subt/Multiplexer_AC.v:21]
INFO: [Synth 8-638] synthesizing module 'Multiplexer_AC__parameterized48' [C:/Users/jsequeira/Documents/Floating-Point-Unit-master/FPU_Add_subt_Mult/RTL/Add-Subt/Multiplexer_AC.v:21]
	Parameter W bound to: 1 - type: integer 
INFO: [Synth 8-256] done synthesizing module 'Multiplexer_AC__parameterized48' (17#1) [C:/Users/jsequeira/Documents/Floating-Point-Unit-master/FPU_Add_subt_Mult/RTL/Add-Subt/Multiplexer_AC.v:21]
INFO: [Synth 8-638] synthesizing module 'Multiplexer_AC__parameterized49' [C:/Users/jsequeira/Documents/Floating-Point-Unit-master/FPU_Add_subt_Mult/RTL/Add-Subt/Multiplexer_AC.v:21]
	Parameter W bound to: 1 - type: integer 
INFO: [Synth 8-256] done synthesizing module 'Multiplexer_AC__parameterized49' (17#1) [C:/Users/jsequeira/Documents/Floating-Point-Unit-master/FPU_Add_subt_Mult/RTL/Add-Subt/Multiplexer_AC.v:21]
INFO: [Synth 8-638] synthesizing module 'Multiplexer_AC__parameterized50' [C:/Users/jsequeira/Documents/Floating-Point-Unit-master/FPU_Add_subt_Mult/RTL/Add-Subt/Multiplexer_AC.v:21]
	Parameter W bound to: 1 - type: integer 
INFO: [Synth 8-256] done synthesizing module 'Multiplexer_AC__parameterized50' (17#1) [C:/Users/jsequeira/Documents/Floating-Point-Unit-master/FPU_Add_subt_Mult/RTL/Add-Subt/Multiplexer_AC.v:21]
INFO: [Synth 8-638] synthesizing module 'Multiplexer_AC__parameterized51' [C:/Users/jsequeira/Documents/Floating-Point-Unit-master/FPU_Add_subt_Mult/RTL/Add-Subt/Multiplexer_AC.v:21]
	Parameter W bound to: 1 - type: integer 
INFO: [Synth 8-256] done synthesizing module 'Multiplexer_AC__parameterized51' (17#1) [C:/Users/jsequeira/Documents/Floating-Point-Unit-master/FPU_Add_subt_Mult/RTL/Add-Subt/Multiplexer_AC.v:21]
INFO: [Synth 8-638] synthesizing module 'Multiplexer_AC__parameterized52' [C:/Users/jsequeira/Documents/Floating-Point-Unit-master/FPU_Add_subt_Mult/RTL/Add-Subt/Multiplexer_AC.v:21]
	Parameter W bound to: 1 - type: integer 
INFO: [Synth 8-256] done synthesizing module 'Multiplexer_AC__parameterized52' (17#1) [C:/Users/jsequeira/Documents/Floating-Point-Unit-master/FPU_Add_subt_Mult/RTL/Add-Subt/Multiplexer_AC.v:21]
INFO: [Synth 8-638] synthesizing module 'Multiplexer_AC__parameterized53' [C:/Users/jsequeira/Documents/Floating-Point-Unit-master/FPU_Add_subt_Mult/RTL/Add-Subt/Multiplexer_AC.v:21]
	Parameter W bound to: 1 - type: integer 
INFO: [Synth 8-256] done synthesizing module 'Multiplexer_AC__parameterized53' (17#1) [C:/Users/jsequeira/Documents/Floating-Point-Unit-master/FPU_Add_subt_Mult/RTL/Add-Subt/Multiplexer_AC.v:21]
INFO: [Synth 8-256] done synthesizing module 'shift_mux_array' (18#1) [C:/Users/jsequeira/Documents/Floating-Point-Unit-master/FPU_Add_subt_Mult/RTL/Add-Subt/shift_mux.v:23]
INFO: [Synth 8-638] synthesizing module 'RegisterMult__parameterized3' [C:/Users/jsequeira/Documents/Floating-Point-Unit-master/FPU_Add_subt_Mult/RTL/Mult/RegisterMult.v:21]
	Parameter W bound to: 53 - type: integer 
INFO: [Synth 8-256] done synthesizing module 'RegisterMult__parameterized3' (18#1) [C:/Users/jsequeira/Documents/Floating-Point-Unit-master/FPU_Add_subt_Mult/RTL/Mult/RegisterMult.v:21]
INFO: [Synth 8-256] done synthesizing module 'Barrel_Shifter_M' (19#1) [C:/Users/jsequeira/Documents/Floating-Point-Unit-master/FPU_Add_subt_Mult/RTL/Mult/Barrel_Shifter_M.v:23]
INFO: [Synth 8-638] synthesizing module 'Round_decoder_M' [C:/Users/jsequeira/Documents/Floating-Point-Unit-master/FPU_Add_subt_Mult/RTL/Mult/Round_decoder_M.v:23]
	Parameter SW bound to: 52 - type: integer 
INFO: [Synth 8-638] synthesizing module 'OR_Module' [C:/Users/jsequeira/Documents/Floating-Point-Unit-master/FPU_Add_subt_Mult/RTL/Mult/OR_Module.v:21]
	Parameter W bound to: 52 - type: integer 
INFO: [Synth 8-256] done synthesizing module 'OR_Module' (20#1) [C:/Users/jsequeira/Documents/Floating-Point-Unit-master/FPU_Add_subt_Mult/RTL/Mult/OR_Module.v:21]
INFO: [Synth 8-638] synthesizing module 'Deco_Round_Mult' [C:/Users/jsequeira/Documents/Floating-Point-Unit-master/FPU_Add_subt_Mult/RTL/Mult/Deco_Round_Mult.v:21]
INFO: [Synth 8-256] done synthesizing module 'Deco_Round_Mult' (21#1) [C:/Users/jsequeira/Documents/Floating-Point-Unit-master/FPU_Add_subt_Mult/RTL/Mult/Deco_Round_Mult.v:21]
INFO: [Synth 8-256] done synthesizing module 'Round_decoder_M' (22#1) [C:/Users/jsequeira/Documents/Floating-Point-Unit-master/FPU_Add_subt_Mult/RTL/Mult/Round_decoder_M.v:23]
WARNING: [Synth 8-689] width (53) of port connection 'Round_Bits_i' does not match port width (52) of module 'Round_decoder_M' [C:/Users/jsequeira/Proyectos/Karatsuba.srcs/sources_1/new/FPU_Multiplication_Function_v2.v:314]
INFO: [Synth 8-638] synthesizing module 'Adder_Round' [C:/Users/jsequeira/Documents/Floating-Point-Unit-master/FPU_Add_subt_Mult/RTL/Mult/Adder_Round.v:23]
	Parameter SW bound to: 53 - type: integer 
INFO: [Synth 8-638] synthesizing module 'adder__parameterized10' [C:/Users/jsequeira/Documents/Floating-Point-Unit-master/FPU_Add_subt_Mult/RTL/Mult/adder.v:23]
	Parameter W bound to: 53 - type: integer 
INFO: [Synth 8-256] done synthesizing module 'adder__parameterized10' (22#1) [C:/Users/jsequeira/Documents/Floating-Point-Unit-master/FPU_Add_subt_Mult/RTL/Mult/adder.v:23]
INFO: [Synth 8-638] synthesizing module 'RegisterAdd__parameterized2' [C:/Users/jsequeira/Documents/Floating-Point-Unit-master/FPU_Add_subt_Mult/RTL/Add-Subt/RegisterAdd.v:21]
	Parameter W bound to: 53 - type: integer 
INFO: [Synth 8-256] done synthesizing module 'RegisterAdd__parameterized2' (22#1) [C:/Users/jsequeira/Documents/Floating-Point-Unit-master/FPU_Add_subt_Mult/RTL/Add-Subt/RegisterAdd.v:21]
INFO: [Synth 8-256] done synthesizing module 'Adder_Round' (23#1) [C:/Users/jsequeira/Documents/Floating-Point-Unit-master/FPU_Add_subt_Mult/RTL/Mult/Adder_Round.v:23]
INFO: [Synth 8-638] synthesizing module 'Tenth_Phase' [C:/Users/jsequeira/Documents/Floating-Point-Unit-master/FPU_Add_subt_Mult/RTL/Add-Subt/Tenth_Phase.v:21]
	Parameter W bound to: 64 - type: integer 
	Parameter EW bound to: 11 - type: integer 
	Parameter SW bound to: 52 - type: integer 
INFO: [Synth 8-638] synthesizing module 'Mux_3x1__parameterized0' [C:/Users/jsequeira/Documents/Floating-Point-Unit-master/FPU_Add_subt_Mult/RTL/Add-Subt/Mux_3x1.v:23]
	Parameter W bound to: 1 - type: integer 
INFO: [Synth 8-256] done synthesizing module 'Mux_3x1__parameterized0' (23#1) [C:/Users/jsequeira/Documents/Floating-Point-Unit-master/FPU_Add_subt_Mult/RTL/Add-Subt/Mux_3x1.v:23]
INFO: [Synth 8-638] synthesizing module 'Multiplexer_AC__parameterized54' [C:/Users/jsequeira/Documents/Floating-Point-Unit-master/FPU_Add_subt_Mult/RTL/Add-Subt/Multiplexer_AC.v:21]
	Parameter W bound to: 11 - type: integer 
INFO: [Synth 8-256] done synthesizing module 'Multiplexer_AC__parameterized54' (23#1) [C:/Users/jsequeira/Documents/Floating-Point-Unit-master/FPU_Add_subt_Mult/RTL/Add-Subt/Multiplexer_AC.v:21]
INFO: [Synth 8-638] synthesizing module 'Multiplexer_AC__parameterized55' [C:/Users/jsequeira/Documents/Floating-Point-Unit-master/FPU_Add_subt_Mult/RTL/Add-Subt/Multiplexer_AC.v:21]
	Parameter W bound to: 52 - type: integer 
INFO: [Synth 8-256] done synthesizing module 'Multiplexer_AC__parameterized55' (23#1) [C:/Users/jsequeira/Documents/Floating-Point-Unit-master/FPU_Add_subt_Mult/RTL/Add-Subt/Multiplexer_AC.v:21]
INFO: [Synth 8-638] synthesizing module 'RegisterAdd__parameterized3' [C:/Users/jsequeira/Documents/Floating-Point-Unit-master/FPU_Add_subt_Mult/RTL/Add-Subt/RegisterAdd.v:21]
	Parameter W bound to: 64 - type: integer 
INFO: [Synth 8-256] done synthesizing module 'RegisterAdd__parameterized3' (23#1) [C:/Users/jsequeira/Documents/Floating-Point-Unit-master/FPU_Add_subt_Mult/RTL/Add-Subt/RegisterAdd.v:21]
INFO: [Synth 8-256] done synthesizing module 'Tenth_Phase' (24#1) [C:/Users/jsequeira/Documents/Floating-Point-Unit-master/FPU_Add_subt_Mult/RTL/Add-Subt/Tenth_Phase.v:21]
INFO: [Synth 8-256] done synthesizing module 'FPU_Multiplication_Function_v2' (25#1) [C:/Users/jsequeira/Proyectos/Karatsuba.srcs/sources_1/new/FPU_Multiplication_Function_v2.v:23]
---------------------------------------------------------------------------------
Finished Synthesize : Time (s): cpu = 00:00:09 ; elapsed = 00:00:12 . Memory (MB): peak = 344.332 ; gain = 137.672
---------------------------------------------------------------------------------
---------------------------------------------------------------------------------
Finished Constraint Validation : Time (s): cpu = 00:00:09 ; elapsed = 00:00:12 . Memory (MB): peak = 344.332 ; gain = 137.672
---------------------------------------------------------------------------------
---------------------------------------------------------------------------------
Start Loading Part and Timing Information
---------------------------------------------------------------------------------
Loading part: xc7a100tcsg324-1
---------------------------------------------------------------------------------
Finished Loading Part and Timing Information : Time (s): cpu = 00:00:09 ; elapsed = 00:00:12 . Memory (MB): peak = 344.332 ; gain = 137.672
---------------------------------------------------------------------------------
INFO: [Device 21-403] Loading part xc7a100tcsg324-1
INFO: [Synth 8-802] inferred FSM for state register 'state_reg_reg' in module 'FSM_Mult_Function'
INFO: [Synth 8-5544] ROM "ready" won't be mapped to Block RAM because address size (4) smaller than threshold (5)
INFO: [Synth 8-5544] ROM "rst_int" won't be mapped to Block RAM because address size (4) smaller than threshold (5)
INFO: [Synth 8-5544] ROM "exp_op_o" won't be mapped to Block RAM because address size (4) smaller than threshold (5)
INFO: [Synth 8-5544] ROM "load_6_o" won't be mapped to Block RAM because address size (4) smaller than threshold (5)
INFO: [Synth 8-5544] ROM "load_5_o" won't be mapped to Block RAM because address size (4) smaller than threshold (5)
INFO: [Synth 8-5544] ROM "load_4_o" won't be mapped to Block RAM because address size (4) smaller than threshold (5)
INFO: [Synth 8-5544] ROM "load_1_o" won't be mapped to Block RAM because address size (4) smaller than threshold (5)
INFO: [Synth 8-5544] ROM "load_0_o" won't be mapped to Block RAM because address size (4) smaller than threshold (5)
INFO: [Synth 8-5544] ROM "state_next" won't be mapped to Block RAM because address size (1) smaller than threshold (5)
INFO: [Synth 8-5544] ROM "state_next" won't be mapped to Block RAM because address size (1) smaller than threshold (5)
INFO: [Synth 8-5544] ROM "state_next" won't be mapped to Block RAM because address size (1) smaller than threshold (5)
INFO: [Synth 8-5818] HDL ADVISOR - The operator resource <adder> is shared. To prevent sharing consider applying a KEEP on the output of the operator [C:/Users/jsequeira/Documents/Floating-Point-Unit-master/FPU_Add_subt_Mult/RTL/Add-Subt/add_sub_carry_out.v:33]
INFO: [Synth 8-5544] ROM "ctrl" won't be mapped to Block RAM because address size (4) smaller than threshold (5)
---------------------------------------------------------------------------------------------------
                   State |                     New Encoding |                Previous Encoding 
---------------------------------------------------------------------------------------------------
                   start |                             0000 |                             0000
           load_operands |                             0001 |                             0001
               extra64_1 |                             0010 |                             0010
                 add_exp |                             0011 |                             0011
               subt_bias |                             0100 |                             0100
              mult_overf |                             0101 |                             0101
               mult_norn |                             0110 |                             0110
            mult_no_norn |                             0111 |                             0111
              round_case |                             1000 |                             1000
             adder_round |                             1001 |                             1001
              round_norm |                             1010 |                             1010
              final_load |                             1011 |                             1011
              ready_flag |                             1100 |                             1100
---------------------------------------------------------------------------------------------------
INFO: [Synth 8-3354] encoded FSM with state register 'state_reg_reg' using encoding 'sequential' in module 'FSM_Mult_Function'
---------------------------------------------------------------------------------
Finished RTL Optimization Phase 2 : Time (s): cpu = 00:00:12 ; elapsed = 00:00:13 . Memory (MB): peak = 397.734 ; gain = 191.074
---------------------------------------------------------------------------------

Report RTL Partitions: 
+-+--------------+------------+----------+
| |RTL Partition |Replication |Instances |
+-+--------------+------------+----------+
+-+--------------+------------+----------+
No constraint files found.
---------------------------------------------------------------------------------
Start RTL Component Statistics 
---------------------------------------------------------------------------------
Detailed RTL Component Info : 
+---Adders : 
	   2 Input    107 Bit       Adders := 1     
	   2 Input     57 Bit       Adders := 1     
	   3 Input     56 Bit       Adders := 2     
	   2 Input     55 Bit       Adders := 1     
	   2 Input     54 Bit       Adders := 1     
	   2 Input     53 Bit       Adders := 1     
	   3 Input     30 Bit       Adders := 4     
	   3 Input     28 Bit       Adders := 2     
	   2 Input     28 Bit       Adders := 2     
	   2 Input     15 Bit       Adders := 4     
	   2 Input     14 Bit       Adders := 2     
	   3 Input     13 Bit       Adders := 1     
+---XORs : 
	   2 Input      1 Bit         XORs := 1     
+---Registers : 
	              106 Bit    Registers := 1     
	               64 Bit    Registers := 3     
	               53 Bit    Registers := 2     
	               12 Bit    Registers := 1     
	                2 Bit    Registers := 1     
	                1 Bit    Registers := 6     
+---Muxes : 
	   2 Input     53 Bit        Muxes := 1     
	   2 Input     52 Bit        Muxes := 1     
	   2 Input     13 Bit        Muxes := 1     
	   2 Input     12 Bit        Muxes := 1     
	   4 Input     11 Bit        Muxes := 1     
	   2 Input     11 Bit        Muxes := 1     
	  17 Input      4 Bit        Muxes := 1     
	  13 Input      2 Bit        Muxes := 1     
	  13 Input      1 Bit        Muxes := 14    
	   2 Input      1 Bit        Muxes := 53    
	   5 Input      1 Bit        Muxes := 1     
	   4 Input      1 Bit        Muxes := 1     
---------------------------------------------------------------------------------
Finished RTL Component Statistics 
---------------------------------------------------------------------------------
---------------------------------------------------------------------------------
Start RTL Hierarchical Component Statistics 
---------------------------------------------------------------------------------
Hierarchical RTL Component report 
Module FSM_Mult_Function 
Detailed RTL Component Info : 
+---Muxes : 
	  17 Input      4 Bit        Muxes := 1     
	  13 Input      2 Bit        Muxes := 1     
	  13 Input      1 Bit        Muxes := 14    
Module RegisterAdd 
Detailed RTL Component Info : 
+---Registers : 
	                1 Bit    Registers := 1     
Module RegisterAdd__parameterized0 
Detailed RTL Component Info : 
+---Registers : 
	                2 Bit    Registers := 1     
Module RegisterMult 
Detailed RTL Component Info : 
+---Registers : 
	               64 Bit    Registers := 1     
Module Multiplexer_AC 
Detailed RTL Component Info : 
+---Muxes : 
	   2 Input     12 Bit        Muxes := 1     
Module Mux_3x1 
Detailed RTL Component Info : 
+---Muxes : 
	   4 Input     11 Bit        Muxes := 1     
Module add_sub_carry_out 
Detailed RTL Component Info : 
+---Adders : 
	   3 Input     13 Bit       Adders := 1     
+---Muxes : 
	   2 Input     13 Bit        Muxes := 1     
Module RegisterMult__parameterized0 
Detailed RTL Component Info : 
+---Registers : 
	               12 Bit    Registers := 1     
Module RegisterMult__parameterized1 
Detailed RTL Component Info : 
+---Registers : 
	                1 Bit    Registers := 1     
Module RegisterMult__parameterized2 
Detailed RTL Component Info : 
+---Registers : 
	                1 Bit    Registers := 1     
Module XOR_M 
Detailed RTL Component Info : 
+---XORs : 
	   2 Input      1 Bit         XORs := 1     
Module adder 
Detailed RTL Component Info : 
+---Adders : 
	   2 Input     14 Bit       Adders := 1     
Module substractor 
Detailed RTL Component Info : 
+---Adders : 
	   3 Input     28 Bit       Adders := 1     
Module adder__parameterized0 
Detailed RTL Component Info : 
+---Adders : 
	   2 Input     53 Bit       Adders := 1     
Module adder__parameterized1 
Detailed RTL Component Info : 
+---Adders : 
	   2 Input     15 Bit       Adders := 1     
Module adder__parameterized2 
Detailed RTL Component Info : 
+---Adders : 
	   2 Input     15 Bit       Adders := 1     
Module substractor__parameterized0 
Detailed RTL Component Info : 
+---Adders : 
	   3 Input     30 Bit       Adders := 1     
Module substractor__parameterized1 
Detailed RTL Component Info : 
+---Adders : 
	   3 Input     30 Bit       Adders := 1     
Module adder__parameterized3 
Detailed RTL Component Info : 
+---Adders : 
	   2 Input     55 Bit       Adders := 1     
Module adder__parameterized4 
Detailed RTL Component Info : 
+---Adders : 
	   2 Input     28 Bit       Adders := 1     
Module adder__parameterized5 
Detailed RTL Component Info : 
+---Adders : 
	   2 Input     28 Bit       Adders := 1     
Module adder__parameterized6 
Detailed RTL Component Info : 
+---Adders : 
	   2 Input     15 Bit       Adders := 1     
Module adder__parameterized7 
Detailed RTL Component Info : 
+---Adders : 
	   2 Input     15 Bit       Adders := 1     
Module substractor__parameterized2 
Detailed RTL Component Info : 
+---Adders : 
	   3 Input     30 Bit       Adders := 1     
Module substractor__parameterized3 
Detailed RTL Component Info : 
+---Adders : 
	   3 Input     30 Bit       Adders := 1     
Module adder__parameterized8 
Detailed RTL Component Info : 
+---Adders : 
	   2 Input     57 Bit       Adders := 1     
Module substractor__parameterized4 
Detailed RTL Component Info : 
+---Adders : 
	   3 Input     56 Bit       Adders := 1     
Module substractor__parameterized5 
Detailed RTL Component Info : 
+---Adders : 
	   3 Input     56 Bit       Adders := 1     
Module adder__parameterized9 
Detailed RTL Component Info : 
+---Adders : 
	   2 Input    107 Bit       Adders := 1     
Module RegisterAdd__parameterized1 
Detailed RTL Component Info : 
+---Registers : 
	              106 Bit    Registers := 1     
Module Multiplexer_AC__parameterized0 
Detailed RTL Component Info : 
+---Muxes : 
	   2 Input     53 Bit        Muxes := 1     
Module Multiplexer_AC__parameterized1 
Detailed RTL Component Info : 
+---Muxes : 
	   2 Input      1 Bit        Muxes := 1     
Module Multiplexer_AC__parameterized2 
Detailed RTL Component Info : 
+---Muxes : 
	   2 Input      1 Bit        Muxes := 1     
Module Multiplexer_AC__parameterized3 
Detailed RTL Component Info : 
+---Muxes : 
	   2 Input      1 Bit        Muxes := 1     
Module Multiplexer_AC__parameterized4 
Detailed RTL Component Info : 
+---Muxes : 
	   2 Input      1 Bit        Muxes := 1     
Module Multiplexer_AC__parameterized5 
Detailed RTL Component Info : 
+---Muxes : 
	   2 Input      1 Bit        Muxes := 1     
Module Multiplexer_AC__parameterized6 
Detailed RTL Component Info : 
+---Muxes : 
	   2 Input      1 Bit        Muxes := 1     
Module Multiplexer_AC__parameterized7 
Detailed RTL Component Info : 
+---Muxes : 
	   2 Input      1 Bit        Muxes := 1     
Module Multiplexer_AC__parameterized8 
Detailed RTL Component Info : 
+---Muxes : 
	   2 Input      1 Bit        Muxes := 1     
Module Multiplexer_AC__parameterized9 
Detailed RTL Component Info : 
+---Muxes : 
	   2 Input      1 Bit        Muxes := 1     
Module Multiplexer_AC__parameterized10 
Detailed RTL Component Info : 
+---Muxes : 
	   2 Input      1 Bit        Muxes := 1     
Module Multiplexer_AC__parameterized11 
Detailed RTL Component Info : 
+---Muxes : 
	   2 Input      1 Bit        Muxes := 1     
Module Multiplexer_AC__parameterized12 
Detailed RTL Component Info : 
+---Muxes : 
	   2 Input      1 Bit        Muxes := 1     
Module Multiplexer_AC__parameterized13 
Detailed RTL Component Info : 
+---Muxes : 
	   2 Input      1 Bit        Muxes := 1     
Module Multiplexer_AC__parameterized14 
Detailed RTL Component Info : 
+---Muxes : 
	   2 Input      1 Bit        Muxes := 1     
Module Multiplexer_AC__parameterized15 
Detailed RTL Component Info : 
+---Muxes : 
	   2 Input      1 Bit        Muxes := 1     
Module Multiplexer_AC__parameterized16 
Detailed RTL Component Info : 
+---Muxes : 
	   2 Input      1 Bit        Muxes := 1     
Module Multiplexer_AC__parameterized17 
Detailed RTL Component Info : 
+---Muxes : 
	   2 Input      1 Bit        Muxes := 1     
Module Multiplexer_AC__parameterized18 
Detailed RTL Component Info : 
+---Muxes : 
	   2 Input      1 Bit        Muxes := 1     
Module Multiplexer_AC__parameterized19 
Detailed RTL Component Info : 
+---Muxes : 
	   2 Input      1 Bit        Muxes := 1     
Module Multiplexer_AC__parameterized20 
Detailed RTL Component Info : 
+---Muxes : 
	   2 Input      1 Bit        Muxes := 1     
Module Multiplexer_AC__parameterized21 
Detailed RTL Component Info : 
+---Muxes : 
	   2 Input      1 Bit        Muxes := 1     
Module Multiplexer_AC__parameterized22 
Detailed RTL Component Info : 
+---Muxes : 
	   2 Input      1 Bit        Muxes := 1     
Module Multiplexer_AC__parameterized23 
Detailed RTL Component Info : 
+---Muxes : 
	   2 Input      1 Bit        Muxes := 1     
Module Multiplexer_AC__parameterized24 
Detailed RTL Component Info : 
+---Muxes : 
	   2 Input      1 Bit        Muxes := 1     
Module Multiplexer_AC__parameterized25 
Detailed RTL Component Info : 
+---Muxes : 
	   2 Input      1 Bit        Muxes := 1     
Module Multiplexer_AC__parameterized26 
Detailed RTL Component Info : 
+---Muxes : 
	   2 Input      1 Bit        Muxes := 1     
Module Multiplexer_AC__parameterized27 
Detailed RTL Component Info : 
+---Muxes : 
	   2 Input      1 Bit        Muxes := 1     
Module Multiplexer_AC__parameterized28 
Detailed RTL Component Info : 
+---Muxes : 
	   2 Input      1 Bit        Muxes := 1     
Module Multiplexer_AC__parameterized29 
Detailed RTL Component Info : 
+---Muxes : 
	   2 Input      1 Bit        Muxes := 1     
Module Multiplexer_AC__parameterized30 
Detailed RTL Component Info : 
+---Muxes : 
	   2 Input      1 Bit        Muxes := 1     
Module Multiplexer_AC__parameterized31 
Detailed RTL Component Info : 
+---Muxes : 
	   2 Input      1 Bit        Muxes := 1     
Module Multiplexer_AC__parameterized32 
Detailed RTL Component Info : 
+---Muxes : 
	   2 Input      1 Bit        Muxes := 1     
Module Multiplexer_AC__parameterized33 
Detailed RTL Component Info : 
+---Muxes : 
	   2 Input      1 Bit        Muxes := 1     
Module Multiplexer_AC__parameterized34 
Detailed RTL Component Info : 
+---Muxes : 
	   2 Input      1 Bit        Muxes := 1     
Module Multiplexer_AC__parameterized35 
Detailed RTL Component Info : 
+---Muxes : 
	   2 Input      1 Bit        Muxes := 1     
Module Multiplexer_AC__parameterized36 
Detailed RTL Component Info : 
+---Muxes : 
	   2 Input      1 Bit        Muxes := 1     
Module Multiplexer_AC__parameterized37 
Detailed RTL Component Info : 
+---Muxes : 
	   2 Input      1 Bit        Muxes := 1     
Module Multiplexer_AC__parameterized38 
Detailed RTL Component Info : 
+---Muxes : 
	   2 Input      1 Bit        Muxes := 1     
Module Multiplexer_AC__parameterized39 
Detailed RTL Component Info : 
+---Muxes : 
	   2 Input      1 Bit        Muxes := 1     
Module Multiplexer_AC__parameterized40 
Detailed RTL Component Info : 
+---Muxes : 
	   2 Input      1 Bit        Muxes := 1     
Module Multiplexer_AC__parameterized41 
Detailed RTL Component Info : 
+---Muxes : 
	   2 Input      1 Bit        Muxes := 1     
Module Multiplexer_AC__parameterized42 
Detailed RTL Component Info : 
+---Muxes : 
	   2 Input      1 Bit        Muxes := 1     
Module Multiplexer_AC__parameterized43 
Detailed RTL Component Info : 
+---Muxes : 
	   2 Input      1 Bit        Muxes := 1     
Module Multiplexer_AC__parameterized44 
Detailed RTL Component Info : 
+---Muxes : 
	   2 Input      1 Bit        Muxes := 1     
Module Multiplexer_AC__parameterized45 
Detailed RTL Component Info : 
+---Muxes : 
	   2 Input      1 Bit        Muxes := 1     
Module Multiplexer_AC__parameterized46 
Detailed RTL Component Info : 
+---Muxes : 
	   2 Input      1 Bit        Muxes := 1     
Module Multiplexer_AC__parameterized47 
Detailed RTL Component Info : 
+---Muxes : 
	   2 Input      1 Bit        Muxes := 1     
Module Multiplexer_AC__parameterized48 
Detailed RTL Component Info : 
+---Muxes : 
	   2 Input      1 Bit        Muxes := 1     
Module Multiplexer_AC__parameterized49 
Detailed RTL Component Info : 
+---Muxes : 
	   2 Input      1 Bit        Muxes := 1     
Module Multiplexer_AC__parameterized50 
Detailed RTL Component Info : 
+---Muxes : 
	   2 Input      1 Bit        Muxes := 1     
Module Multiplexer_AC__parameterized51 
Detailed RTL Component Info : 
+---Muxes : 
	   2 Input      1 Bit        Muxes := 1     
Module Multiplexer_AC__parameterized52 
Detailed RTL Component Info : 
+---Muxes : 
	   2 Input      1 Bit        Muxes := 1     
Module Multiplexer_AC__parameterized53 
Detailed RTL Component Info : 
+---Muxes : 
	   2 Input      1 Bit        Muxes := 1     
Module RegisterMult__parameterized3 
Detailed RTL Component Info : 
+---Registers : 
	               53 Bit    Registers := 1     
Module Deco_Round_Mult 
Detailed RTL Component Info : 
+---Muxes : 
	   5 Input      1 Bit        Muxes := 1     
Module adder__parameterized10 
Detailed RTL Component Info : 
+---Adders : 
	   2 Input     54 Bit       Adders := 1     
Module RegisterAdd__parameterized2 
Detailed RTL Component Info : 
+---Registers : 
	               53 Bit    Registers := 1     
Module Mux_3x1__parameterized0 
Detailed RTL Component Info : 
+---Muxes : 
	   4 Input      1 Bit        Muxes := 1     
Module Multiplexer_AC__parameterized54 
Detailed RTL Component Info : 
+---Muxes : 
	   2 Input     11 Bit        Muxes := 1     
Module Multiplexer_AC__parameterized55 
Detailed RTL Component Info : 
+---Muxes : 
	   2 Input     52 Bit        Muxes := 1     
Module RegisterAdd__parameterized3 
Detailed RTL Component Info : 
+---Registers : 
	               64 Bit    Registers := 1     
---------------------------------------------------------------------------------
Finished RTL Hierarchical Component Statistics
---------------------------------------------------------------------------------
---------------------------------------------------------------------------------
Start Part Resource Summary
---------------------------------------------------------------------------------
Part Resources:
DSPs: 240 (col length:80)
BRAMs: 270 (col length: RAMB18 80 RAMB36 40)
---------------------------------------------------------------------------------
Finished Part Resource Summary
---------------------------------------------------------------------------------
Start Parallel Synthesis Optimization  : Time (s): cpu = 00:00:14 ; elapsed = 00:00:16 . Memory (MB): peak = 473.672 ; gain = 267.012
---------------------------------------------------------------------------------
Start Cross Boundary Optimization
---------------------------------------------------------------------------------
DSP Report: Generating DSP Sgf_operation/main_KOA/middle/left/main/Data_S_o, operation Mode is: A*B.
DSP Report: operator Sgf_operation/main_KOA/middle/left/main/Data_S_o is absorbed into DSP Sgf_operation/main_KOA/middle/left/main/Data_S_o.
DSP Report: Generating DSP Sgf_operation/main_KOA/middle/Subtr_1/Data_S_o0, operation Mode is: C+(D+A)*B+1.
DSP Report: operator Sgf_operation/main_KOA/middle/Subtr_1/Data_S_o0 is absorbed into DSP Sgf_operation/main_KOA/middle/Subtr_1/Data_S_o0.
DSP Report: operator Sgf_operation/main_KOA/middle/middle/main/Data_S_o is absorbed into DSP Sgf_operation/main_KOA/middle/Subtr_1/Data_S_o0.
DSP Report: operator Sgf_operation/main_KOA/middle/A_operation/Data_S_o0 is absorbed into DSP Sgf_operation/main_KOA/middle/Subtr_1/Data_S_o0.
DSP Report: Generating DSP Sgf_operation/main_KOA/middle/right/main/Data_S_o, operation Mode is: A*B.
DSP Report: operator Sgf_operation/main_KOA/middle/right/main/Data_S_o is absorbed into DSP Sgf_operation/main_KOA/middle/right/main/Data_S_o.
DSP Report: Generating DSP Sgf_operation/main_KOA/middle/Subtr_2/Data_S_o0, operation Mode is: PCIN-A:B.
DSP Report: operator Sgf_operation/main_KOA/middle/Subtr_2/Data_S_o0 is absorbed into DSP Sgf_operation/main_KOA/middle/Subtr_2/Data_S_o0.
DSP Report: Generating DSP Sgf_operation/main_KOA/left_high/left/main/Data_S_o, operation Mode is: A*B.
DSP Report: operator Sgf_operation/main_KOA/left_high/left/main/Data_S_o is absorbed into DSP Sgf_operation/main_KOA/left_high/left/main/Data_S_o.
DSP Report: Generating DSP Sgf_operation/main_KOA/left_high/Subtr_1/Data_S_o0, operation Mode is: C+(D+A)*B+1.
DSP Report: operator Sgf_operation/main_KOA/left_high/Subtr_1/Data_S_o0 is absorbed into DSP Sgf_operation/main_KOA/left_high/Subtr_1/Data_S_o0.
DSP Report: operator Sgf_operation/main_KOA/left_high/middle/main/Data_S_o is absorbed into DSP Sgf_operation/main_KOA/left_high/Subtr_1/Data_S_o0.
DSP Report: operator Sgf_operation/main_KOA/left_high/A_operation/Data_S_o0 is absorbed into DSP Sgf_operation/main_KOA/left_high/Subtr_1/Data_S_o0.
DSP Report: Generating DSP Sgf_operation/main_KOA/left_high/right/main/Data_S_o, operation Mode is: A*B.
DSP Report: operator Sgf_operation/main_KOA/left_high/right/main/Data_S_o is absorbed into DSP Sgf_operation/main_KOA/left_high/right/main/Data_S_o.
DSP Report: Generating DSP Sgf_operation/main_KOA/left_high/Subtr_2/Data_S_o0, operation Mode is: PCIN-A:B.
DSP Report: operator Sgf_operation/main_KOA/left_high/Subtr_2/Data_S_o0 is absorbed into DSP Sgf_operation/main_KOA/left_high/Subtr_2/Data_S_o0.
DSP Report: Generating DSP Sgf_operation/main_KOA/right_lower/left_high/main/Data_S_o, operation Mode is: A*B.
DSP Report: operator Sgf_operation/main_KOA/right_lower/left_high/main/Data_S_o is absorbed into DSP Sgf_operation/main_KOA/right_lower/left_high/main/Data_S_o.
DSP Report: Generating DSP Sgf_operation/main_KOA/right_lower/Subtr_1/Data_S_o0, operation Mode is: C+(D+A)*B+1.
DSP Report: operator Sgf_operation/main_KOA/right_lower/Subtr_1/Data_S_o0 is absorbed into DSP Sgf_operation/main_KOA/right_lower/Subtr_1/Data_S_o0.
DSP Report: operator Sgf_operation/main_KOA/right_lower/middle/main/Data_S_o is absorbed into DSP Sgf_operation/main_KOA/right_lower/Subtr_1/Data_S_o0.
DSP Report: operator Sgf_operation/main_KOA/right_lower/A_operation/Data_S_o0 is absorbed into DSP Sgf_operation/main_KOA/right_lower/Subtr_1/Data_S_o0.
DSP Report: Generating DSP Sgf_operation/main_KOA/right_lower/right_lower/main/Data_S_o, operation Mode is: A*B.
DSP Report: operator Sgf_operation/main_KOA/right_lower/right_lower/main/Data_S_o is absorbed into DSP Sgf_operation/main_KOA/right_lower/right_lower/main/Data_S_o.
DSP Report: Generating DSP Sgf_operation/main_KOA/right_lower/Subtr_2/Data_S_o0, operation Mode is: PCIN-A:B.
DSP Report: operator Sgf_operation/main_KOA/right_lower/Subtr_2/Data_S_o0 is absorbed into DSP Sgf_operation/main_KOA/right_lower/Subtr_2/Data_S_o0.
---------------------------------------------------------------------------------
Finished Cross Boundary Optimization : Time (s): cpu = 00:00:15 ; elapsed = 00:00:17 . Memory (MB): peak = 473.734 ; gain = 267.074
---------------------------------------------------------------------------------
Finished Parallel Reinference  : Time (s): cpu = 00:00:15 ; elapsed = 00:00:17 . Memory (MB): peak = 473.734 ; gain = 267.074

Report RTL Partitions: 
+-+--------------+------------+----------+
| |RTL Partition |Replication |Instances |
+-+--------------+------------+----------+
+-+--------------+------------+----------+
---------------------------------------------------------------------------------
Start ROM, RAM, DSP and Shift Register Reporting
---------------------------------------------------------------------------------

DSP: Preliminary Mapping  Report (see note below)
+-------------------------------+-------------+--------+--------+--------+--------+--------+------+------+------+------+-------+------+------+
|Module Name                    | DSP Mapping | A Size | B Size | C Size | D Size | P Size | AREG | BREG | CREG | DREG | ADREG | MREG | PREG | 
+-------------------------------+-------------+--------+--------+--------+--------+--------+------+------+------+------+-------+------+------+
|multiplier_C                   | A*B         | 14     | 14     | -      | -      | 28     | 0    | 0    | -    | -    | -     | 0    | 0    | 
|multiplier_C                   | C+(D+A)*B+1 | 14     | 15     | 30     | 14     | 30     | 0    | 0    | 0    | 0    | 0     | 0    | 0    | 
|multiplier_C                   | A*B         | 14     | 14     | -      | -      | 28     | 0    | 0    | -    | -    | -     | 0    | 0    | 
|FPU_Multiplication_Function_v2 | PCIN-A:B    | 12     | 18     | -      | -      | -1     | 0    | 0    | -    | -    | -     | 0    | 0    | 
|multiplier_C                   | A*B         | 13     | 13     | -      | -      | 26     | 0    | 0    | -    | -    | -     | 0    | 0    | 
|multiplier_C                   | C+(D+A)*B+1 | 13     | 14     | 28     | 13     | 28     | 0    | 0    | 0    | 0    | 0     | 0    | 0    | 
|multiplier_C                   | A*B         | 13     | 13     | -      | -      | 26     | 0    | 0    | -    | -    | -     | 0    | 0    | 
|FPU_Multiplication_Function_v2 | PCIN-A:B    | 10     | 18     | -      | -      | -1     | 0    | 0    | -    | -    | -     | 0    | 0    | 
|multiplier_C                   | A*B         | 13     | 13     | -      | -      | 26     | 0    | 0    | -    | -    | -     | 0    | 0    | 
|multiplier_C                   | C+(D+A)*B+1 | 14     | 15     | 30     | 13     | 30     | 0    | 0    | 0    | 0    | 0     | 0    | 0    | 
|multiplier_C                   | A*B         | 14     | 14     | -      | -      | 28     | 0    | 0    | -    | -    | -     | 0    | 0    | 
|FPU_Multiplication_Function_v2 | PCIN-A:B    | 12     | 18     | -      | -      | -1     | 0    | 0    | -    | -    | -     | 0    | 0    | 
+-------------------------------+-------------+--------+--------+--------+--------+--------+------+------+------+------+-------+------+------+

Note: The table above is a preliminary report that shows the DSPs inferred at the current stage of the synthesis flow. Some DSP may be reimplemented as non DSP primitives later in the synthesis flow. Multiple instantiated DSPs are reported only once.
---------------------------------------------------------------------------------
Finished ROM, RAM, DSP and Shift Register Reporting
---------------------------------------------------------------------------------
No constraint files found.
---------------------------------------------------------------------------------
Start Area Optimization
---------------------------------------------------------------------------------
---------------------------------------------------------------------------------
Finished Area Optimization : Time (s): cpu = 00:00:17 ; elapsed = 00:00:18 . Memory (MB): peak = 495.363 ; gain = 288.703
---------------------------------------------------------------------------------
Finished Parallel Area Optimization  : Time (s): cpu = 00:00:17 ; elapsed = 00:00:18 . Memory (MB): peak = 495.363 ; gain = 288.703

Report RTL Partitions: 
+-+--------------+------------+----------+
| |RTL Partition |Replication |Instances |
+-+--------------+------------+----------+
+-+--------------+------------+----------+
---------------------------------------------------------------------------------
Start Timing Optimization
---------------------------------------------------------------------------------
No constraint files found.
---------------------------------------------------------------------------------
Finished Timing Optimization : Time (s): cpu = 00:00:17 ; elapsed = 00:00:18 . Memory (MB): peak = 495.363 ; gain = 288.703
---------------------------------------------------------------------------------

Report RTL Partitions: 
+-+--------------+------------+----------+
| |RTL Partition |Replication |Instances |
+-+--------------+------------+----------+
+-+--------------+------------+----------+
---------------------------------------------------------------------------------
Start Technology Mapping
---------------------------------------------------------------------------------
---------------------------------------------------------------------------------
Finished Technology Mapping : Time (s): cpu = 00:00:17 ; elapsed = 00:00:19 . Memory (MB): peak = 497.645 ; gain = 290.984
---------------------------------------------------------------------------------
Finished Parallel Technology Mapping Optimization  : Time (s): cpu = 00:00:17 ; elapsed = 00:00:19 . Memory (MB): peak = 497.645 ; gain = 290.984

Report RTL Partitions: 
+-+--------------+------------+----------+
| |RTL Partition |Replication |Instances |
+-+--------------+------------+----------+
+-+--------------+------------+----------+
Finished Parallel Synthesis Optimization  : Time (s): cpu = 00:00:17 ; elapsed = 00:00:19 . Memory (MB): peak = 497.645 ; gain = 290.984
---------------------------------------------------------------------------------
Start IO Insertion
---------------------------------------------------------------------------------
---------------------------------------------------------------------------------
Start Flattening Before IO Insertion
---------------------------------------------------------------------------------
---------------------------------------------------------------------------------
Finished Flattening Before IO Insertion
---------------------------------------------------------------------------------
---------------------------------------------------------------------------------
Start Final Netlist Cleanup
---------------------------------------------------------------------------------
---------------------------------------------------------------------------------
Finished Final Netlist Cleanup
---------------------------------------------------------------------------------
---------------------------------------------------------------------------------
Finished IO Insertion : Time (s): cpu = 00:00:18 ; elapsed = 00:00:20 . Memory (MB): peak = 497.645 ; gain = 290.984
---------------------------------------------------------------------------------

Report Check Netlist: 
+------+------------------+-------+---------+-------+------------------+
|      |Item              |Errors |Warnings |Status |Description       |
+------+------------------+-------+---------+-------+------------------+
|1     |multi_driven_nets |      0|        0|Passed |Multi driven nets |
+------+------------------+-------+---------+-------+------------------+
---------------------------------------------------------------------------------
Start Renaming Generated Instances
---------------------------------------------------------------------------------
---------------------------------------------------------------------------------
Finished Renaming Generated Instances : Time (s): cpu = 00:00:18 ; elapsed = 00:00:20 . Memory (MB): peak = 497.645 ; gain = 290.984
---------------------------------------------------------------------------------

Report RTL Partitions: 
+-+--------------+------------+----------+
| |RTL Partition |Replication |Instances |
+-+--------------+------------+----------+
+-+--------------+------------+----------+
---------------------------------------------------------------------------------
Start Rebuilding User Hierarchy
---------------------------------------------------------------------------------
---------------------------------------------------------------------------------
Finished Rebuilding User Hierarchy : Time (s): cpu = 00:00:18 ; elapsed = 00:00:20 . Memory (MB): peak = 497.645 ; gain = 290.984
---------------------------------------------------------------------------------
---------------------------------------------------------------------------------
Start Renaming Generated Ports
---------------------------------------------------------------------------------
---------------------------------------------------------------------------------
Finished Renaming Generated Ports : Time (s): cpu = 00:00:18 ; elapsed = 00:00:20 . Memory (MB): peak = 497.645 ; gain = 290.984
---------------------------------------------------------------------------------
---------------------------------------------------------------------------------
Start Handling Custom Attributes
---------------------------------------------------------------------------------
---------------------------------------------------------------------------------
Finished Handling Custom Attributes : Time (s): cpu = 00:00:18 ; elapsed = 00:00:20 . Memory (MB): peak = 497.645 ; gain = 290.984
---------------------------------------------------------------------------------
---------------------------------------------------------------------------------
Start Renaming Generated Nets
---------------------------------------------------------------------------------
---------------------------------------------------------------------------------
Finished Renaming Generated Nets : Time (s): cpu = 00:00:18 ; elapsed = 00:00:20 . Memory (MB): peak = 497.645 ; gain = 290.984
---------------------------------------------------------------------------------
---------------------------------------------------------------------------------
Start Writing Synthesis Report
---------------------------------------------------------------------------------

Report BlackBoxes: 
+-+--------------+----------+
| |BlackBox name |Instances |
+-+--------------+----------+
+-+--------------+----------+

Report Cell Usage: 
+------+--------+------+
|      |Cell    |Count |
+------+--------+------+
|1     |BUFG    |     1|
|2     |CARRY4  |   124|
|3     |DSP48E1 |    12|
|4     |LUT1    |   204|
|5     |LUT2    |   344|
|6     |LUT3    |     2|
|7     |LUT4    |    98|
|8     |LUT5    |     8|
|9     |LUT6    |   101|
|10    |FDCE    |   428|
|11    |IBUF    |   134|
|12    |OBUF    |    67|
+------+--------+------+

Report Instance Areas: 
+------+---------------------------+-----------------------------+------+
|      |Instance                   |Module                       |Cells |
+------+---------------------------+-----------------------------+------+
|1     |top                        |                             |  1523|
|2     |  Adder_M                  |Adder_Round                  |   119|
|3     |    A_operation            |adder__parameterized10       |    13|
|4     |    Add_Subt_Result        |RegisterAdd__parameterized2  |   105|
|5     |    Add_overflow_Result    |RegisterAdd_6                |     1|
|6     |  Barrel_Shifter_module    |Barrel_Shifter_M             |   106|
|7     |    Output_Reg             |RegisterMult__parameterized3 |   106|
|8     |  Exp_module               |Exp_Operation_m              |    89|
|9     |    Oflow_A_m              |RegisterMult__parameterized1 |     2|
|10    |    Underflow_m            |RegisterMult__parameterized2 |    54|
|11    |    exp_add_subt_m         |add_sub_carry_out            |     9|
|12    |    exp_result_m           |RegisterMult__parameterized0 |    24|
|13    |  FS_Module                |FSM_Mult_Function            |    28|
|14    |  Operands_load_reg        |First_Phase_M                |   230|
|15    |    XMRegister             |RegisterMult                 |   105|
|16    |    YMRegister             |RegisterMult_5               |   125|
|17    |  Sel_A                    |RegisterAdd                  |     3|
|18    |  Sel_B                    |RegisterAdd__parameterized0  |    25|
|19    |  Sel_C                    |RegisterAdd_0                |     1|
|20    |  Sgf_operation            |RecursiveKOA                 |   655|
|21    |    finalreg               |RegisterAdd__parameterized1  |   146|
|22    |    main_KOA               |KOA_FPGA                     |   509|
|23    |      Final                |adder__parameterized9        |    56|
|24    |      A_operation          |adder__parameterized4        |     7|
|25    |      B_operation          |adder__parameterized5        |     7|
|26    |      Subtr_2              |substractor__parameterized5  |   155|
|27    |      left_high            |KOA_FPGA__parameterized0     |    87|
|28    |        B_operation        |adder                        |     4|
|29    |        Final              |adder__parameterized0        |    28|
|30    |        Subtr_1            |substractor                  |    27|
|31    |        Subtr_2            |substractor_2                |     1|
|32    |        left               |KOA_FPGA__parameterized1     |    18|
|33    |          main             |multiplier_C_4               |    18|
|34    |        right              |KOA_FPGA__parameterized2     |     9|
|35    |          main             |multiplier_C_3               |     9|
|36    |      middle               |KOA_FPGA__parameterized8     |   102|
|37    |        B_operation        |adder__parameterized7        |    14|
|38    |        Subtr_1            |substractor__parameterized2  |    29|
|39    |        Subtr_2            |substractor__parameterized3  |     1|
|40    |        left               |KOA_FPGA__parameterized9     |    29|
|41    |          main             |multiplier_C__parameterized3 |    29|
|42    |        right              |KOA_FPGA__parameterized10    |    29|
|43    |          main             |multiplier_C__parameterized4 |    29|
|44    |      right_lower          |KOA_FPGA__parameterized4     |    95|
|45    |        B_operation        |adder__parameterized2        |    13|
|46    |        Final              |adder__parameterized3        |    30|
|47    |        Subtr_1            |substractor__parameterized0  |    27|
|48    |        Subtr_2            |substractor__parameterized1  |     1|
|49    |        left_high          |KOA_FPGA__parameterized5     |    18|
|50    |          main             |multiplier_C                 |    18|
|51    |        right_lower        |KOA_FPGA__parameterized6     |     6|
|52    |          main             |multiplier_C__parameterized1 |     6|
|53    |  Zero_Result_Detect       |Zero_InfMult_Unit            |     1|
|54    |    Zero_Info_Mult         |RegisterAdd_1                |     1|
|55    |  final_result_ieee_Module |Tenth_Phase                  |    64|
|56    |    Final_Result_IEEE      |RegisterAdd__parameterized3  |    64|
+------+---------------------------+-----------------------------+------+
---------------------------------------------------------------------------------
Finished Writing Synthesis Report : Time (s): cpu = 00:00:18 ; elapsed = 00:00:20 . Memory (MB): peak = 497.645 ; gain = 290.984
---------------------------------------------------------------------------------
Synthesis finished with 0 errors, 0 critical warnings and 1 warnings.
Synthesis Optimization Runtime : Time (s): cpu = 00:00:15 ; elapsed = 00:00:14 . Memory (MB): peak = 497.645 ; gain = 269.980
Synthesis Optimization Complete : Time (s): cpu = 00:00:18 ; elapsed = 00:00:20 . Memory (MB): peak = 497.645 ; gain = 290.984
INFO: [Project 1-571] Translating synthesized netlist
INFO: [Netlist 29-17] Analyzing 270 Unisim elements for replacement
INFO: [Netlist 29-28] Unisim Transformation completed in 0 CPU seconds
INFO: [Project 1-570] Preparing netlist for logic optimization
INFO: [Opt 31-138] Pushed 0 inverter(s) to 0 load pin(s).
INFO: [Project 1-111] Unisim Transformation Summary:
No Unisim elements were transformed.

INFO: [Common 17-83] Releasing license: Synthesis
274 Infos, 1 Warnings, 0 Critical Warnings and 0 Errors encountered.
synth_design completed successfully
synth_design: Time (s): cpu = 00:00:19 ; elapsed = 00:00:19 . Memory (MB): peak = 564.082 ; gain = 338.953
report_utilization: Time (s): cpu = 00:00:00 ; elapsed = 00:00:00.031 . Memory (MB): peak = 564.082 ; gain = 0.000
INFO: [Common 17-206] Exiting Vivado at Mon Sep 05 20:59:11 2016...
