#-----------------------------------------------------------
# Vivado v2016.2 (64-bit)
# SW Build 1577090 on Thu Jun  2 16:32:40 MDT 2016
# IP Build 1577682 on Fri Jun  3 12:00:54 MDT 2016
# Start of session at: Fri Sep 16 10:20:24 2016
# Process ID: 61736
# Current directory: C:/Users/jsequeira/Proyectos/CORDICO
# Command line: vivado.exe -gui_launcher_event rodinguilauncherevent45660 C:\Users\jsequeira\Proyectos\CORDICO\CORDICO.xpr
# Log file: C:/Users/jsequeira/Proyectos/CORDICO/vivado.log
# Journal file: C:/Users/jsequeira/Proyectos/CORDICO\vivado.jou
#-----------------------------------------------------------
start_gui
open_project C:/Users/jsequeira/Proyectos/CORDICO/CORDICO.xpr
CRITICAL WARNING: [Project 1-19] Could not find the file 'C:/Users/jsequeira/Proyectos/CORDICO/CORDICO.srcs/sources_1/imports/Floating-Point-Unit-master/FPU_Add_subt_Mult/project_1/project_1.srcs/sources_1/imports/Proyecto_De_Graduacion/FPU_FLM/RTL/Add-Subt/Multiplexer_AC.v'.
CRITICAL WARNING: [Project 1-19] Could not find the file 'C:/Users/jsequeira/Proyectos/CORDICO/CORDICO.srcs/sources_1/imports/Floating-Point-Unit-master/FPU_Add_subt_Mult/project_1/project_1.srcs/sources_1/imports/Proyecto_De_Graduacion/FPU_FLM/RTL/Add-Subt/shift_mux.v'.
CRITICAL WARNING: [Project 1-19] Could not find the file 'C:/Users/jsequeira/Proyectos/CORDICO/CORDICO.srcs/sources_1/imports/Floating-Point-Unit-master/FPU_Add_subt_Mult/project_1/project_1.srcs/sources_1/imports/Proyecto_De_Graduacion/FPU_FLM/RTL/Add-Subt/Rotate_Mux_Array.v'.
CRITICAL WARNING: [Project 1-19] Could not find the file 'C:/Users/jsequeira/Proyectos/CORDICO/CORDICO.srcs/sources_1/imports/Floating-Point-Unit-master/FPU_Add_subt_Mult/project_1/project_1.srcs/sources_1/imports/Proyecto_De_Graduacion/FPU_FLM/RTL/Add-Subt/RegisterAdd.v'.
CRITICAL WARNING: [Project 1-19] Could not find the file 'C:/Users/jsequeira/Proyectos/CORDICO/CORDICO.srcs/sources_1/imports/Floating-Point-Unit-master/FPU_Add_subt_Mult/project_1/project_1.srcs/sources_1/imports/Proyecto_De_Graduacion/FPU_FLM/RTL/Add-Subt/Greater_Comparator.v'.
CRITICAL WARNING: [Project 1-19] Could not find the file 'C:/Users/jsequeira/Proyectos/CORDICO/CORDICO.srcs/sources_1/imports/Floating-Point-Unit-master/FPU_Add_subt_Mult/project_1/project_1.srcs/sources_1/imports/Proyecto_De_Graduacion/FPU_FLM/RTL/Add-Subt/Comparator_Less.v'.
CRITICAL WARNING: [Project 1-19] Could not find the file 'C:/Users/jsequeira/Proyectos/CORDICO/CORDICO.srcs/sources_1/imports/Floating-Point-Unit-master/FPU_Add_subt_Mult/project_1/project_1.srcs/sources_1/imports/Proyecto_De_Graduacion/FPU_FLM/RTL/Add-Subt/xor_tri.v'.
CRITICAL WARNING: [Project 1-19] Could not find the file 'C:/Users/jsequeira/Proyectos/CORDICO/CORDICO.srcs/sources_1/imports/Floating-Point-Unit-master/FPU_Add_subt_Mult/project_1/project_1.srcs/sources_1/imports/Proyecto_De_Graduacion/FPU_FLM/RTL/Add-Subt/sgn_result.v'.
CRITICAL WARNING: [Project 1-19] Could not find the file 'C:/Users/jsequeira/Proyectos/CORDICO/CORDICO.srcs/sources_1/imports/Floating-Point-Unit-master/FPU_Add_subt_Mult/project_1/project_1.srcs/sources_1/imports/Proyecto_De_Graduacion/FPU_FLM/RTL/Add-Subt/Priority_Codec_64.v'.
CRITICAL WARNING: [Project 1-19] Could not find the file 'C:/Users/jsequeira/Proyectos/CORDICO/CORDICO.srcs/sources_1/imports/Floating-Point-Unit-master/FPU_Add_subt_Mult/project_1/project_1.srcs/sources_1/imports/Proyecto_De_Graduacion/FPU_FLM/RTL/Add-Subt/Priority_Codec_32.v'.
CRITICAL WARNING: [Project 1-19] Could not find the file 'C:/Users/jsequeira/Proyectos/CORDICO/CORDICO.srcs/sources_1/imports/Floating-Point-Unit-master/FPU_Add_subt_Mult/project_1/project_1.srcs/sources_1/imports/Proyecto_De_Graduacion/FPU_FLM/RTL/Add-Subt/Mux_Array.v'.
CRITICAL WARNING: [Project 1-19] Could not find the file 'C:/Users/jsequeira/Proyectos/CORDICO/CORDICO.srcs/sources_1/imports/Floating-Point-Unit-master/FPU_Add_subt_Mult/project_1/project_1.srcs/sources_1/imports/Proyecto_De_Graduacion/FPU_FLM/RTL/Add-Subt/Mux_3x1.v'.
CRITICAL WARNING: [Project 1-19] Could not find the file 'C:/Users/jsequeira/Proyectos/CORDICO/CORDICO.srcs/sources_1/imports/Floating-Point-Unit-master/FPU_Add_subt_Mult/project_1/project_1.srcs/sources_1/imports/Proyecto_De_Graduacion/FPU_FLM/RTL/Add-Subt/MultiplexTxT.v'.
CRITICAL WARNING: [Project 1-19] Could not find the file 'C:/Users/jsequeira/Proyectos/CORDICO/CORDICO.srcs/sources_1/imports/Floating-Point-Unit-master/FPU_Add_subt_Mult/project_1/project_1.srcs/sources_1/imports/Proyecto_De_Graduacion/FPU_FLM/RTL/Add-Subt/Comparators.v'.
CRITICAL WARNING: [Project 1-19] Could not find the file 'C:/Users/jsequeira/Proyectos/CORDICO/CORDICO.srcs/sources_1/imports/Floating-Point-Unit-master/FPU_Add_subt_Mult/project_1/project_1.srcs/sources_1/imports/Proyecto_De_Graduacion/FPU_FLM/RTL/Add-Subt/Comparator.v'.
CRITICAL WARNING: [Project 1-19] Could not find the file 'C:/Users/jsequeira/Proyectos/CORDICO/CORDICO.srcs/sources_1/imports/Floating-Point-Unit-master/FPU_Add_subt_Mult/project_1/project_1.srcs/sources_1/imports/Proyecto_De_Graduacion/FPU_FLM/RTL/Add-Subt/add_sub_carry_out.v'.
CRITICAL WARNING: [Project 1-19] Could not find the file 'C:/Users/jsequeira/Proyectos/CORDICO/CORDICO.srcs/sources_1/imports/Floating-Point-Unit-master/FPU_Add_subt_Mult/project_1/project_1.srcs/sources_1/imports/Proyecto_De_Graduacion/FPU_FLM/RTL/Add-Subt/Tenth_Phase.v'.
CRITICAL WARNING: [Project 1-19] Could not find the file 'C:/Users/jsequeira/Proyectos/CORDICO/CORDICO.srcs/sources_1/imports/Floating-Point-Unit-master/FPU_Add_subt_Mult/project_1/project_1.srcs/sources_1/imports/Proyecto_De_Graduacion/FPU_FLM/RTL/Add-Subt/Round_Sgf_Dec.v'.
CRITICAL WARNING: [Project 1-19] Could not find the file 'C:/Users/jsequeira/Proyectos/CORDICO/CORDICO.srcs/sources_1/imports/Floating-Point-Unit-master/FPU_Add_subt_Mult/project_1/project_1.srcs/sources_1/imports/Proyecto_De_Graduacion/FPU_FLM/RTL/Add-Subt/Oper_Start_In.v'.
CRITICAL WARNING: [Project 1-19] Could not find the file 'C:/Users/jsequeira/Proyectos/CORDICO/CORDICO.srcs/sources_1/imports/Floating-Point-Unit-master/FPU_Add_subt_Mult/project_1/project_1.srcs/sources_1/imports/Proyecto_De_Graduacion/FPU_FLM/RTL/Add-Subt/LZD.v'.
CRITICAL WARNING: [Project 1-19] Could not find the file 'C:/Users/jsequeira/Proyectos/CORDICO/CORDICO.srcs/sources_1/imports/Floating-Point-Unit-master/FPU_Add_subt_Mult/project_1/project_1.srcs/sources_1/imports/Proyecto_De_Graduacion/FPU_FLM/RTL/Add-Subt/FSM_Add_Subtract.v'.
CRITICAL WARNING: [Project 1-19] Could not find the file 'C:/Users/jsequeira/Proyectos/CORDICO/CORDICO.srcs/sources_1/imports/Floating-Point-Unit-master/FPU_Add_subt_Mult/project_1/project_1.srcs/sources_1/imports/Proyecto_De_Graduacion/FPU_FLM/RTL/Add-Subt/exp_operation.v'.
CRITICAL WARNING: [Project 1-19] Could not find the file 'C:/Users/jsequeira/Proyectos/CORDICO/CORDICO.srcs/sources_1/imports/Floating-Point-Unit-master/FPU_Add_subt_Mult/project_1/project_1.srcs/sources_1/imports/Proyecto_De_Graduacion/FPU_FLM/RTL/Add-Subt/Barrel_shifter.v'.
CRITICAL WARNING: [Project 1-19] Could not find the file 'C:/Users/jsequeira/Proyectos/CORDICO/CORDICO.srcs/sources_1/imports/Floating-Point-Unit-master/FPU_Add_subt_Mult/project_1/project_1.srcs/sources_1/imports/Proyecto_De_Graduacion/FPU_FLM/RTL/Add-Subt/Add_Subt.v'.
CRITICAL WARNING: [Project 1-19] Could not find the file 'C:/Users/jsequeira/Proyectos/CORDICO/CORDICO.srcs/sources_1/imports/Floating-Point-Unit-master/Coprocesador_CORDIC_RTL/sine_cosine_CORDIC/LUT_ROM_64bits.v'.
CRITICAL WARNING: [Project 1-19] Could not find the file 'C:/Users/jsequeira/Proyectos/CORDICO/CORDICO.srcs/sources_1/imports/Floating-Point-Unit-master/Coprocesador_CORDIC_RTL/sine_cosine_CORDIC/LUT_ROM_32bits.v'.
CRITICAL WARNING: [Project 1-19] Could not find the file 'C:/Users/jsequeira/Proyectos/CORDICO/CORDICO.srcs/sources_1/imports/Floating-Point-Unit-master/Coprocesador_CORDIC_RTL/sine_cosine_CORDIC/Simple_Subt.v'.
CRITICAL WARNING: [Project 1-19] Could not find the file 'C:/Users/jsequeira/Proyectos/CORDICO/CORDICO.srcs/sources_1/imports/Floating-Point-Unit-master/Coprocesador_CORDIC_RTL/sine_cosine_CORDIC/sign_inverter.v'.
CRITICAL WARNING: [Project 1-19] Could not find the file 'C:/Users/jsequeira/Proyectos/CORDICO/CORDICO.srcs/sources_1/imports/Floating-Point-Unit-master/Coprocesador_CORDIC_RTL/sine_cosine_CORDIC/Op_Select.v'.
CRITICAL WARNING: [Project 1-19] Could not find the file 'C:/Users/jsequeira/Proyectos/CORDICO/CORDICO.srcs/sources_1/imports/Floating-Point-Unit-master/Coprocesador_CORDIC_RTL/sine_cosine_CORDIC/Mux_3x1_b.v'.
CRITICAL WARNING: [Project 1-19] Could not find the file 'C:/Users/jsequeira/Proyectos/CORDICO/CORDICO.srcs/sources_1/imports/Floating-Point-Unit-master/Coprocesador_CORDIC_RTL/sine_cosine_CORDIC/Mux_2x1.v'.
CRITICAL WARNING: [Project 1-19] Could not find the file 'C:/Users/jsequeira/Proyectos/CORDICO/CORDICO.srcs/sources_1/imports/Floating-Point-Unit-master/Coprocesador_CORDIC_RTL/sine_cosine_CORDIC/d_ff_en.v'.
CRITICAL WARNING: [Project 1-19] Could not find the file 'C:/Users/jsequeira/Proyectos/CORDICO/CORDICO.srcs/sources_1/imports/Floating-Point-Unit-master/Coprocesador_CORDIC_RTL/sine_cosine_CORDIC/counter_up.v'.
CRITICAL WARNING: [Project 1-19] Could not find the file 'C:/Users/jsequeira/Proyectos/CORDICO/CORDICO.srcs/sources_1/imports/Floating-Point-Unit-master/Coprocesador_CORDIC_RTL/sine_cosine_CORDIC/counter_d.v'.
CRITICAL WARNING: [Project 1-19] Could not find the file 'C:/Users/jsequeira/Proyectos/CORDICO/CORDICO.srcs/sources_1/imports/Floating-Point-Unit-master/Coprocesador_CORDIC_RTL/sine_cosine_CORDIC/CORDIC_FSM_v2.v'.
CRITICAL WARNING: [Project 1-19] Could not find the file 'C:/Users/jsequeira/Proyectos/CORDICO/CORDICO.srcs/sources_1/imports/Floating-Point-Unit-master/FPU_Add_subt_Mult/project_1/project_1.srcs/sources_1/imports/Proyecto_De_Graduacion/FPU_FLM/RTL/Add-Subt/FPU_Add_Subtract_Function.v'.
CRITICAL WARNING: [Project 1-19] Could not find the file 'C:/Users/jsequeira/Proyectos/CORDICO/CORDICO.srcs/sources_1/imports/Floating-Point-Unit-master/Coprocesador_CORDIC_RTL/sine_cosine_CORDIC/CORDIC_Arch2.v'.
CRITICAL WARNING: [Project 1-19] Could not find the file 'C:/Users/jsequeira/Proyectos/CORDICO/CORDICO.srcs/sources_1/imports/Floating-Point-Unit-master/Coprocesador_CORDIC_RTL/FPU_Interface_and_NaN/NaN_mod_64.v'.
CRITICAL WARNING: [Project 1-19] Could not find the file 'C:/Users/jsequeira/Proyectos/CORDICO/CORDICO.srcs/sources_1/imports/Floating-Point-Unit-master/Coprocesador_CORDIC_RTL/FPU_Interface_and_NaN/NaN_mod_32.v'.
CRITICAL WARNING: [Project 1-19] Could not find the file 'C:/Users/jsequeira/Proyectos/CORDICO/CORDICO.srcs/sources_1/imports/Floating-Point-Unit-master/Coprocesador_CORDIC_RTL/FPU_Interface_and_NaN/demux_1x3.v'.
CRITICAL WARNING: [Project 1-19] Could not find the file 'C:/Users/jsequeira/Proyectos/CORDICO/CORDICO.srcs/sources_1/imports/Floating-Point-Unit-master/Coprocesador_CORDIC_RTL/FPU_Interface_and_NaN/deco_op.v'.
CRITICAL WARNING: [Project 1-19] Could not find the file 'C:/Users/jsequeira/Proyectos/CORDICO/CORDICO.srcs/sources_1/imports/Floating-Point-Unit-master/Coprocesador_CORDIC_RTL/FPU_Interface_and_NaN/FPU_Interface.v'.
CRITICAL WARNING: [Project 1-19] Could not find the file 'C:/Users/jsequeira/Proyectos/CORDICO/CORDICO.srcs/sources_1/imports/Floating-Point-Unit-master/Coprocesador_CORDIC_RTL/sine_cosine_CORDIC/LUT_sincos_64.txt'.
CRITICAL WARNING: [Project 1-19] Could not find the file 'C:/Users/jsequeira/Proyectos/CORDICO/CORDICO.srcs/sources_1/imports/Floating-Point-Unit-master/Coprocesador_CORDIC_RTL/sine_cosine_CORDIC/LUT_sincos_32.txt'.
CRITICAL WARNING: [Project 1-19] Could not find the file 'C:/Users/jsequeira/Proyectos/CORDICO/CORDICO.srcs/sim_1/imports/Sim/CORDIC_FSM_tb.v'.
CRITICAL WARNING: [Project 1-19] Could not find the file 'C:/Users/jsequeira/Proyectos/CORDICO/CORDICO.srcs/sim_1/imports/Sim/Sine_Cosine_CORDIC_tb.v'.
CRITICAL WARNING: [Project 1-19] Could not find the file 'C:/Users/jsequeira/Proyectos/CORDICO/CORDICO.srcs/sim_1/imports/Sim/CORDIC_FSM_v2_tb.v'.
CRITICAL WARNING: [Project 1-19] Could not find the file 'C:/Users/jsequeira/Proyectos/CORDICO/CORDICO.srcs/sim_1/new/testbench_CORDICArch2.v'.
Scanning sources...
Finished scanning sources
INFO: [IP_Flow 19-234] Refreshing IP repositories
INFO: [IP_Flow 19-1704] No user IP repositories specified
INFO: [IP_Flow 19-2313] Loaded Vivado IP repository 'C:/Xilinx/Vivado/2016.2/data/ip'.
open_project: Time (s): cpu = 00:00:18 ; elapsed = 00:00:09 . Memory (MB): peak = 811.547 ; gain = 157.441
update_compile_order -fileset sources_1
update_compile_order -fileset sim_1
add_files -scan_for_includes C:/Users/jsequeira/Proyectos/CORDICO/CORDICO.srcs/sources_1
update_compile_order -fileset sources_1
update_compile_order -fileset sim_1
update_compile_order -fileset sources_1
archive_project C:/Users/jsequeira/Proyectos/CORDICO.xpr.zip -temp_dir C:/Users/jsequeira/Proyectos/CORDICO/.Xil/Vivado-61736-RDS1 -force -include_config_settings
INFO: [Coretcl 2-137] starting archive...
INFO: [Coretcl 2-1499] Saving project copy to temporary location 'C:/Users/jsequeira/Proyectos/CORDICO/.Xil/Vivado-61736-RDS1' for archiving project
CRITICAL WARNING: [Project 1-19] Could not find the file 'C:/Users/jsequeira/Proyectos/CORDICO/CORDICO.srcs/sources_1/imports/Floating-Point-Unit-master/FPU_Add_subt_Mult/project_1/project_1.srcs/sources_1/imports/Proyecto_De_Graduacion/FPU_FLM/RTL/Add-Subt/Multiplexer_AC.v'.
CRITICAL WARNING: [Project 1-19] Could not find the file 'C:/Users/jsequeira/Proyectos/CORDICO/CORDICO.srcs/sources_1/imports/Floating-Point-Unit-master/FPU_Add_subt_Mult/project_1/project_1.srcs/sources_1/imports/Proyecto_De_Graduacion/FPU_FLM/RTL/Add-Subt/shift_mux.v'.
CRITICAL WARNING: [Project 1-19] Could not find the file 'C:/Users/jsequeira/Proyectos/CORDICO/CORDICO.srcs/sources_1/imports/Floating-Point-Unit-master/FPU_Add_subt_Mult/project_1/project_1.srcs/sources_1/imports/Proyecto_De_Graduacion/FPU_FLM/RTL/Add-Subt/Rotate_Mux_Array.v'.
CRITICAL WARNING: [Project 1-19] Could not find the file 'C:/Users/jsequeira/Proyectos/CORDICO/CORDICO.srcs/sources_1/imports/Floating-Point-Unit-master/FPU_Add_subt_Mult/project_1/project_1.srcs/sources_1/imports/Proyecto_De_Graduacion/FPU_FLM/RTL/Add-Subt/RegisterAdd.v'.
CRITICAL WARNING: [Project 1-19] Could not find the file 'C:/Users/jsequeira/Proyectos/CORDICO/CORDICO.srcs/sources_1/imports/Floating-Point-Unit-master/FPU_Add_subt_Mult/project_1/project_1.srcs/sources_1/imports/Proyecto_De_Graduacion/FPU_FLM/RTL/Add-Subt/Greater_Comparator.v'.
CRITICAL WARNING: [Project 1-19] Could not find the file 'C:/Users/jsequeira/Proyectos/CORDICO/CORDICO.srcs/sources_1/imports/Floating-Point-Unit-master/FPU_Add_subt_Mult/project_1/project_1.srcs/sources_1/imports/Proyecto_De_Graduacion/FPU_FLM/RTL/Add-Subt/Comparator_Less.v'.
CRITICAL WARNING: [Project 1-19] Could not find the file 'C:/Users/jsequeira/Proyectos/CORDICO/CORDICO.srcs/sources_1/imports/Floating-Point-Unit-master/FPU_Add_subt_Mult/project_1/project_1.srcs/sources_1/imports/Proyecto_De_Graduacion/FPU_FLM/RTL/Add-Subt/xor_tri.v'.
CRITICAL WARNING: [Project 1-19] Could not find the file 'C:/Users/jsequeira/Proyectos/CORDICO/CORDICO.srcs/sources_1/imports/Floating-Point-Unit-master/FPU_Add_subt_Mult/project_1/project_1.srcs/sources_1/imports/Proyecto_De_Graduacion/FPU_FLM/RTL/Add-Subt/sgn_result.v'.
CRITICAL WARNING: [Project 1-19] Could not find the file 'C:/Users/jsequeira/Proyectos/CORDICO/CORDICO.srcs/sources_1/imports/Floating-Point-Unit-master/FPU_Add_subt_Mult/project_1/project_1.srcs/sources_1/imports/Proyecto_De_Graduacion/FPU_FLM/RTL/Add-Subt/Priority_Codec_64.v'.
CRITICAL WARNING: [Project 1-19] Could not find the file 'C:/Users/jsequeira/Proyectos/CORDICO/CORDICO.srcs/sources_1/imports/Floating-Point-Unit-master/FPU_Add_subt_Mult/project_1/project_1.srcs/sources_1/imports/Proyecto_De_Graduacion/FPU_FLM/RTL/Add-Subt/Priority_Codec_32.v'.
CRITICAL WARNING: [Project 1-19] Could not find the file 'C:/Users/jsequeira/Proyectos/CORDICO/CORDICO.srcs/sources_1/imports/Floating-Point-Unit-master/FPU_Add_subt_Mult/project_1/project_1.srcs/sources_1/imports/Proyecto_De_Graduacion/FPU_FLM/RTL/Add-Subt/Mux_Array.v'.
CRITICAL WARNING: [Project 1-19] Could not find the file 'C:/Users/jsequeira/Proyectos/CORDICO/CORDICO.srcs/sources_1/imports/Floating-Point-Unit-master/FPU_Add_subt_Mult/project_1/project_1.srcs/sources_1/imports/Proyecto_De_Graduacion/FPU_FLM/RTL/Add-Subt/Mux_3x1.v'.
CRITICAL WARNING: [Project 1-19] Could not find the file 'C:/Users/jsequeira/Proyectos/CORDICO/CORDICO.srcs/sources_1/imports/Floating-Point-Unit-master/FPU_Add_subt_Mult/project_1/project_1.srcs/sources_1/imports/Proyecto_De_Graduacion/FPU_FLM/RTL/Add-Subt/MultiplexTxT.v'.
CRITICAL WARNING: [Project 1-19] Could not find the file 'C:/Users/jsequeira/Proyectos/CORDICO/CORDICO.srcs/sources_1/imports/Floating-Point-Unit-master/FPU_Add_subt_Mult/project_1/project_1.srcs/sources_1/imports/Proyecto_De_Graduacion/FPU_FLM/RTL/Add-Subt/Comparators.v'.
CRITICAL WARNING: [Project 1-19] Could not find the file 'C:/Users/jsequeira/Proyectos/CORDICO/CORDICO.srcs/sources_1/imports/Floating-Point-Unit-master/FPU_Add_subt_Mult/project_1/project_1.srcs/sources_1/imports/Proyecto_De_Graduacion/FPU_FLM/RTL/Add-Subt/Comparator.v'.
CRITICAL WARNING: [Project 1-19] Could not find the file 'C:/Users/jsequeira/Proyectos/CORDICO/CORDICO.srcs/sources_1/imports/Floating-Point-Unit-master/FPU_Add_subt_Mult/project_1/project_1.srcs/sources_1/imports/Proyecto_De_Graduacion/FPU_FLM/RTL/Add-Subt/add_sub_carry_out.v'.
CRITICAL WARNING: [Project 1-19] Could not find the file 'C:/Users/jsequeira/Proyectos/CORDICO/CORDICO.srcs/sources_1/imports/Floating-Point-Unit-master/FPU_Add_subt_Mult/project_1/project_1.srcs/sources_1/imports/Proyecto_De_Graduacion/FPU_FLM/RTL/Add-Subt/Tenth_Phase.v'.
CRITICAL WARNING: [Project 1-19] Could not find the file 'C:/Users/jsequeira/Proyectos/CORDICO/CORDICO.srcs/sources_1/imports/Floating-Point-Unit-master/FPU_Add_subt_Mult/project_1/project_1.srcs/sources_1/imports/Proyecto_De_Graduacion/FPU_FLM/RTL/Add-Subt/Round_Sgf_Dec.v'.
CRITICAL WARNING: [Project 1-19] Could not find the file 'C:/Users/jsequeira/Proyectos/CORDICO/CORDICO.srcs/sources_1/imports/Floating-Point-Unit-master/FPU_Add_subt_Mult/project_1/project_1.srcs/sources_1/imports/Proyecto_De_Graduacion/FPU_FLM/RTL/Add-Subt/Oper_Start_In.v'.
CRITICAL WARNING: [Project 1-19] Could not find the file 'C:/Users/jsequeira/Proyectos/CORDICO/CORDICO.srcs/sources_1/imports/Floating-Point-Unit-master/FPU_Add_subt_Mult/project_1/project_1.srcs/sources_1/imports/Proyecto_De_Graduacion/FPU_FLM/RTL/Add-Subt/LZD.v'.
CRITICAL WARNING: [Project 1-19] Could not find the file 'C:/Users/jsequeira/Proyectos/CORDICO/CORDICO.srcs/sources_1/imports/Floating-Point-Unit-master/FPU_Add_subt_Mult/project_1/project_1.srcs/sources_1/imports/Proyecto_De_Graduacion/FPU_FLM/RTL/Add-Subt/FSM_Add_Subtract.v'.
CRITICAL WARNING: [Project 1-19] Could not find the file 'C:/Users/jsequeira/Proyectos/CORDICO/CORDICO.srcs/sources_1/imports/Floating-Point-Unit-master/FPU_Add_subt_Mult/project_1/project_1.srcs/sources_1/imports/Proyecto_De_Graduacion/FPU_FLM/RTL/Add-Subt/exp_operation.v'.
CRITICAL WARNING: [Project 1-19] Could not find the file 'C:/Users/jsequeira/Proyectos/CORDICO/CORDICO.srcs/sources_1/imports/Floating-Point-Unit-master/FPU_Add_subt_Mult/project_1/project_1.srcs/sources_1/imports/Proyecto_De_Graduacion/FPU_FLM/RTL/Add-Subt/Barrel_shifter.v'.
CRITICAL WARNING: [Project 1-19] Could not find the file 'C:/Users/jsequeira/Proyectos/CORDICO/CORDICO.srcs/sources_1/imports/Floating-Point-Unit-master/FPU_Add_subt_Mult/project_1/project_1.srcs/sources_1/imports/Proyecto_De_Graduacion/FPU_FLM/RTL/Add-Subt/Add_Subt.v'.
CRITICAL WARNING: [Project 1-19] Could not find the file 'C:/Users/jsequeira/Proyectos/CORDICO/CORDICO.srcs/sources_1/imports/Floating-Point-Unit-master/Coprocesador_CORDIC_RTL/sine_cosine_CORDIC/LUT_ROM_64bits.v'.
CRITICAL WARNING: [Project 1-19] Could not find the file 'C:/Users/jsequeira/Proyectos/CORDICO/CORDICO.srcs/sources_1/imports/Floating-Point-Unit-master/Coprocesador_CORDIC_RTL/sine_cosine_CORDIC/LUT_ROM_32bits.v'.
CRITICAL WARNING: [Project 1-19] Could not find the file 'C:/Users/jsequeira/Proyectos/CORDICO/CORDICO.srcs/sources_1/imports/Floating-Point-Unit-master/Coprocesador_CORDIC_RTL/sine_cosine_CORDIC/Simple_Subt.v'.
CRITICAL WARNING: [Project 1-19] Could not find the file 'C:/Users/jsequeira/Proyectos/CORDICO/CORDICO.srcs/sources_1/imports/Floating-Point-Unit-master/Coprocesador_CORDIC_RTL/sine_cosine_CORDIC/sign_inverter.v'.
CRITICAL WARNING: [Project 1-19] Could not find the file 'C:/Users/jsequeira/Proyectos/CORDICO/CORDICO.srcs/sources_1/imports/Floating-Point-Unit-master/Coprocesador_CORDIC_RTL/sine_cosine_CORDIC/Op_Select.v'.
CRITICAL WARNING: [Project 1-19] Could not find the file 'C:/Users/jsequeira/Proyectos/CORDICO/CORDICO.srcs/sources_1/imports/Floating-Point-Unit-master/Coprocesador_CORDIC_RTL/sine_cosine_CORDIC/Mux_3x1_b.v'.
CRITICAL WARNING: [Project 1-19] Could not find the file 'C:/Users/jsequeira/Proyectos/CORDICO/CORDICO.srcs/sources_1/imports/Floating-Point-Unit-master/Coprocesador_CORDIC_RTL/sine_cosine_CORDIC/Mux_2x1.v'.
CRITICAL WARNING: [Project 1-19] Could not find the file 'C:/Users/jsequeira/Proyectos/CORDICO/CORDICO.srcs/sources_1/imports/Floating-Point-Unit-master/Coprocesador_CORDIC_RTL/sine_cosine_CORDIC/d_ff_en.v'.
CRITICAL WARNING: [Project 1-19] Could not find the file 'C:/Users/jsequeira/Proyectos/CORDICO/CORDICO.srcs/sources_1/imports/Floating-Point-Unit-master/Coprocesador_CORDIC_RTL/sine_cosine_CORDIC/counter_up.v'.
CRITICAL WARNING: [Project 1-19] Could not find the file 'C:/Users/jsequeira/Proyectos/CORDICO/CORDICO.srcs/sources_1/imports/Floating-Point-Unit-master/Coprocesador_CORDIC_RTL/sine_cosine_CORDIC/counter_d.v'.
CRITICAL WARNING: [Project 1-19] Could not find the file 'C:/Users/jsequeira/Proyectos/CORDICO/CORDICO.srcs/sources_1/imports/Floating-Point-Unit-master/Coprocesador_CORDIC_RTL/sine_cosine_CORDIC/CORDIC_FSM_v2.v'.
CRITICAL WARNING: [Project 1-19] Could not find the file 'C:/Users/jsequeira/Proyectos/CORDICO/CORDICO.srcs/sources_1/imports/Floating-Point-Unit-master/FPU_Add_subt_Mult/project_1/project_1.srcs/sources_1/imports/Proyecto_De_Graduacion/FPU_FLM/RTL/Add-Subt/FPU_Add_Subtract_Function.v'.
CRITICAL WARNING: [Project 1-19] Could not find the file 'C:/Users/jsequeira/Proyectos/CORDICO/CORDICO.srcs/sources_1/imports/Floating-Point-Unit-master/Coprocesador_CORDIC_RTL/sine_cosine_CORDIC/CORDIC_Arch2.v'.
CRITICAL WARNING: [Project 1-19] Could not find the file 'C:/Users/jsequeira/Proyectos/CORDICO/CORDICO.srcs/sources_1/imports/Floating-Point-Unit-master/Coprocesador_CORDIC_RTL/FPU_Interface_and_NaN/NaN_mod_64.v'.
CRITICAL WARNING: [Project 1-19] Could not find the file 'C:/Users/jsequeira/Proyectos/CORDICO/CORDICO.srcs/sources_1/imports/Floating-Point-Unit-master/Coprocesador_CORDIC_RTL/FPU_Interface_and_NaN/NaN_mod_32.v'.
CRITICAL WARNING: [Project 1-19] Could not find the file 'C:/Users/jsequeira/Proyectos/CORDICO/CORDICO.srcs/sources_1/imports/Floating-Point-Unit-master/Coprocesador_CORDIC_RTL/FPU_Interface_and_NaN/demux_1x3.v'.
CRITICAL WARNING: [Project 1-19] Could not find the file 'C:/Users/jsequeira/Proyectos/CORDICO/CORDICO.srcs/sources_1/imports/Floating-Point-Unit-master/Coprocesador_CORDIC_RTL/FPU_Interface_and_NaN/deco_op.v'.
CRITICAL WARNING: [Project 1-19] Could not find the file 'C:/Users/jsequeira/Proyectos/CORDICO/CORDICO.srcs/sources_1/imports/Floating-Point-Unit-master/Coprocesador_CORDIC_RTL/FPU_Interface_and_NaN/FPU_Interface.v'.
CRITICAL WARNING: [Project 1-19] Could not find the file 'C:/Users/jsequeira/Proyectos/CORDICO/CORDICO.srcs/sources_1/imports/Floating-Point-Unit-master/Coprocesador_CORDIC_RTL/sine_cosine_CORDIC/LUT_sincos_64.txt'.
CRITICAL WARNING: [Project 1-19] Could not find the file 'C:/Users/jsequeira/Proyectos/CORDICO/CORDICO.srcs/sources_1/imports/Floating-Point-Unit-master/Coprocesador_CORDIC_RTL/sine_cosine_CORDIC/LUT_sincos_32.txt'.
CRITICAL WARNING: [Project 1-19] Could not find the file 'C:/Users/jsequeira/Proyectos/CORDICO/CORDICO.srcs/sim_1/imports/Sim/CORDIC_FSM_tb.v'.
CRITICAL WARNING: [Project 1-19] Could not find the file 'C:/Users/jsequeira/Proyectos/CORDICO/CORDICO.srcs/sim_1/imports/Sim/Sine_Cosine_CORDIC_tb.v'.
CRITICAL WARNING: [Project 1-19] Could not find the file 'C:/Users/jsequeira/Proyectos/CORDICO/CORDICO.srcs/sim_1/imports/Sim/CORDIC_FSM_v2_tb.v'.
CRITICAL WARNING: [Project 1-19] Could not find the file 'C:/Users/jsequeira/Proyectos/CORDICO/CORDICO.srcs/sim_1/new/testbench_CORDICArch2.v'.
Scanning sources...
Finished scanning sources
INFO: [Coretcl 2-1211] Creating project copy for archival...
INFO: [Coretcl 2-1213] Including run results for 'synth_1'
INFO: [Coretcl 2-1213] Including run results for 'impl_1'
INFO: [Coretcl 2-1209] Adding archive summary file to the project...
****** Webtalk v2016.2 (64-bit)
  **** SW Build 1577090 on Thu Jun  2 16:32:40 MDT 2016
  **** IP Build 1577682 on Fri Jun  3 12:00:54 MDT 2016
    ** Copyright 1986-2016 Xilinx, Inc. All Rights Reserved.

source C:/Users/jsequeira/Proyectos/CORDICO/.Xil/Vivado-61736-RDS1/PrjAr/_X_/CORDICO.hw/webtalk/labtool_webtalk.tcl -notrace
INFO: [Common 17-206] Exiting Webtalk at Fri Sep 16 10:21:30 2016...
INFO: [Coretcl 2-1214] Preparing project files for archive...
INFO: [Coretcl 2-1210] Compressing project files and data...
INFO: [Coretcl 2-1215] Project archived (C:/Users/jsequeira/Proyectos/CORDICO.xpr.zip)
INFO: [Coretcl 2-1216] To view the archive summary log in GUI, double click on 'Design Sources->Text->archive_project_summary.txt', or open this file from the archived project directory.
archive_project: Time (s): cpu = 00:00:03 ; elapsed = 00:00:06 . Memory (MB): peak = 811.547 ; gain = 0.000
