Vivado Simulator 2016.2
Copyright 1986-1999, 2001-2016 Xilinx, Inc. All Rights Reserved.
Running: C:/Xilinx/Vivado/2016.2/bin/unwrapped/win64.o/xelab.exe -wto 5b9df52745304cedbdbce7c894ebabc0 --debug typical --relax --mt 2 --maxdelay -L xil_defaultlib -L simprims_ver -L secureip --snapshot Testbench_FPU_Add_Subt_time_synth -transport_int_delays -pulse_r 0 -pulse_int_r 0 xil_defaultlib.Testbench_FPU_Add_Subt xil_defaultlib.glbl -log elaborate.log 
Using 2 slave threads.
Starting static elaboration
Completed static elaboration
Starting simulation data flow analysis
Completed simulation data flow analysis
INFO: [XSIM 43-3451] SDF backannotation process started with SDF file "Testbench_FPU_Add_Subt_time_synth.sdf", for root module "Testbench_FPU_Add_Subt/uut".
INFO: [XSIM 43-3452] SDF backannotation was successful for SDF file "Testbench_FPU_Add_Subt_time_synth.sdf", for root module "Testbench_FPU_Add_Subt/uut".
Time Resolution for simulation is 1ps
Compiling module simprims_ver.x_lut2_mux4
Compiling module simprims_ver.LUT2
Compiling module simprims_ver.x_lut3_mux4
Compiling module simprims_ver.x_lut3_mux4_reduced_0
Compiling module simprims_ver.LUT3
Compiling module xil_defaultlib.Multiplexer_AC__parameterized158
Compiling module xil_defaultlib.Multiplexer_AC__parameterized159
Compiling module xil_defaultlib.Multiplexer_AC__parameterized157
Compiling module simprims_ver.ffsrce_fdce
Compiling module simprims_ver.FDCE
Compiling module xil_defaultlib.RegisterAdd__parameterized8
Compiling module xil_defaultlib.RegisterAdd
Compiling module simprims_ver.CARRY4
Compiling module xil_defaultlib.add_sub_carry_out__parameterized...
Compiling module xil_defaultlib.Add_Subt
Compiling module xil_defaultlib.Multiplexer_AC__parameterized0
Compiling module simprims_ver.LUT4
Compiling module xil_defaultlib.Mux_3x1__parameterized0
Compiling module xil_defaultlib.RegisterAdd__parameterized6
Compiling module xil_defaultlib.Multiplexer_AC__parameterized131...
Compiling module xil_defaultlib.Multiplexer_AC__parameterized141...
Compiling module xil_defaultlib.Multiplexer_AC__parameterized142...
Compiling module xil_defaultlib.Multiplexer_AC__parameterized143...
Compiling module xil_defaultlib.Multiplexer_AC__parameterized144...
Compiling module xil_defaultlib.Multiplexer_AC__parameterized145...
Compiling module xil_defaultlib.Multiplexer_AC__parameterized146...
Compiling module xil_defaultlib.Multiplexer_AC__parameterized147...
Compiling module xil_defaultlib.Multiplexer_AC__parameterized148...
Compiling module xil_defaultlib.Multiplexer_AC__parameterized149...
Compiling module xil_defaultlib.Multiplexer_AC__parameterized150...
Compiling module xil_defaultlib.Multiplexer_AC__parameterized132...
Compiling module xil_defaultlib.Multiplexer_AC__parameterized151...
Compiling module xil_defaultlib.Multiplexer_AC__parameterized152...
Compiling module xil_defaultlib.Multiplexer_AC__parameterized153...
Compiling module xil_defaultlib.Multiplexer_AC__parameterized154...
Compiling module xil_defaultlib.Multiplexer_AC__parameterized155...
Compiling module xil_defaultlib.Multiplexer_AC__parameterized156...
Compiling module xil_defaultlib.Multiplexer_AC__parameterized133...
Compiling module xil_defaultlib.Multiplexer_AC__parameterized134...
Compiling module xil_defaultlib.Multiplexer_AC__parameterized135...
Compiling module xil_defaultlib.Multiplexer_AC__parameterized136...
Compiling module xil_defaultlib.Multiplexer_AC__parameterized137...
Compiling module xil_defaultlib.Multiplexer_AC__parameterized138...
Compiling module xil_defaultlib.Multiplexer_AC__parameterized139...
Compiling module xil_defaultlib.Multiplexer_AC__parameterized140...
Compiling module xil_defaultlib.Rotate_Mux_Array__1
Compiling module xil_defaultlib.Multiplexer_AC__parameterized1
Compiling module xil_defaultlib.Multiplexer_AC__parameterized11
Compiling module xil_defaultlib.Multiplexer_AC__parameterized12
Compiling module xil_defaultlib.Multiplexer_AC__parameterized13
Compiling module xil_defaultlib.Multiplexer_AC__parameterized14
Compiling module xil_defaultlib.Multiplexer_AC__parameterized15
Compiling module xil_defaultlib.Multiplexer_AC__parameterized16
Compiling module xil_defaultlib.Multiplexer_AC__parameterized17
Compiling module xil_defaultlib.Multiplexer_AC__parameterized18
Compiling module xil_defaultlib.Multiplexer_AC__parameterized19
Compiling module xil_defaultlib.Multiplexer_AC__parameterized20
Compiling module xil_defaultlib.Multiplexer_AC__parameterized2
Compiling module xil_defaultlib.Multiplexer_AC__parameterized21
Compiling module xil_defaultlib.Multiplexer_AC__parameterized22
Compiling module xil_defaultlib.Multiplexer_AC__parameterized23
Compiling module xil_defaultlib.Multiplexer_AC__parameterized24
Compiling module xil_defaultlib.Multiplexer_AC__parameterized25
Compiling module xil_defaultlib.Multiplexer_AC__parameterized26
Compiling module xil_defaultlib.Multiplexer_AC__parameterized3
Compiling module xil_defaultlib.Multiplexer_AC__parameterized4
Compiling module xil_defaultlib.Multiplexer_AC__parameterized5
Compiling module xil_defaultlib.Multiplexer_AC__parameterized6
Compiling module xil_defaultlib.Multiplexer_AC__parameterized7
Compiling module xil_defaultlib.Multiplexer_AC__parameterized8
Compiling module xil_defaultlib.Multiplexer_AC__parameterized9
Compiling module xil_defaultlib.Multiplexer_AC__parameterized10
Compiling module xil_defaultlib.shift_mux_array
Compiling module xil_defaultlib.Multiplexer_AC__parameterized27
Compiling module xil_defaultlib.Multiplexer_AC__parameterized37
Compiling module xil_defaultlib.Multiplexer_AC__parameterized38
Compiling module xil_defaultlib.Multiplexer_AC__parameterized39
Compiling module xil_defaultlib.Multiplexer_AC__parameterized40
Compiling module xil_defaultlib.Multiplexer_AC__parameterized41
Compiling module xil_defaultlib.Multiplexer_AC__parameterized42
Compiling module xil_defaultlib.Multiplexer_AC__parameterized43
Compiling module xil_defaultlib.Multiplexer_AC__parameterized44
Compiling module xil_defaultlib.Multiplexer_AC__parameterized45
Compiling module xil_defaultlib.Multiplexer_AC__parameterized46
Compiling module xil_defaultlib.Multiplexer_AC__parameterized28
Compiling module xil_defaultlib.Multiplexer_AC__parameterized47
Compiling module xil_defaultlib.Multiplexer_AC__parameterized48
Compiling module xil_defaultlib.Multiplexer_AC__parameterized49
Compiling module xil_defaultlib.Multiplexer_AC__parameterized50
Compiling module xil_defaultlib.Multiplexer_AC__parameterized51
Compiling module xil_defaultlib.Multiplexer_AC__parameterized52
Compiling module xil_defaultlib.Multiplexer_AC__parameterized29
Compiling module xil_defaultlib.Multiplexer_AC__parameterized30
Compiling module xil_defaultlib.Multiplexer_AC__parameterized31
Compiling module xil_defaultlib.Multiplexer_AC__parameterized32
Compiling module xil_defaultlib.Multiplexer_AC__parameterized33
Compiling module xil_defaultlib.Multiplexer_AC__parameterized34
Compiling module xil_defaultlib.Multiplexer_AC__parameterized35
Compiling module xil_defaultlib.Multiplexer_AC__parameterized36
Compiling module xil_defaultlib.shift_mux_array__parameterized0
Compiling module xil_defaultlib.Multiplexer_AC__parameterized53
Compiling module xil_defaultlib.Multiplexer_AC__parameterized63
Compiling module xil_defaultlib.Multiplexer_AC__parameterized64
Compiling module xil_defaultlib.Multiplexer_AC__parameterized65
Compiling module xil_defaultlib.Multiplexer_AC__parameterized66
Compiling module xil_defaultlib.Multiplexer_AC__parameterized67
Compiling module xil_defaultlib.Multiplexer_AC__parameterized68
Compiling module xil_defaultlib.Multiplexer_AC__parameterized69
Compiling module xil_defaultlib.Multiplexer_AC__parameterized70
Compiling module xil_defaultlib.Multiplexer_AC__parameterized71
Compiling module xil_defaultlib.Multiplexer_AC__parameterized72
Compiling module xil_defaultlib.Multiplexer_AC__parameterized54
Compiling module xil_defaultlib.Multiplexer_AC__parameterized73
Compiling module xil_defaultlib.Multiplexer_AC__parameterized74
Compiling module xil_defaultlib.Multiplexer_AC__parameterized75
Compiling module xil_defaultlib.Multiplexer_AC__parameterized76
Compiling module xil_defaultlib.Multiplexer_AC__parameterized77
Compiling module xil_defaultlib.Multiplexer_AC__parameterized78
Compiling module xil_defaultlib.Multiplexer_AC__parameterized55
Compiling module xil_defaultlib.Multiplexer_AC__parameterized56
Compiling module xil_defaultlib.Multiplexer_AC__parameterized57
Compiling module xil_defaultlib.Multiplexer_AC__parameterized58
Compiling module xil_defaultlib.Multiplexer_AC__parameterized59
Compiling module xil_defaultlib.Multiplexer_AC__parameterized60
Compiling module xil_defaultlib.Multiplexer_AC__parameterized61
Compiling module xil_defaultlib.Multiplexer_AC__parameterized62
Compiling module xil_defaultlib.shift_mux_array__parameterized1
Compiling module xil_defaultlib.Multiplexer_AC__parameterized79
Compiling module xil_defaultlib.Multiplexer_AC__parameterized89
Compiling module xil_defaultlib.Multiplexer_AC__parameterized90
Compiling module xil_defaultlib.Multiplexer_AC__parameterized91
Compiling module xil_defaultlib.Multiplexer_AC__parameterized92
Compiling module xil_defaultlib.Multiplexer_AC__parameterized93
Compiling module xil_defaultlib.Multiplexer_AC__parameterized94
Compiling module xil_defaultlib.Multiplexer_AC__parameterized95
Compiling module xil_defaultlib.Multiplexer_AC__parameterized96
Compiling module xil_defaultlib.Multiplexer_AC__parameterized97
Compiling module xil_defaultlib.Multiplexer_AC__parameterized98
Compiling module xil_defaultlib.Multiplexer_AC__parameterized80
Compiling module xil_defaultlib.Multiplexer_AC__parameterized99
Compiling module xil_defaultlib.Multiplexer_AC__parameterized100
Compiling module xil_defaultlib.Multiplexer_AC__parameterized101
Compiling module xil_defaultlib.Multiplexer_AC__parameterized102
Compiling module xil_defaultlib.Multiplexer_AC__parameterized103
Compiling module xil_defaultlib.Multiplexer_AC__parameterized104
Compiling module xil_defaultlib.Multiplexer_AC__parameterized81
Compiling module xil_defaultlib.Multiplexer_AC__parameterized82
Compiling module xil_defaultlib.Multiplexer_AC__parameterized83
Compiling module xil_defaultlib.Multiplexer_AC__parameterized84
Compiling module xil_defaultlib.Multiplexer_AC__parameterized85
Compiling module xil_defaultlib.Multiplexer_AC__parameterized86
Compiling module xil_defaultlib.Multiplexer_AC__parameterized87
Compiling module xil_defaultlib.Multiplexer_AC__parameterized88
Compiling module xil_defaultlib.shift_mux_array__parameterized2
Compiling module xil_defaultlib.Multiplexer_AC__parameterized105
Compiling module xil_defaultlib.Multiplexer_AC__parameterized115
Compiling module xil_defaultlib.Multiplexer_AC__parameterized116
Compiling module xil_defaultlib.Multiplexer_AC__parameterized117
Compiling module xil_defaultlib.Multiplexer_AC__parameterized118
Compiling module xil_defaultlib.Multiplexer_AC__parameterized119
Compiling module xil_defaultlib.Multiplexer_AC__parameterized120
Compiling module xil_defaultlib.Multiplexer_AC__parameterized121
Compiling module xil_defaultlib.Multiplexer_AC__parameterized122
Compiling module xil_defaultlib.Multiplexer_AC__parameterized123
Compiling module xil_defaultlib.Multiplexer_AC__parameterized124
Compiling module xil_defaultlib.Multiplexer_AC__parameterized106
Compiling module xil_defaultlib.Multiplexer_AC__parameterized125
Compiling module xil_defaultlib.Multiplexer_AC__parameterized126
Compiling module xil_defaultlib.Multiplexer_AC__parameterized127
Compiling module xil_defaultlib.Multiplexer_AC__parameterized128
Compiling module xil_defaultlib.Multiplexer_AC__parameterized129
Compiling module xil_defaultlib.Multiplexer_AC__parameterized130
Compiling module xil_defaultlib.Multiplexer_AC__parameterized107
Compiling module xil_defaultlib.Multiplexer_AC__parameterized108
Compiling module xil_defaultlib.Multiplexer_AC__parameterized109
Compiling module xil_defaultlib.Multiplexer_AC__parameterized110
Compiling module xil_defaultlib.Multiplexer_AC__parameterized111
Compiling module xil_defaultlib.Multiplexer_AC__parameterized112
Compiling module xil_defaultlib.Multiplexer_AC__parameterized113
Compiling module xil_defaultlib.Multiplexer_AC__parameterized114
Compiling module xil_defaultlib.shift_mux_array__parameterized3
Compiling module xil_defaultlib.Multiplexer_AC__parameterized131
Compiling module xil_defaultlib.Multiplexer_AC__parameterized141
Compiling module xil_defaultlib.Multiplexer_AC__parameterized142
Compiling module xil_defaultlib.Multiplexer_AC__parameterized143
Compiling module xil_defaultlib.Multiplexer_AC__parameterized144
Compiling module xil_defaultlib.Multiplexer_AC__parameterized145
Compiling module xil_defaultlib.Multiplexer_AC__parameterized146
Compiling module xil_defaultlib.Multiplexer_AC__parameterized147
Compiling module xil_defaultlib.Multiplexer_AC__parameterized148
Compiling module xil_defaultlib.Multiplexer_AC__parameterized149
Compiling module xil_defaultlib.Multiplexer_AC__parameterized150
Compiling module xil_defaultlib.Multiplexer_AC__parameterized132
Compiling module xil_defaultlib.Multiplexer_AC__parameterized151
Compiling module xil_defaultlib.Multiplexer_AC__parameterized152
Compiling module xil_defaultlib.Multiplexer_AC__parameterized153
Compiling module xil_defaultlib.Multiplexer_AC__parameterized154
Compiling module xil_defaultlib.Multiplexer_AC__parameterized155
Compiling module xil_defaultlib.Multiplexer_AC__parameterized156
Compiling module xil_defaultlib.Multiplexer_AC__parameterized133
Compiling module xil_defaultlib.Multiplexer_AC__parameterized134
Compiling module xil_defaultlib.Multiplexer_AC__parameterized135
Compiling module xil_defaultlib.Multiplexer_AC__parameterized136
Compiling module xil_defaultlib.Multiplexer_AC__parameterized137
Compiling module xil_defaultlib.Multiplexer_AC__parameterized138
Compiling module xil_defaultlib.Multiplexer_AC__parameterized139
Compiling module xil_defaultlib.Multiplexer_AC__parameterized140
Compiling module xil_defaultlib.Rotate_Mux_Array
Compiling module xil_defaultlib.Mux_Array
Compiling module xil_defaultlib.RegisterAdd__parameterized7
Compiling module xil_defaultlib.Barrel_Shifter
Compiling module simprims_ver.IBUF
Compiling module xil_defaultlib.Multiplexer_AC__1
Compiling module xil_defaultlib.Mux_3x1
Compiling module xil_defaultlib.RegisterAdd__6
Compiling module xil_defaultlib.RegisterAdd__7
Compiling module simprims_ver.x_lut1_mux2
Compiling module simprims_ver.LUT1
Compiling module xil_defaultlib.Greater_Comparator
Compiling module xil_defaultlib.Comparator_Less
Compiling module xil_defaultlib.Comparators
Compiling module xil_defaultlib.add_sub_carry_out
Compiling module xil_defaultlib.RegisterAdd__parameterized5
Compiling module xil_defaultlib.Exp_Operation
Compiling module simprims_ver.LUT6
Compiling module simprims_ver.GND
Compiling module simprims_ver.LUT5
Compiling module simprims_ver.MUXF7
Compiling module xil_defaultlib.FSM_Add_Subtract
Compiling module xil_defaultlib.RegisterAdd__parameterized9
Compiling module xil_defaultlib.Priority_Codec_32
Compiling module xil_defaultlib.LZD
Compiling module xil_defaultlib.RegisterAdd__4
Compiling module xil_defaultlib.RegisterAdd__parameterized3
Compiling module xil_defaultlib.Comparator
Compiling module xil_defaultlib.MultiplexTxT
Compiling module xil_defaultlib.xor_tri
Compiling module xil_defaultlib.RegisterAdd__5
Compiling module xil_defaultlib.RegisterAdd__parameterized1
Compiling module xil_defaultlib.RegisterAdd__parameterized2
Compiling module xil_defaultlib.RegisterAdd__parameterized4
Compiling module xil_defaultlib.sgn_result
Compiling module xil_defaultlib.Oper_Start_In
Compiling module xil_defaultlib.Round_Sgf_Dec
Compiling module xil_defaultlib.RegisterAdd__1
Compiling module xil_defaultlib.RegisterAdd__parameterized0
Compiling module xil_defaultlib.RegisterAdd__2
Compiling module xil_defaultlib.RegisterAdd__3
Compiling module simprims_ver.BUFG
Compiling module xil_defaultlib.Multiplexer_AC
Compiling module xil_defaultlib.RegisterAdd__parameterized10
Compiling module xil_defaultlib.Multiplexer_AC__parameterized160
Compiling module xil_defaultlib.Mux_3x1__parameterized1
Compiling module xil_defaultlib.Tenth_Phase
Compiling module simprims_ver.OBUF
Compiling module xil_defaultlib.FPU_Add_Subtract_Function
Compiling module xil_defaultlib.Testbench_FPU_Add_Subt
Compiling module xil_defaultlib.glbl
Built simulation snapshot Testbench_FPU_Add_Subt_time_synth
