INFO: Analyzing Verilog file "/home/jorge/Documents/Karatsuba_FPU/Resultados/CORDIC/CORDIC_Arch3_Vivado/CORDIC_Arch3_Vivado.srcs/sources_1/imports/Floating-Point-Unit-master/FPU_Add_subt_Mult/project_1/project_1.srcs/sources_1/imports/Proyecto_De_Graduacion/FPU_FLM/RTL/Add-Subt/Multiplexer_AC.v" into library work (VERI-1482)
INFO: analyzing module Multiplexer_AC (VERI-9002)
INFO: Analyzing Verilog file "/home/jorge/Documents/Karatsuba_FPU/Resultados/CORDIC/CORDIC_Arch3_Vivado/CORDIC_Arch3_Vivado.srcs/sources_1/imports/Floating-Point-Unit-master/FPU_Add_subt_Mult/project_1/project_1.srcs/sources_1/imports/Proyecto_De_Graduacion/FPU_FLM/RTL/Add-Subt/shift_mux.v" into library work (VERI-1482)
INFO: analyzing module shift_mux_array (VERI-9002)
/home/jorge/Documents/Karatsuba_FPU/Resultados/CORDIC/CORDIC_Arch3_Vivado/CORDIC_Arch3_Vivado.srcs/sources_1/imports/Floating-Point-Unit-master/FPU_Add_subt_Mult/project_1/project_1.srcs/sources_1/imports/Proyecto_De_Graduacion/FPU_FLM/RTL/Add-Subt/shift_mux.v(33): WARNING: block identifier is required on this block (VERI-1212)
INFO: Analyzing Verilog file "/home/jorge/Documents/Karatsuba_FPU/Resultados/CORDIC/CORDIC_Arch3_Vivado/CORDIC_Arch3_Vivado.srcs/sources_1/imports/Floating-Point-Unit-master/FPU_Add_subt_Mult/project_1/project_1.srcs/sources_1/imports/Proyecto_De_Graduacion/FPU_FLM/RTL/Add-Subt/Rotate_Mux_Array.v" into library work (VERI-1482)
INFO: analyzing module Rotate_Mux_Array (VERI-9002)
/home/jorge/Documents/Karatsuba_FPU/Resultados/CORDIC/CORDIC_Arch3_Vivado/CORDIC_Arch3_Vivado.srcs/sources_1/imports/Floating-Point-Unit-master/FPU_Add_subt_Mult/project_1/project_1.srcs/sources_1/imports/Proyecto_De_Graduacion/FPU_FLM/RTL/Add-Subt/Rotate_Mux_Array.v(32): WARNING: block identifier is required on this block (VERI-1212)
INFO: Analyzing Verilog file "/home/jorge/Documents/Karatsuba_FPU/Resultados/CORDIC/CORDIC_Arch3_Vivado/CORDIC_Arch3_Vivado.srcs/sources_1/imports/Floating-Point-Unit-master/FPU_Add_subt_Mult/project_1/project_1.srcs/sources_1/imports/Proyecto_De_Graduacion/FPU_FLM/RTL/Add-Subt/RegisterAdd.v" into library work (VERI-1482)
INFO: analyzing module RegisterAdd (VERI-9002)
INFO: Analyzing Verilog file "/home/jorge/Documents/Karatsuba_FPU/Resultados/CORDIC/CORDIC_Arch3_Vivado/CORDIC_Arch3_Vivado.srcs/sources_1/imports/Floating-Point-Unit-master/FPU_Add_subt_Mult/project_1/project_1.srcs/sources_1/imports/Proyecto_De_Graduacion/FPU_FLM/RTL/Add-Subt/Greater_Comparator.v" into library work (VERI-1482)
INFO: analyzing module Greater_Comparator (VERI-9002)
INFO: Analyzing Verilog file "/home/jorge/Documents/Karatsuba_FPU/Resultados/CORDIC/CORDIC_Arch3_Vivado/CORDIC_Arch3_Vivado.srcs/sources_1/imports/Floating-Point-Unit-master/FPU_Add_subt_Mult/project_1/project_1.srcs/sources_1/imports/Proyecto_De_Graduacion/FPU_FLM/RTL/Add-Subt/Comparator_Less.v" into library work (VERI-1482)
INFO: analyzing module Comparator_Less (VERI-9002)
INFO: Analyzing Verilog file "/home/jorge/Documents/Karatsuba_FPU/Resultados/CORDIC/CORDIC_Arch3_Vivado/CORDIC_Arch3_Vivado.srcs/sources_1/imports/Floating-Point-Unit-master/FPU_Add_subt_Mult/project_1/project_1.srcs/sources_1/imports/Proyecto_De_Graduacion/FPU_FLM/RTL/Add-Subt/xor_tri.v" into library work (VERI-1482)
INFO: analyzing module xor_tri (VERI-9002)
INFO: Analyzing Verilog file "/home/jorge/Documents/Karatsuba_FPU/Resultados/CORDIC/CORDIC_Arch3_Vivado/CORDIC_Arch3_Vivado.srcs/sources_1/imports/Floating-Point-Unit-master/FPU_Add_subt_Mult/project_1/project_1.srcs/sources_1/imports/Proyecto_De_Graduacion/FPU_FLM/RTL/Add-Subt/sgn_result.v" into library work (VERI-1482)
INFO: analyzing module sgn_result (VERI-9002)
INFO: Analyzing Verilog file "/home/jorge/Documents/Karatsuba_FPU/Resultados/CORDIC/CORDIC_Arch3_Vivado/CORDIC_Arch3_Vivado.srcs/sources_1/imports/Floating-Point-Unit-master/FPU_Add_subt_Mult/project_1/project_1.srcs/sources_1/imports/Proyecto_De_Graduacion/FPU_FLM/RTL/Add-Subt/Priority_Codec_64.v" into library work (VERI-1482)
INFO: analyzing module Priority_Codec_64 (VERI-9002)
INFO: Analyzing Verilog file "/home/jorge/Documents/Karatsuba_FPU/Resultados/CORDIC/CORDIC_Arch3_Vivado/CORDIC_Arch3_Vivado.srcs/sources_1/imports/Floating-Point-Unit-master/FPU_Add_subt_Mult/project_1/project_1.srcs/sources_1/imports/Proyecto_De_Graduacion/FPU_FLM/RTL/Add-Subt/Priority_Codec_32.v" into library work (VERI-1482)
INFO: analyzing module Priority_Codec_32 (VERI-9002)
INFO: Analyzing Verilog file "/home/jorge/Documents/Karatsuba_FPU/Resultados/CORDIC/CORDIC_Arch3_Vivado/CORDIC_Arch3_Vivado.srcs/sources_1/imports/Floating-Point-Unit-master/FPU_Add_subt_Mult/project_1/project_1.srcs/sources_1/imports/Proyecto_De_Graduacion/FPU_FLM/RTL/Add-Subt/Mux_Array.v" into library work (VERI-1482)
INFO: analyzing module Mux_Array (VERI-9002)
/home/jorge/Documents/Karatsuba_FPU/Resultados/CORDIC/CORDIC_Arch3_Vivado/CORDIC_Arch3_Vivado.srcs/sources_1/imports/Floating-Point-Unit-master/FPU_Add_subt_Mult/project_1/project_1.srcs/sources_1/imports/Proyecto_De_Graduacion/FPU_FLM/RTL/Add-Subt/Mux_Array.v(46): WARNING: block identifier is required on this block (VERI-1212)
/home/jorge/Documents/Karatsuba_FPU/Resultados/CORDIC/CORDIC_Arch3_Vivado/CORDIC_Arch3_Vivado.srcs/sources_1/imports/Floating-Point-Unit-master/FPU_Add_subt_Mult/project_1/project_1.srcs/sources_1/imports/Proyecto_De_Graduacion/FPU_FLM/RTL/Add-Subt/Mux_Array.v(64): WARNING: block identifier is required on this block (VERI-1212)
INFO: Analyzing Verilog file "/home/jorge/Documents/Karatsuba_FPU/Resultados/CORDIC/CORDIC_Arch3_Vivado/CORDIC_Arch3_Vivado.srcs/sources_1/imports/Floating-Point-Unit-master/FPU_Add_subt_Mult/project_1/project_1.srcs/sources_1/imports/Proyecto_De_Graduacion/FPU_FLM/RTL/Add-Subt/Mux_3x1.v" into library work (VERI-1482)
INFO: analyzing module Mux_3x1 (VERI-9002)
INFO: Analyzing Verilog file "/home/jorge/Documents/Karatsuba_FPU/Resultados/CORDIC/CORDIC_Arch3_Vivado/CORDIC_Arch3_Vivado.srcs/sources_1/imports/Floating-Point-Unit-master/FPU_Add_subt_Mult/project_1/project_1.srcs/sources_1/imports/Proyecto_De_Graduacion/FPU_FLM/RTL/Add-Subt/MultiplexTxT.v" into library work (VERI-1482)
INFO: analyzing module MultiplexTxT (VERI-9002)
INFO: Analyzing Verilog file "/home/jorge/Documents/Karatsuba_FPU/Resultados/CORDIC/CORDIC_Arch3_Vivado/CORDIC_Arch3_Vivado.srcs/sources_1/imports/Floating-Point-Unit-master/FPU_Add_subt_Mult/project_1/project_1.srcs/sources_1/imports/Proyecto_De_Graduacion/FPU_FLM/RTL/Add-Subt/Comparators.v" into library work (VERI-1482)
INFO: analyzing module Comparators (VERI-9002)
INFO: Analyzing Verilog file "/home/jorge/Documents/Karatsuba_FPU/Resultados/CORDIC/CORDIC_Arch3_Vivado/CORDIC_Arch3_Vivado.srcs/sources_1/imports/Floating-Point-Unit-master/FPU_Add_subt_Mult/project_1/project_1.srcs/sources_1/imports/Proyecto_De_Graduacion/FPU_FLM/RTL/Add-Subt/Comparator.v" into library work (VERI-1482)
INFO: analyzing module Comparator (VERI-9002)
INFO: Analyzing Verilog file "/home/jorge/Documents/Karatsuba_FPU/Resultados/CORDIC/CORDIC_Arch3_Vivado/CORDIC_Arch3_Vivado.srcs/sources_1/imports/Floating-Point-Unit-master/FPU_Add_subt_Mult/project_1/project_1.srcs/sources_1/imports/Proyecto_De_Graduacion/FPU_FLM/RTL/Add-Subt/add_sub_carry_out.v" into library work (VERI-1482)
INFO: analyzing module add_sub_carry_out (VERI-9002)
INFO: Analyzing Verilog file "/home/jorge/Documents/Karatsuba_FPU/Resultados/CORDIC/CORDIC_Arch3_Vivado/CORDIC_Arch3_Vivado.srcs/sources_1/imports/Floating-Point-Unit-master/FPU_Add_subt_Mult/project_1/project_1.srcs/sources_1/imports/Proyecto_De_Graduacion/FPU_FLM/RTL/Add-Subt/Tenth_Phase.v" into library work (VERI-1482)
INFO: analyzing module Tenth_Phase (VERI-9002)
INFO: Analyzing Verilog file "/home/jorge/Documents/Karatsuba_FPU/Resultados/CORDIC/CORDIC_Arch3_Vivado/CORDIC_Arch3_Vivado.srcs/sources_1/imports/Floating-Point-Unit-master/FPU_Add_subt_Mult/project_1/project_1.srcs/sources_1/imports/Proyecto_De_Graduacion/FPU_FLM/RTL/Add-Subt/Round_Sgf_Dec.v" into library work (VERI-1482)
INFO: analyzing module Round_Sgf_Dec (VERI-9002)
INFO: Analyzing Verilog file "/home/jorge/Documents/Karatsuba_FPU/Resultados/CORDIC/CORDIC_Arch3_Vivado/CORDIC_Arch3_Vivado.srcs/sources_1/imports/Floating-Point-Unit-master/FPU_Add_subt_Mult/project_1/project_1.srcs/sources_1/imports/Proyecto_De_Graduacion/FPU_FLM/RTL/Add-Subt/Oper_Start_In.v" into library work (VERI-1482)
INFO: analyzing module Oper_Start_In (VERI-9002)
/home/jorge/Documents/Karatsuba_FPU/Resultados/CORDIC/CORDIC_Arch3_Vivado/CORDIC_Arch3_Vivado.srcs/sources_1/imports/Floating-Point-Unit-master/FPU_Add_subt_Mult/project_1/project_1.srcs/sources_1/imports/Proyecto_De_Graduacion/FPU_FLM/RTL/Add-Subt/Oper_Start_In.v(110): INFO: undeclared symbol sign_result, assumed default net type wire (VERI-9004)
INFO: Analyzing Verilog file "/home/jorge/Documents/Karatsuba_FPU/Resultados/CORDIC/CORDIC_Arch3_Vivado/CORDIC_Arch3_Vivado.srcs/sources_1/imports/Floating-Point-Unit-master/FPU_Add_subt_Mult/project_1/project_1.srcs/sources_1/imports/Proyecto_De_Graduacion/FPU_FLM/RTL/Add-Subt/LZD.v" into library work (VERI-1482)
INFO: analyzing module LZD (VERI-9002)
INFO: Analyzing Verilog file "/home/jorge/Documents/Karatsuba_FPU/Resultados/CORDIC/CORDIC_Arch3_Vivado/CORDIC_Arch3_Vivado.srcs/sources_1/imports/Floating-Point-Unit-master/FPU_Add_subt_Mult/project_1/project_1.srcs/sources_1/imports/Proyecto_De_Graduacion/FPU_FLM/RTL/Add-Subt/FSM_Add_Subtract.v" into library work (VERI-1482)
INFO: analyzing module FSM_Add_Subtract (VERI-9002)
INFO: Analyzing Verilog file "/home/jorge/Documents/Karatsuba_FPU/Resultados/CORDIC/CORDIC_Arch3_Vivado/CORDIC_Arch3_Vivado.srcs/sources_1/imports/Floating-Point-Unit-master/FPU_Add_subt_Mult/project_1/project_1.srcs/sources_1/imports/Proyecto_De_Graduacion/FPU_FLM/RTL/Add-Subt/exp_operation.v" into library work (VERI-1482)
INFO: analyzing module Exp_Operation (VERI-9002)
/home/jorge/Documents/Karatsuba_FPU/Resultados/CORDIC/CORDIC_Arch3_Vivado/CORDIC_Arch3_Vivado.srcs/sources_1/imports/Floating-Point-Unit-master/FPU_Add_subt_Mult/project_1/project_1.srcs/sources_1/imports/Proyecto_De_Graduacion/FPU_FLM/RTL/Add-Subt/exp_operation.v(63): INFO: undeclared symbol Overflow_flag, assumed default net type wire (VERI-9004)
/home/jorge/Documents/Karatsuba_FPU/Resultados/CORDIC/CORDIC_Arch3_Vivado/CORDIC_Arch3_Vivado.srcs/sources_1/imports/Floating-Point-Unit-master/FPU_Add_subt_Mult/project_1/project_1.srcs/sources_1/imports/Proyecto_De_Graduacion/FPU_FLM/RTL/Add-Subt/exp_operation.v(64): INFO: undeclared symbol Underflow_flag, assumed default net type wire (VERI-9004)
INFO: Analyzing Verilog file "/home/jorge/Documents/Karatsuba_FPU/Resultados/CORDIC/CORDIC_Arch3_Vivado/CORDIC_Arch3_Vivado.srcs/sources_1/imports/Floating-Point-Unit-master/FPU_Add_subt_Mult/project_1/project_1.srcs/sources_1/imports/Proyecto_De_Graduacion/FPU_FLM/RTL/Add-Subt/Barrel_shifter.v" into library work (VERI-1482)
INFO: analyzing module Barrel_Shifter (VERI-9002)
INFO: Analyzing Verilog file "/home/jorge/Documents/Karatsuba_FPU/Resultados/CORDIC/CORDIC_Arch3_Vivado/CORDIC_Arch3_Vivado.srcs/sources_1/imports/Floating-Point-Unit-master/FPU_Add_subt_Mult/project_1/project_1.srcs/sources_1/imports/Proyecto_De_Graduacion/FPU_FLM/RTL/Add-Subt/Add_Subt.v" into library work (VERI-1482)
INFO: analyzing module Add_Subt (VERI-9002)
INFO: Analyzing Verilog file "/home/jorge/Documents/Karatsuba_FPU/Resultados/CORDIC/CORDIC_Arch3_Vivado/CORDIC_Arch3_Vivado.srcs/sources_1/imports/Floating-Point-Unit-master/Coprocesador_CORDIC_RTL/sine_cosine_CORDIC/Simple_Subt.v" into library work (VERI-1482)
INFO: analyzing module Simple_Subt (VERI-9002)
INFO: Analyzing Verilog file "/home/jorge/Documents/Karatsuba_FPU/Resultados/CORDIC/CORDIC_Arch3_Vivado/CORDIC_Arch3_Vivado.srcs/sources_1/imports/Floating-Point-Unit-master/Coprocesador_CORDIC_RTL/sine_cosine_CORDIC/sign_inverter.v" into library work (VERI-1482)
INFO: analyzing module sign_inverter (VERI-9002)
INFO: Analyzing Verilog file "/home/jorge/Documents/Karatsuba_FPU/Resultados/CORDIC/CORDIC_Arch3_Vivado/CORDIC_Arch3_Vivado.srcs/sources_1/imports/Floating-Point-Unit-master/Coprocesador_CORDIC_RTL/sine_cosine_CORDIC/Op_Select.v" into library work (VERI-1482)
INFO: analyzing module Op_Select (VERI-9002)
INFO: Analyzing Verilog file "/home/jorge/Documents/Karatsuba_FPU/Resultados/CORDIC/CORDIC_Arch3_Vivado/CORDIC_Arch3_Vivado.srcs/sources_1/imports/Floating-Point-Unit-master/Coprocesador_CORDIC_RTL/sine_cosine_CORDIC/Mux_3x1_b.v" into library work (VERI-1482)
INFO: analyzing module Mux_3x1_b (VERI-9002)
INFO: Analyzing Verilog file "/home/jorge/Documents/Karatsuba_FPU/Resultados/CORDIC/CORDIC_Arch3_Vivado/CORDIC_Arch3_Vivado.srcs/sources_1/imports/Floating-Point-Unit-master/Coprocesador_CORDIC_RTL/sine_cosine_CORDIC/Mux_2x1.v" into library work (VERI-1482)
INFO: analyzing module Mux_2x1 (VERI-9002)
INFO: Analyzing Verilog file "/home/jorge/Documents/Karatsuba_FPU/Resultados/CORDIC/CORDIC_Arch3_Vivado/CORDIC_Arch3_Vivado.srcs/sources_1/imports/Floating-Point-Unit-master/Coprocesador_CORDIC_RTL/sine_cosine_CORDIC/LUT_ROM_64bits.v" into library work (VERI-1482)
INFO: analyzing module LUT_ROM_64bits (VERI-9002)
INFO: Analyzing Verilog file "/home/jorge/Documents/Karatsuba_FPU/Resultados/CORDIC/CORDIC_Arch3_Vivado/CORDIC_Arch3_Vivado.srcs/sources_1/imports/Floating-Point-Unit-master/FPU_Add_subt_Mult/project_1/project_1.srcs/sources_1/imports/Proyecto_De_Graduacion/FPU_FLM/RTL/Add-Subt/FPU_Add_Subtract_Function.v" into library work (VERI-1482)
INFO: analyzing module FPU_Add_Subtract_Function (VERI-9002)
/home/jorge/Documents/Karatsuba_FPU/Resultados/CORDIC/CORDIC_Arch3_Vivado/CORDIC_Arch3_Vivado.srcs/sources_1/imports/Floating-Point-Unit-master/FPU_Add_subt_Mult/project_1/project_1.srcs/sources_1/imports/Proyecto_De_Graduacion/FPU_FLM/RTL/Add-Subt/FPU_Add_Subtract_Function.v(167): INFO: undeclared symbol zero_flag, assumed default net type wire (VERI-9004)
INFO: Analyzing Verilog file "/home/jorge/Documents/Karatsuba_FPU/Resultados/CORDIC/CORDIC_Arch3_Vivado/CORDIC_Arch3_Vivado.srcs/sources_1/imports/Floating-Point-Unit-master/Coprocesador_CORDIC_RTL/sine_cosine_CORDIC/d_ff_en.v" into library work (VERI-1482)
INFO: analyzing module d_ff_en (VERI-9002)
INFO: Analyzing Verilog file "/home/jorge/Documents/Karatsuba_FPU/Resultados/CORDIC/CORDIC_Arch3_Vivado/CORDIC_Arch3_Vivado.srcs/sources_1/imports/Floating-Point-Unit-master/Coprocesador_CORDIC_RTL/sine_cosine_CORDIC/counter_up.v" into library work (VERI-1482)
INFO: analyzing module counter_up (VERI-9002)
INFO: Analyzing Verilog file "/home/jorge/Documents/Karatsuba_FPU/Resultados/CORDIC/CORDIC_Arch3_Vivado/CORDIC_Arch3_Vivado.srcs/sources_1/imports/Floating-Point-Unit-master/Coprocesador_CORDIC_RTL/sine_cosine_CORDIC/counter_d.v" into library work (VERI-1482)
INFO: analyzing module counter_d (VERI-9002)
INFO: Analyzing Verilog file "/home/jorge/Documents/Karatsuba_FPU/Resultados/CORDIC/CORDIC_Arch3_Vivado/CORDIC_Arch3_Vivado.srcs/sources_1/imports/Floating-Point-Unit-master/Coprocesador_CORDIC_RTL/sine_cosine_CORDIC/CORDIC_FSM_v2.v" into library work (VERI-1482)
INFO: analyzing module CORDIC_FSM_v2 (VERI-9002)
INFO: Analyzing Verilog file "/home/jorge/Documents/Karatsuba_FPU/Resultados/CORDIC/CORDIC_Arch3_Vivado/CORDIC_Arch3_Vivado.srcs/sources_1/imports/Floating-Point-Unit-master/Coprocesador_CORDIC_RTL/sine_cosine_CORDIC/LUT_ROM_32bits.v" into library work (VERI-1482)
INFO: analyzing module LUT_ROM_32bits (VERI-9002)
INFO: Analyzing Verilog file "/home/jorge/Documents/Karatsuba_FPU/Resultados/CORDIC/CORDIC_Arch3_Vivado/CORDIC_Arch3_Vivado.srcs/sources_1/imports/Floating-Point-Unit-master/Coprocesador_CORDIC_RTL/FPU_Interface_and_NaN/NaN_mod_64.v" into library work (VERI-1482)
INFO: analyzing module NaN_mod_64 (VERI-9002)
INFO: Analyzing Verilog file "/home/jorge/Documents/Karatsuba_FPU/Resultados/CORDIC/CORDIC_Arch3_Vivado/CORDIC_Arch3_Vivado.srcs/sources_1/imports/Floating-Point-Unit-master/Coprocesador_CORDIC_RTL/FPU_Interface_and_NaN/NaN_mod_32.v" into library work (VERI-1482)
INFO: analyzing module NaN_mod_32 (VERI-9002)
INFO: Analyzing Verilog file "/home/jorge/Documents/Karatsuba_FPU/Resultados/CORDIC/CORDIC_Arch3_Vivado/CORDIC_Arch3_Vivado.srcs/sources_1/imports/Floating-Point-Unit-master/Coprocesador_CORDIC_RTL/FPU_Interface_and_NaN/demux_1x3.v" into library work (VERI-1482)
INFO: analyzing module demux_1x3 (VERI-9002)
INFO: Analyzing Verilog file "/home/jorge/Documents/Karatsuba_FPU/Resultados/CORDIC/CORDIC_Arch3_Vivado/CORDIC_Arch3_Vivado.srcs/sources_1/imports/Floating-Point-Unit-master/Coprocesador_CORDIC_RTL/FPU_Interface_and_NaN/deco_op.v" into library work (VERI-1482)
INFO: analyzing module deco_op (VERI-9002)
INFO: Analyzing Verilog file "/home/jorge/Documents/Karatsuba_FPU/Resultados/CORDIC/CORDIC_Arch3_Vivado/CORDIC_Arch3_Vivado.srcs/sources_1/imports/addsub/FORMATTER.v" into library work (VERI-1482)
INFO: analyzing module FORMATTER (VERI-9002)
INFO: Analyzing Verilog file "/home/jorge/Documents/Karatsuba_FPU/Resultados/CORDIC/CORDIC_Arch3_Vivado/CORDIC_Arch3_Vivado.srcs/sources_1/imports/addsub/FSM_input_enable.v" into library work (VERI-1482)
INFO: analyzing module FSM_INPUT_ENABLE (VERI-9002)
INFO: Analyzing Verilog file "/home/jorge/Documents/Karatsuba_FPU/Resultados/CORDIC/CORDIC_Arch3_Vivado/CORDIC_Arch3_Vivado.srcs/sources_1/imports/addsub/Tenth_Phase_v2.v" into library work (VERI-1482)
INFO: analyzing module FRMT_STAGE (VERI-9002)
INFO: Analyzing Verilog file "/home/jorge/Documents/Karatsuba_FPU/Resultados/CORDIC/CORDIC_Arch3_Vivado/CORDIC_Arch3_Vivado.srcs/sources_1/imports/addsub/shift_reg.v" into library work (VERI-1482)
INFO: analyzing module ShiftRegister (VERI-9002)
INFO: Analyzing Verilog file "/home/jorge/Documents/Karatsuba_FPU/Resultados/CORDIC/CORDIC_Arch3_Vivado/CORDIC_Arch3_Vivado.srcs/sources_1/imports/addsub/FPU_ADD_Substract_PIPELINED.v" into library work (VERI-1482)
INFO: analyzing module FPU_PIPELINED_FPADDSUB (VERI-9002)
INFO: Analyzing Verilog file "/home/jorge/Documents/Karatsuba_FPU/Resultados/CORDIC/CORDIC_Arch3_Vivado/CORDIC_Arch3_Vivado.srcs/sources_1/imports/my_sourcefiles/cordic_jorge/Up_Counter.v" into library work (VERI-1482)
INFO: analyzing module Up_counter (VERI-9002)
INFO: Analyzing Verilog file "/home/jorge/Documents/Karatsuba_FPU/Resultados/CORDIC/CORDIC_Arch3_Vivado/CORDIC_Arch3_Vivado.srcs/sources_1/imports/FPU_Interface_and_NaN/FPU_Interface.v" into library work (VERI-1482)
INFO: analyzing module FPU_Interface (VERI-9002)
INFO: Analyzing Verilog file "/home/jorge/Documents/Karatsuba_FPU/Resultados/CORDIC/CORDIC_Arch3_Vivado/CORDIC_Arch3_Vivado.srcs/sources_1/imports/new/CORDIC_Arch3.v" into library work (VERI-1482)
INFO: analyzing module CORDIC_Arch3 (VERI-9002)
INFO: Analyzing Verilog file "/home/jorge/Documents/Karatsuba_FPU/Resultados/CORDIC/CORDIC_Arch3_Vivado/CORDIC_Arch3_Vivado.srcs/sources_1/imports/sine_cosine_CORDIC/CORDIC_Arch2.v" into library work (VERI-1482)
INFO: analyzing module CORDIC_Arch2 (VERI-9002)
INFO: Analyzing Verilog file "/home/jorge/Documents/Karatsuba_FPU/Resultados/CORDIC/CORDIC_Arch3_Vivado/CORDIC_Arch3_Vivado.srcs/sources_1/imports/my_sourcefiles/cordic_jorge/DECO_CORDIC_OP.v" into library work (VERI-1482)
INFO: analyzing module DECO_CORDIC_EXT (VERI-9002)
INFO: Analyzing Verilog file "/home/jorge/Documents/Karatsuba_FPU/Resultados/CORDIC/CORDIC_Arch3_Vivado/CORDIC_Arch3_Vivado.srcs/sources_1/imports/my_sourcefiles/cordic_jorge/PriorityEncoder_ExtCORDIC.v" into library work (VERI-1482)
INFO: analyzing module PriorityEncoder_CORDIC (VERI-9002)
INFO: Analyzing Verilog file "/home/jorge/Documents/Karatsuba_FPU/Resultados/CORDIC/CORDIC_Arch3_Vivado/CORDIC_Arch3_Vivado.srcs/sources_1/imports/my_sourcefiles/cordic_jorge/CORDIC_FSM_v3.v" into library work (VERI-1482)
INFO: analyzing module CORDIC_FSM_v3 (VERI-9002)
INFO: Analyzing Verilog file "/home/jorge/Documents/Karatsuba_FPU/Resultados/CORDIC/CORDIC_Arch3_Vivado/CORDIC_Arch3_Vivado.srcs/sources_1/imports/cordic_jorge/Mux_3x1_b_v2.v" into library work (VERI-1482)
INFO: analyzing module Mux_3x1_bv2 (VERI-9002)
