Vivado Simulator 2016.2
Time resolution is 1 ps
                   4-> ERROR: Data A = 2153524, Data B = 0895e81, Result = z000000000000
                  90<< Starting the Simulation>>
                 106-> ERROR: Data A = 0000001, Data B = 1f05663, Result = z000000000001
                 116-> ERROR: Data A = 0000001, Data B = 1f05663, Result = z0000017a6663
                 126-> ERROR: Data A = 0000001, Data B = 1f05663, Result = z000000f05663
                 186-> ERROR: Data A = 2b97b0d, Data B = 1f05663, Result = zae21f340f407
                 216-> ERROR: Data A = 2b97b0d, Data B = 2df998d, Result = za21db33efb29
                 226-> ERROR: Data A = 2b97b0d, Data B = 2df998d, Result = za20171068b29
                 266-> ERROR: Data A = 2c28465, Data B = 2df998d, Result = za9e6003e48a1
                 336-> ERROR: Data A = 1375212, Data B = 0f3e301, Result = z34b3f5134812
                 416-> ERROR: Data A = 2d7cd0d, Data B = 0f3e301, Result = zcd96ff01540d
                 436-> ERROR: Data A = 2d7cd0d, Data B = 323f176, Result = z1e4c9448c0fe
                 486-> ERROR: Data A = 28dcd3d, Data B = 323f176, Result = z13e8ceea071e
                 506-> ERROR: Data A = 28dcd3d, Data B = 323f176, Result = z000000000000
                 786-> ERROR: Data A = 2aff7e5, Data B = 113d2aa, Result = z0da034337812
                 866-> ERROR: Data A = 132d612, Data B = 3d27277, Result = z29ca55b9865e
                 936-> ERROR: Data A = 3ecdb8f, Data B = 3d27277, Result = zc2afb5c70d79
                 946-> ERROR: Data A = 3ecdb8f, Data B = 13069f2, Result = zc2b6032dbd79
                 956-> ERROR: Data A = 3ecdb8f, Data B = 13069f2, Result = z2cc73989b42e
                 966-> ERROR: Data A = 3ecdb8f, Data B = 13069f2, Result = z2ccb30c5342e
