Vivado Simulator 2016.2
Time resolution is 1 ps
                   0-> ERROR: Data A = 153524, Data B = 895e81, Result = 000000000000
                  90<< Starting the Simulation>>
                  90-> ERROR: Data A = 000001, Data B = 000001, Result = 474794582889
                 100-> 000001 *  000001 = 000000000001
                 105-> 000001 *  f05663 = 000000000001
                 110-> 000001 *  f05663 = 000000f05663
                 154-> b97b0d *  f05663 = 000000f05663
                 180-> b97b0d *  f05663 = ae21f340f407
                 210-> b97b0d *  df998d = ae21f340f407
                 220-> b97b0d *  df998d = a20171068b29
                 231-> c28465 *  df998d = a20171068b29
                 260-> c28465 *  df998d = a9e6003e48a1
                 308-> 375212 *  df998d = a9e6003e48a1
                 315-> 375212 *  f3e301 = a9e6003e48a1
                 330-> 375212 *  f3e301 = 34b3f5134812
                 385-> d7cd0d *  f3e301 = 34b3f5134812
                 410-> d7cd0d *  f3e301 = cd96ff01540d
                 420-> d7cd0d *  23f176 = cd96ff01540d
                 430-> d7cd0d *  23f176 = 1e4c9448c0fe
                 462-> 8dcd3d *  23f176 = 1e4c9448c0fe
                 480-> 8dcd3d *  23f176 = 13e8ceea071e
                 500-> ERROR: Data A = 8dcd3d, Data B = 23f176, Result = 000000000000
                 500-> 8dcd3d *  23f176 = 000000000000
                 525-> 8dcd3d *  d457ed = 000000000000
                 539-> 2df78c *  d457ed = 000000000000
                 616-> fde9f9 *  d457ed = 000000000000
                 630-> fde9f9 *  3724c6 = 000000000000
                 693-> f784c5 *  3724c6 = 000000000000
                 735-> f784c5 *  13d2aa = 000000000000
                 770-> aff7e5 *  13d2aa = 000000000000
                 780-> aff7e5 *  13d2aa = 0da034337812
                 840-> aff7e5 *  d27277 = 0da034337812
                 847-> 32d612 *  d27277 = 0da034337812
                 860-> 32d612 *  d27277 = 29ca55b9865e
                 924-> ecdb8f *  d27277 = 29ca55b9865e
                 930-> ecdb8f *  d27277 = c2b6032dbd79
                 945-> ecdb8f *  3069f2 = c2b6032dbd79
                 950-> ecdb8f *  3069f2 = 2ccb30c5342e
                   0-> ERROR: Data A = 153524, Data B = 895e81, Result = 000000000000
                  90<< Starting the Simulation>>
                  90-> ERROR: Data A = 000001, Data B = 000001, Result = 474794582889
                 100-> 000001 *  000001 = 000000000001
                 105-> 000001 *  f05663 = 000000000001
                 110-> 000001 *  f05663 = 000000f05663
                 154-> b97b0d *  f05663 = 000000f05663
                 180-> b97b0d *  f05663 = ae21f340f407
                 210-> b97b0d *  df998d = ae21f340f407
                 220-> b97b0d *  df998d = a20171068b29
                 231-> c28465 *  df998d = a20171068b29
                 260-> c28465 *  df998d = a9e6003e48a1
                 308-> 375212 *  df998d = a9e6003e48a1
                 315-> 375212 *  f3e301 = a9e6003e48a1
                 330-> 375212 *  f3e301 = 34b3f5134812
                 385-> d7cd0d *  f3e301 = 34b3f5134812
                 410-> d7cd0d *  f3e301 = cd96ff01540d
                 420-> d7cd0d *  23f176 = cd96ff01540d
                 430-> d7cd0d *  23f176 = 1e4c9448c0fe
                 462-> 8dcd3d *  23f176 = 1e4c9448c0fe
                 480-> 8dcd3d *  23f176 = 13e8ceea071e
                 500-> ERROR: Data A = 8dcd3d, Data B = 23f176, Result = 000000000000
                 500-> 8dcd3d *  23f176 = 000000000000
                 525-> 8dcd3d *  d457ed = 000000000000
                 539-> 2df78c *  d457ed = 000000000000
                 616-> fde9f9 *  d457ed = 000000000000
                 630-> fde9f9 *  3724c6 = 000000000000
                 693-> f784c5 *  3724c6 = 000000000000
                 735-> f784c5 *  13d2aa = 000000000000
                 770-> aff7e5 *  13d2aa = 000000000000
                 780-> aff7e5 *  13d2aa = 0da034337812
                 840-> aff7e5 *  d27277 = 0da034337812
                 847-> 32d612 *  d27277 = 0da034337812
                 860-> 32d612 *  d27277 = 29ca55b9865e
                 924-> ecdb8f *  d27277 = 29ca55b9865e
                 930-> ecdb8f *  d27277 = c2b6032dbd79
                 945-> ecdb8f *  3069f2 = c2b6032dbd79
                 950-> ecdb8f *  3069f2 = 2ccb30c5342e
                1001-> 7696ce *  3069f2 = 2ccb30c5342e
                1010-> 7696ce *  3069f2 = 166d5a950cbc
                1050-> 7696ce *  007ae8 = 166d5a950cbc
                1078-> ca4ec5 *  007ae8 = 166d5a950cbc
                1080-> ca4ec5 *  007ae8 = 006120e14488
                1155-> 8e28bd *  58495c = 006120e14488
                1160-> 8e28bd *  58495c = 3106bdac88ec
                1232-> ab582d *  58495c = 3106bdac88ec
                1240-> ab582d *  58495c = 3b176930852c
                1250-> ERROR: Data A = ab582d, Data B = 58495c, Result = 000000000000
                1250-> ab582d *  58495c = 000000000000
                1260-> ab582d *  a72665 = 000000000000
                1309-> ef6263 *  a72665 = 000000000000
                1365-> ef6263 *  73870a = 000000000000
                1386-> 3b2280 *  73870a = 000000000000
                1463-> 642120 *  73870a = 000000000000
                1470-> 642120 *  7845aa = 000000000000
                1530-> 642120 *  7845aa = 2f0ac66b9f40
                1540-> cccc9d *  7845aa = 2f0ac66b9f40
                1550-> cccc9d *  7845aa = 6037a4be3142
                1575-> cccc9d *  203e96 = 6037a4be3142
                1610-> cccc9d *  203e96 = 19cba52de9fe
                1617-> 83b813 *  203e96 = 19cba52de9fe
                1620-> 83b813 *  203e96 = 109736227522
                1680-> 83b813 *  bc380d = 109736227522
                1690-> 83b813 *  bc380d = 60d804e880f7
                1694-> a7d653 *  bc380d = 60d804e880f7
                1700-> a7d653 *  bc380d = 7b66245c0a37
                1771-> 9fdd6b *  bc380d = 7b66245c0a37
                1780-> 9fdd6b *  bc380d = 75899b21a66f
                1785-> 9fdd6b *  a62ad5 = 75899b21a66f
                1790-> 9fdd6b *  a62ad5 = 67c452b8c807
                1848-> 174a02 *  a62ad5 = 67c452b8c807
                1850-> 174a02 *  a62ad5 = 0f1de2d0e7aa
                1890-> 174a02 *  563eae = 0f1de2d0e7aa
                1910-> 174a02 *  563eae = 07d8906cc95c
                1925-> ffe91d *  563eae = 07d8906cc95c
                1930-> ffe91d *  563eae = 5636f82377b6
                1995-> ffe91d *  c572cf = 5636f82377b6
                2000-> ERROR: Data A = ffe91d, Data B = c572cf, Result = 000000000000
                2000-> ffe91d *  c572cf = 000000000000
                2002-> 844923 *  c572cf = 000000000000
                2079-> 09650a *  c572cf = 000000000000
                2100-> 09650a *  730aca = 000000000000
                2156-> 314c3c *  730aca = 000000000000
                2205-> 314c3c *  68bdf2 = 000000000000
                2233-> 2e618a *  68bdf2 = 000000000000
                2280-> 2e618a *  68bdf2 = 12fa09eb1674
                2310-> 4b34d8 *  c4b341 = 12fa09eb1674
                2320-> 4b34d8 *  c4b341 = 39c91e6b72d8
                2387-> 20f378 *  c4b341 = 39c91e6b72d8
                2390-> 20f378 *  c4b341 = 19517a7ab978
                2415-> 20f378 *  8a1289 = 19517a7ab978
                2430-> 20f378 *  8a1289 = 11c5a170bb38
                2464-> c50deb *  8a1289 = 11c5a170bb38
                2470-> c50deb *  8a1289 = 6a47c51cf8c3
                2520-> c50deb *  0265b6 = 6a47c51cf8c3
                2530-> c50deb *  0265b6 = 01d8666b9c12
                2541-> 4bf9c6 *  0265b6 = 01d8666b9c12
                2580-> 4bf9c6 *  0265b6 = 00b6231ab0c4
                2618-> 1513ae *  0265b6 = 00b6231ab0c4
                2620-> 1513ae *  0265b6 = 0032871ba3b4
                2625-> 1513ae *  7502bc = 0032871ba3b4
                2660-> 1513ae *  7502bc = 09a23827cfc8
                2695-> 0fdd2a *  7502bc = 09a23827cfc8
                2730-> ERROR: Data A = 0fdd2a, Data B = d79a0b, Result = 07403f92bed8
                2730-> 0fdd2a *  d79a0b = 07403f92bed8
                2740-> 0fdd2a *  d79a0b = 0d5c49ffc4ce
                2750-> ERROR: Data A = 0fdd2a, Data B = d79a0b, Result = 000000000000
                2750-> 0fdd2a *  d79a0b = 000000000000
                2772-> 97be71 *  d79a0b = 000000000000
                2835-> 97be71 *  f24185 = 000000000000
                2849-> f2554f *  f24185 = 000000000000
                2926-> cc603b *  f24185 = 000000000000
                2940-> cc603b *  06333a = 000000000000
                3003-> 23327e *  06333a = 000000000000
                3030-> 23327e *  06333a = 00da39fc8a8c
                3045-> 23327e *  aa4b15 = 00da39fc8a8c
                3050-> 23327e *  aa4b15 = 1769da5a0e56
                3080-> d99bf1 *  aa4b15 = 1769da5a0e56
                3110-> d99bf1 *  aa4b15 = 90c1609365c5
                3150-> d99bf1 *  9c4bd9 = 90c1609365c5
                3157-> 230762 *  9c4bd9 = 90c1609365c5
                3180-> 230762 *  9c4bd9 = 1562e092f812
                3234-> 35fb4c *  9c4bd9 = 1562e092f812
                3255-> 35fb4c *  a1559f = 1562e092f812
                3260-> 35fb4c *  a1559f = 220518c35034
                3311-> b9a18f *  a1559f = 220518c35034
                3330-> b9a18f *  a1559f = 74fcb0ded2d1
                3360-> b9a18f *  6da9f8 = 74fcb0ded2d1
                3370-> b9a18f *  6da9f8 = 4f85095ee988
                3388-> cd60b7 *  6da9f8 = 4f85095ee988
                3410-> cd60b7 *  6da9f8 = 57fa89b98048
                3465-> 7d945c *  c4569f = 57fa89b98048
                3480-> 7d945c *  c4569f = 605014460d24
                3500-> ERROR: Data A = 7d945c, Data B = c4569f, Result = 000000000000
                3500-> 7d945c *  c4569f = 000000000000
                3542-> cbc05b *  c4569f = 000000000000
                3570-> cbc05b *  de3789 = 000000000000
                3619-> ae3249 *  de3789 = 000000000000
                3675-> ae3249 *  233ed0 = 000000000000
                3696-> fec0d7 *  233ed0 = 000000000000
                3773-> c7fc51 *  233ed0 = 000000000000
                3780-> ERROR: Data A = c7fc51, Data B = 212f96, Result = 1b8890ab9fd0
                3780-> c7fc51 *  212f96 = 1b8890ab9fd0
                3790-> c7fc51 *  212f96 = 19ecb2f1b676
                3850-> 1d7f0c *  212f96 = 19ecb2f1b676
                3860-> 1d7f0c *  212f96 = 03d2dc27a508
                3885-> 1d7f0c *  2ccec2 = 03d2dc27a508
                3890-> 1d7f0c *  2ccec2 = 0529a8a5ef18
                3927-> 57edc8 *  2ccec2 = 0529a8a5ef18
                3930-> 57edc8 *  2ccec2 = 0f63e2592190
                3990-> 57edc8 *  825a77 = 0f63e2592190
                4004-> f2ed3d *  825a77 = 0f63e2592190
                4010-> f2ed3d *  825a77 = 7bb2514db95b
                4081-> 0cdb12 *  825a77 = 7bb2514db95b
                4090-> 0cdb12 *  825a77 = 068bca22295e
                4095-> 0cdb12 *  05007e = 068bca22295e
                4100-> 0cdb12 *  05007e = 00404dadd2dc
                4158-> e5816d *  05007e = 00404dadd2dc
                4160-> e5816d *  05007e = 047bf816b3a6
                4200-> e5816d *  d9e739 = 047bf816b3a6
                4230-> e5816d *  d9e739 = c35a00482c45
                4235-> d28f1f *  d9e739 = c35a00482c45
                4240-> d28f1f *  d9e739 = b3397f4dd6e7
                4250-> ERROR: Data A = d28f1f, Data B = d9e739, Result = 000000000000
                4250-> d28f1f *  d9e739 = 000000000000
                4305-> d28f1f *  ebf6d3 = 000000000000
                4312-> d92f85 *  ebf6d3 = 000000000000
                4389-> 148878 *  ebf6d3 = 000000000000
                4410-> 148878 *  da595b = 000000000000
                4466-> 8b4b49 *  da595b = 000000000000
                4515-> 8b4b49 *  f2ae3f = 000000000000
                4530-> 8b4b49 *  f2ae3f = 840bfa7524f7
                4543-> 0caf2a *  f2ae3f = 840bfa7524f7
                4550-> 0caf2a *  f2ae3f = 0c0637e1a756
                4620-> 3f3886 *  156358 = 0c0637e1a756
                4630-> 3f3886 *  156358 = 05482b954010
                4697-> 1a0c8e *  156358 = 05482b954010
                4700-> 1a0c8e *  156358 = 022d23753ad0
                4725-> 1a0c8e *  2ff29c = 022d23753ad0
                4760-> 1a0c8e *  2ff29c = 04e0fdcfe288
                4774-> 3599fa *  2ff29c = 04e0fdcfe288
                4780-> 3599fa *  2ff29c = 0a0a111e2858
                4830-> 3599fa *  7dbc26 = 0a0a111e2858
                4840-> 3599fa *  7dbc26 = 1a53941a731c
                4851-> 961773 *  7dbc26 = 1a53941a731c
                4860-> 961773 *  7dbc26 = 49b7c2a6ef12
                4928-> 8bb4a3 *  7dbc26 = 49b7c2a6ef12
                4930-> 8bb4a3 *  7dbc26 = 449de0fb8432
                4935-> 8bb4a3 *  99a82f = 449de0fb8432
                4940-> 8bb4a3 *  99a82f = 53dabd9c21ed
                5000-> ERROR: Data A = 8bb4a3, Data B = 99a82f, Result = 000000000000
                5000-> 8bb4a3 *  99a82f = 000000000000
                5005-> d292b3 *  99a82f = 000000000000
                5040-> d292b3 *  d8565f = 000000000000
                5082-> 290d44 *  d8565f = 000000000000
                5145-> 290d44 *  f8fdf7 = 000000000000
                5159-> 9b36cb *  f8fdf7 = 000000000000
                5236-> 091ae6 *  f8fdf7 = 000000000000
                5250-> 091ae6 *  28db5a = 000000000000
                5280-> 091ae6 *  28db5a = 0174012636dc
                5313-> cfc129 *  28db5a = 0174012636dc
                5320-> cfc129 *  28db5a = 212831affb6a
                5355-> cfc129 *  82e2ed = 212831affb6a
                5360-> cfc129 *  82e2ed = 6a383fae04f5
                5390-> 536cda *  82e2ed = 6a383fae04f5
                5430-> 536cda *  82e2ed = 2aa73a0839d2
                5460-> 536cda *  9fb665 = 2aa73a0839d2
                5467-> 8ae2b5 *  9fb665 = 2aa73a0839d2
                5470-> 8ae2b5 *  9fb665 = 56a5c2631f69
                5544-> be94df *  9fb665 = 56a5c2631f69
                5565-> be94df *  f11979 = 56a5c2631f69
                5580-> be94df *  f11979 = b37d1c8d2467
                5621-> 31ff44 *  f11979 = b37d1c8d2467
                5660-> 31ff44 *  f11979 = 2f1648934b24
                5670-> 31ff44 *  740cd0 = 2f1648934b24
                5680-> 31ff44 *  740cd0 = 16aa2b669740
                5698-> 090b2a *  740cd0 = 16aa2b669740
                5730-> 090b2a *  740cd0 = 041982e70a20
                5750-> ERROR: Data A = 090b2a, Data B = 740cd0, Result = 000000000000
                5750-> 090b2a *  740cd0 = 000000000000
                5775-> 6fcf0e *  f6adab = 000000000000
                5852-> 5daddc *  f6adab = 000000000000
                5880-> 5daddc *  5ebc9a = 000000000000
                5929-> df72fd *  5ebc9a = 000000000000
                5985-> df72fd *  f102c3 = 000000000000
                6006-> 0eed56 *  f102c3 = 000000000000
                6030-> 0eed56 *  f102c3 = 0e0d972f7482
                6083-> 79e94e *  f102c3 = 0e0d972f7482
                6090-> 79e94e *  d97667 = 0e0d972f7482
                6110-> 79e94e *  d97667 = 678f25b4d262
                6160-> 31340a *  d97667 = 678f25b4d262
                6180-> 31340a *  d97667 = 29cbde428c06
                6195-> 31340a *  6fb9b6 = 29cbde428c06
                6200-> 31340a *  6fb9b6 = 157941ec391c
                6237-> 0e8a38 *  6fb9b6 = 157941ec391c
                6260-> 0e8a38 *  6fb9b6 = 06587a80bbd0
                6300-> 0e8a38 *  d18779 = 06587a80bbd0
                6314-> 2bc4b8 *  d18779 = 06587a80bbd0
                6330-> 2bc4b8 *  d18779 = 23d2c3a502f8
                6391-> 74bf94 *  d18779 = 23d2c3a502f8
                6405-> 74bf94 *  c65d93 = 23d2c3a502f8
                6410-> 74bf94 *  c65d93 = 5a76d91ac5fc
                6468-> 3f2c04 *  c65d93 = 5a76d91ac5fc
                6480-> 3f2c04 *  c65d93 = 30f3225bba4c
                6500-> ERROR: Data A = 3f2c04, Data B = c65d93, Result = 000000000000
                6500-> 3f2c04 *  c65d93 = 000000000000
                6510-> 3f2c04 *  b7ca59 = 000000000000
                6545-> cb69db *  b7ca59 = 000000000000
                6615-> cb69db *  fcde4d = 000000000000
                6622-> b0b7d9 *  fcde4d = 000000000000
                6699-> a4266d *  fcde4d = 000000000000
                6720-> a4266d *  45e276 = 000000000000
                6776-> 3b49ca *  45e276 = 000000000000
                6780-> 3b49ca *  45e276 = 102f55ea571c
                6825-> 3b49ca *  172db6 = 102f55ea571c
                6853-> 937195 *  172db6 = 102f55ea571c
                6860-> 937195 *  172db6 = 0d59882cf0ee
                6930-> 749b04 *  071a46 = 0d59882cf0ee
                6940-> 749b04 *  071a46 = 033c34bccb18
                7007-> d261f7 *  071a46 = 033c34bccb18
                7010-> d261f7 *  071a46 = 05d6453adf8a
                7035-> d261f7 *  980769 = 05d6453adf8a
                7040-> d261f7 *  980769 = 7cf0419fef4f
                7084-> 6ebab4 *  980769 = 7cf0419fef4f
                7090-> 6ebab4 *  980769 = 41c20f657fd4
                7140-> 6ebab4 *  018d88 = 41c20f657fd4
                7160-> 6ebab4 *  018d88 = 00abf25c53a0
                7161-> 7cd928 *  018d88 = 00abf25c53a0
                7170-> 7cd928 *  018d88 = 00c1df166540
                7238-> 90042d *  018d88 = 00c1df166540
                7240-> 90042d *  018d88 = 00dfa2fc00e8
                7245-> 90042d *  c530c7 = 00dfa2fc00e8
                7250-> ERROR: Data A = 90042d, Data B = c530c7, Result = 000000000000
                7250-> 90042d *  c530c7 = 000000000000
                7315-> 5c9c2e *  c530c7 = 000000000000
                7350-> 5c9c2e *  77e408 = 000000000000
                7392-> 41451c *  77e408 = 000000000000
                7455-> 41451c *  a7a6fd = 000000000000
                7469-> 9e0729 *  a7a6fd = 000000000000
                7530-> 9e0729 *  a7a6fd = 677dc090a985
                7546-> 37901c *  a7a6fd = 677dc090a985
                7550-> 37901c *  a7a6fd = 2463409f93ac
                7560-> 37901c *  356786 = 2463409f93ac
                7570-> 37901c *  356786 = 0b974ddcb2a8
                7623-> 3408da *  356786 = 0b974ddcb2a8
                7630-> 3408da *  356786 = 0adadfee581c
                7665-> 3408da *  b7c63d = 0adadfee581c
                7680-> 3408da *  b7c63d = 255a9f14b7f2
                7700-> 4ea766 *  b7c63d = 255a9f14b7f2
                7710-> 4ea766 *  b7c63d = 38769220c74e
                7770-> 4ea766 *  55c470 = 38769220c74e
                7777-> f50473 *  55c470 = 38769220c74e
                7780-> f50473 *  55c470 = 52167cc8fe50
                7854-> 7199ba *  55c470 = 52167cc8fe50
                7860-> 7199ba *  55c470 = 260f3627a960
                7875-> 7199ba *  3ab35e = 260f3627a960
                7910-> 7199ba *  3ab35e = 1a0c6c57804c
                7931-> 4779fa *  3ab35e = 1a0c6c57804c
                7940-> 4779fa *  3ab35e = 1063b72c97cc
                7980-> 4779fa *  8e05d5 = 1063b72c97cc
                7990-> 4779fa *  8e05d5 = 27a749865f02
                8000-> ERROR: Data A = 4779fa, Data B = 8e05d5, Result = 000000000000
                8000-> 4779fa *  8e05d5 = 000000000000
                8008-> 24f61a *  8e05d5 = 000000000000
                8085-> 876137 *  f000b9 = 000000000000
                8162-> 273796 *  f000b9 = 000000000000
                8190-> 273796 *  3921c0 = 000000000000
                8239-> 259f26 *  3921c0 = 000000000000
                8280-> 259f26 *  3921c0 = 086565314280
                8295-> 259f26 *  461ab6 = 086565314280
                8300-> 259f26 *  461ab6 = 0a4d714d0104
                8316-> 99837d *  461ab6 = 0a4d714d0104
                8320-> 99837d *  461ab6 = 2a09f8ac2cde
                8393-> 5f0fdc *  461ab6 = 2a09f8ac2cde
                8400-> 5f0fdc *  615786 = 2a09f8ac2cde
                8430-> 5f0fdc *  615786 = 242582821128
                8470-> 03ff78 *  615786 = 242582821128
                8505-> 03ff78 *  5a9b7e = 242582821128
                8510-> 03ff78 *  5a9b7e = 016a3dd56510
                8547-> 8d80db *  5a9b7e = 016a3dd56510
                8580-> 8d80db *  5a9b7e = 32153fa804ca
                8610-> 8d80db *  c3b6cf = 32153fa804ca
                8620-> 8d80db *  c3b6cf = 6c2e32d7e315
                8624-> ed2b79 *  c3b6cf = 6c2e32d7e315
                8660-> ed2b79 *  c3b6cf = b55179d92cd7
                8701-> 28e4fa *  c3b6cf = b55179d92cd7
                8715-> 28e4fa *  bcee61 = b55179d92cd7
                8730-> 28e4fa *  bcee61 = 1e2e3bf72eba
                8750-> ERROR: Data A = 28e4fa, Data B = bcee61, Result = 000000000000
                8750-> 28e4fa *  bcee61 = 000000000000
                8778-> 940917 *  bcee61 = 000000000000
                8820-> 940917 *  f578a1 = 000000000000
                8855-> 779186 *  f578a1 = 000000000000
                8925-> 779186 *  639650 = 000000000000
                8932-> 8c59f5 *  639650 = 000000000000
                9009-> b48835 *  639650 = 000000000000
                9030-> ERROR: Data A = b48835, Data B = 9a8a29, Result = 463aacb89e90
                9030-> b48835 *  9a8a29 = 463aacb89e90
                9040-> b48835 *  9a8a29 = 6cfb5e38627d
                9086-> b175c1 *  9a8a29 = 6cfb5e38627d
                9110-> b175c1 *  9a8a29 = 6b209bffe5e9
                9135-> b175c1 *  e574c5 = 6b209bffe5e9
                9140-> b175c1 *  e574c5 = 9f0f47901185
                9163-> 01b498 *  e574c5 = 9f0f47901185
                9180-> 01b498 *  e574c5 = 0187531cd8f8
                9240-> 8c4273 *  b27b4b = 0187531cd8f8
                9260-> 8c4273 *  b27b4b = 61c9c0fab8b1
                9317-> 22e6ec *  b27b4b = 61c9c0fab8b1
                9330-> 22e6ec *  b27b4b = 18555f450b24
                9345-> 22e6ec *  50168a = 18555f450b24
                9350-> 22e6ec *  50168a = 0aeb3c68c338
                9394-> 58d14e *  50168a = 0aeb3c68c338
                9410-> 58d14e *  50168a = 1bc93a3d880c
                9450-> 58d14e *  4b80a8 = 1bc93a3d880c
                9471-> 9efda9 *  4b80a8 = 1bc93a3d880c
                9480-> 9efda9 *  4b80a8 = 2ee437adf6e8
                9500-> ERROR: Data A = 9efda9, Data B = 4b80a8, Result = 000000000000
                9500-> 9efda9 *  4b80a8 = 000000000000
                9548-> ca8ca1 *  4b80a8 = 000000000000
                9555-> ca8ca1 *  0bb90e = 000000000000
                9625-> 3466e6 *  0bb90e = 000000000000
                9660-> 3466e6 *  d6c09f = 000000000000
                9702-> 2fb52a *  d6c09f = 000000000000
                9765-> 2fb52a *  5a1d2a = 000000000000
                9779-> b5f48d *  5a1d2a = 000000000000
                9780-> b5f48d *  5a1d2a = 400cb4201822
                9856-> 75ff9e *  5a1d2a = 400cb4201822
                9860-> 75ff9e *  5a1d2a = 29894edcd5ec
                9870-> 75ff9e *  6de638 = 29894edcd5ec
                9880-> 75ff9e *  6de638 = 32a7f3bdde90
                9933-> cfa879 *  6de638 = 32a7f3bdde90
                9940-> cfa879 *  6de638 = 59257a4e9078
                9975-> cfa879 *  64e3c8 = 59257a4e9078
               10010-> ERROR: Data A = 2345ca, Data B = 64e3c8, Result = 51d693e2e988
               10010-> 2345ca *  64e3c8 = 51d693e2e988
               10020-> 2345ca *  64e3c8 = 0de6a558a3d0
               10080-> 2345ca *  ff4113 = 0de6a558a3d0
               10087-> a0c96b *  ff4113 = 0de6a558a3d0
               10090-> a0c96b *  ff4113 = a05180a81df1
               10164-> b7aec7 *  ff4113 = a05180a81df1
               10170-> b7aec7 *  ff4113 = b725c93b7fc5
               10185-> b7aec7 *  0bddb6 = b725c93b7fc5
               10190-> b7aec7 *  0bddb6 = 088397050c7a
               10241-> 059dba *  0bddb6 = 088397050c7a
               10250-> ERROR: Data A = 059dba, Data B = 0bddb6, Result = 000000000000
               10250-> 059dba *  0bddb6 = 000000000000
               10290-> 059dba *  16abc4 = 000000000000
               10318-> 8295b9 *  16abc4 = 000000000000
               10395-> 269ab4 *  2fd392 = 000000000000
               10472-> bb3b7f *  2fd392 = 000000000000
               10500-> bb3b7f *  339086 = 000000000000
               10530-> bb3b7f *  339086 = 25b68dc5947a
               10549-> 6df5fa *  339086 = 25b68dc5947a
               10550-> 6df5fa *  339086 = 162614b960dc
               10605-> 6df5fa *  2794f2 = 162614b960dc
               10610-> 6df5fa *  2794f2 = 1100733d0e54
               10626-> 452132 *  2794f2 = 1100733d0e54
               10630-> 452132 *  2794f2 = 0ab047284944
               10703-> ce5ebd *  2794f2 = 0ab047284944
               10710-> ERROR: Data A = ce5ebd, Data B = 4fcd84, Result = 1fe880a5d2aa
               10710-> ce5ebd *  4fcd84 = 1fe880a5d2aa
               10720-> ce5ebd *  4fcd84 = 4054e8993274
               10780-> 49a4e4 *  4fcd84 = 4054e8993274
               10790-> 49a4e4 *  4fcd84 = 16f5015f9990
               10815-> 49a4e4 *  43cfca = 16f5015f9990
               10830-> 49a4e4 *  43cfca = 1381ee1c77e8
               10857-> a879a9 *  43cfca = 1381ee1c77e8
               10860-> a879a9 *  43cfca = 2ca0968aa65a
               10920-> a879a9 *  95a8a1 = 2ca0968aa65a
               10930-> a879a9 *  95a8a1 = 627dc9286b49
               10934-> 65a98e *  95a8a1 = 627dc9286b49
               10940-> 65a98e *  95a8a1 = 3b6ea6dad24e
               11000-> ERROR: Data A = 65a98e, Data B = 95a8a1, Result = 000000000000
               11000-> 65a98e *  95a8a1 = 000000000000
               11011-> 8b6afb *  95a8a1 = 000000000000
               11025-> 8b6afb *  e51e0b = 000000000000
               11088-> 8290ef *  e51e0b = 000000000000
               11130-> 8290ef *  c83dc9 = 000000000000
               11165-> 60e536 *  c83dc9 = 000000000000
               11235-> 60e536 *  b14875 = 000000000000
               11242-> e8568f *  b14875 = 000000000000
               11280-> e8568f *  b14875 = a0e59b66c75b
               11319-> cdbf6b *  b14875 = a0e59b66c75b
               11320-> cdbf6b *  b14875 = 8e7b94d993e7
               11340-> cdbf6b *  65e788 = 8e7b94d993e7
               11360-> cdbf6b *  65e788 = 51e69a3e3dd8
               11396-> 3fb4ae *  65e788 = 51e69a3e3dd8
               11430-> 3fb4ae *  65e788 = 195be686fe70
               11445-> 3fb4ae *  f3819b = 195be686fe70
               11450-> 3fb4ae *  f3819b = 3c98c1c8135a
               11473-> 3e4592 *  f3819b = 3c98c1c8135a
               11510-> 3e4592 *  f3819b = 3b3b9058b166
               11550-> 84e02d *  44df28 = 3b3b9058b166
               11580-> 84e02d *  44df28 = 23bf5ffe3a08
               11627-> b75f4b *  44df28 = 23bf5ffe3a08
               11655-> b75f4b *  69b0c2 = 23bf5ffe3a08
               11660-> b75f4b *  69b0c2 = 4bb4b23cc6d6
               11704-> 1cf61e *  69b0c2 = 4bb4b23cc6d6
               11730-> 1cf61e *  69b0c2 = 0bf4f17522bc
               11750-> ERROR: Data A = 1cf61e, Data B = 69b0c2, Result = 000000000000
               11750-> 1cf61e *  69b0c2 = 000000000000
               11760-> 1cf61e *  b3050d = 000000000000
               11781-> 79fdec *  b3050d = 000000000000
               11858-> 039d18 *  b3050d = 000000000000
               11865-> 039d18 *  ae1bd1 = 000000000000
               11935-> 761c86 *  ae1bd1 = 000000000000
               11970-> 761c86 *  c02441 = 000000000000
               12012-> bf643b *  c02441 = 000000000000
               12030-> bf643b *  c02441 = 8fa646f0befb
               12075-> bf643b *  44f9d8 = 8fa646f0befb
               12089-> efe953 *  44f9d8 = 8fa646f0befb
               12110-> efe953 *  44f9d8 = 40a41e6a9908
               12166-> 196256 *  44f9d8 = 40a41e6a9908
               12180-> ERROR: Data A = 196256, Data B = ac225b, Result = 06d6e4e89e90
               12180-> 196256 *  ac225b = 06d6e4e89e90
               12190-> 196256 *  ac225b = 111179dd6092
               12243-> 66fae2 *  ac225b = 111179dd6092
               12260-> 66fae2 *  ac225b = 453e61c53256
               12285-> 66fae2 *  73e204 = 453e61c53256
               12290-> 66fae2 *  73e204 = 2e9d9e9d6f88
               12320-> ac0373 *  73e204 = 2e9d9e9d6f88
               12330-> ac0373 *  73e204 = 4ddd6a6493cc
               12390-> ac0373 *  50b4d8 = 4ddd6a6493cc
               12397-> 3e4d12 *  50b4d8 = 4ddd6a6493cc
               12410-> 3e4d12 *  50b4d8 = 13a41861af30
               12474-> 0344b8 *  50b4d8 = 13a41861af30
               12480-> 0344b8 *  50b4d8 = 0107c8935b40
               12495-> 0344b8 *  811239 = 0107c8935b40
               12500-> ERROR: Data A = 0344b8, Data B = 811239, Result = 000000000000
               12500-> 0344b8 *  811239 = 000000000000
               12551-> 87b6e5 *  811239 = 000000000000
               12600-> 87b6e5 *  c5dca1 = 000000000000
               12628-> 890f2b *  c5dca1 = 000000000000
               12705-> 1b85c8 *  905d81 = 000000000000
               12780-> 1b85c8 *  905d81 = 0f854df811c8
               12782-> b55527 *  905d81 = 0f854df811c8
               12790-> b55527 *  905d81 = 6642213f13a7
               12810-> b55527 *  d5f9a1 = 6642213f13a7
               12820-> b55527 *  d5f9a1 = 9790ab507c87
               12859-> 8c6e1f *  d5f9a1 = 9790ab507c87
               12860-> 8c6e1f *  d5f9a1 = 75608f38687f
               12915-> 8c6e1f *  223a04 = 75608f38687f
               12930-> 8c6e1f *  223a04 = 12c67342be7c
               12936-> 2d2358 *  223a04 = 12c67342be7c
               12940-> 2d2358 *  223a04 = 0608ec667d60
               13013-> 5c8096 *  223a04 = 0608ec667d60
               13020-> ERROR: Data A = 5c8096, Data B = 6e9314, Result = 0c5e0a7ffe58
               13020-> 5c8096 *  6e9314 = 0c5e0a7ffe58
               13030-> 5c8096 *  6e9314 = 27f465842db8
               13090-> 19b412 *  6e9314 = 27f465842db8
               13100-> 19b412 *  6e9314 = 0b1a24246768
               13125-> 19b412 *  227096 = 0b1a24246768
               13160-> 19b412 *  227096 = 0375383b628c
               13167-> ace2b1 *  227096 = 0375383b628c
               13170-> ace2b1 *  227096 = 174223fc43b6
               13230-> ace2b1 *  c2d555 = 174223fc43b6
               13240-> ace2b1 *  c2d555 = 8393dc2689c5
               13244-> c38eed *  c2d555 = 8393dc2689c5
               13250-> ERROR: Data A = c38eed, Data B = c2d555, Result = 000000000000
               13250-> c38eed *  c2d555 = 000000000000
               13321-> 8b2b2b *  c2d555 = 000000000000
               13335-> 8b2b2b *  b11bf5 = 000000000000
               13398-> b403ad *  b11bf5 = 000000000000
               13440-> b403ad *  c12227 = 000000000000
               13475-> 49ff84 *  c12227 = 000000000000
               13530-> 49ff84 *  c12227 = 37d381b9751c
               13545-> 49ff84 *  a8e4a7 = 37d381b9751c
               13550-> 49ff84 *  a8e4a7 = 30d1c6773f1c
               13552-> d7a6e7 *  a8e4a7 = 30d1c6773f1c
               13560-> d7a6e7 *  a8e4a7 = 8e4624eb9cb1
               13629-> ef90b9 *  a8e4a7 = 8e4624eb9cb1
               13630-> ef90b9 *  a8e4a7 = 9e0cf2942caf
               13650-> ef90b9 *  da5649 = 9e0cf2942caf
               13680-> ef90b9 *  da5649 = cc51fc786ac1
               13706-> e5bbdb *  da5649 = cc51fc786ac1
               13710-> e5bbdb *  da5649 = c3ef671c2373
               13755-> e5bbdb *  ba0fc9 = c3ef671c2373
               13760-> e5bbdb *  ba0fc9 = a6f8a78053f3
               13783-> 83b151 *  ba0fc9 = a6f8a78053f3
               13790-> 83b151 *  ba0fc9 = 5fb6f3a3f799
               13860-> 46dd2a *  bc5ea1 = 5fb6f3a3f799
               13870-> 46dd2a *  bc5ea1 = 34249c9e836a
               13937-> 2a45fa *  bc5ea1 = 34249c9e836a
               13940-> 2a45fa *  bc5ea1 = 1f1b03dfce3a
               13965-> 2a45fa *  e62045 = 1f1b03dfce3a
               13980-> 2a45fa *  e62045 = 260032c01c62
               14000-> ERROR: Data A = 2a45fa, Data B = e62045, Result = 000000000000
               14000-> 2a45fa *  e62045 = 000000000000
               14014-> a10583 *  e62045 = 000000000000
               14070-> a10583 *  75427c = 000000000000
               14091-> 461472 *  75427c = 000000000000
               14168-> 4f3cfe *  75427c = 000000000000
               14175-> 4f3cfe *  55f268 = 000000000000
               14245-> dfaa6f *  55f268 = 000000000000
               14280-> ERROR: Data A = dfaa6f, Data B = 460d86, Result = 4b1760d52b18
               14280-> dfaa6f *  460d86 = 4b1760d52b18
               14290-> dfaa6f *  460d86 = 3d346b14d91a
               14322-> 2321f0 *  460d86 = 3d346b14d91a
               14360-> 2321f0 *  460d86 = 099d22bcf3a0
               14385-> 2321f0 *  719738 = 099d22bcf3a0
               14390-> 2321f0 *  719738 = 0f96bba3fc80
               14399-> 769140 *  719738 = 0f96bba3fc80
               14430-> 769140 *  719738 = 349c26dc8600
               14476-> 097628 *  719738 = 349c26dc8600
               14490-> 097628 *  0da9f6 = 349c26dc8600
               14510-> 097628 *  0da9f6 = 0081481ff270
               14553-> bf1ac5 *  0da9f6 = 0081481ff270
               14580-> bf1ac5 *  0da9f6 = 0a333c50c64e
               14595-> bf1ac5 *  2831c0 = 0a333c50c64e
               14600-> bf1ac5 *  2831c0 = 1e01523bc8c0
               14630-> 625f74 *  2831c0 = 1e01523bc8c0
               14660-> 625f74 *  2831c0 = 0f72082ccb00
               14700-> 625f74 *  de7139 = 0f72082ccb00
               14707-> 6a6ab0 *  de7139 = 0f72082ccb00
               14730-> 6a6ab0 *  de7139 = 5c7795697130
               14750-> ERROR: Data A = 6a6ab0, Data B = de7139, Result = 000000000000
               14750-> 6a6ab0 *  de7139 = 000000000000
               14784-> 1c873c *  de7139 = 000000000000
               14805-> 1c873c *  21932a = 000000000000
               14861-> 24d362 *  21932a = 000000000000
               14910-> 24d362 *  ec3515 = 000000000000
               14938-> b14ee1 *  ec3515 = 000000000000
               15015-> 8bee43 *  e29d17 = 000000000000
               15030-> 8bee43 *  e29d17 = 7bde34d77f05
               15092-> b5e3c9 *  e29d17 = 7bde34d77f05
               15110-> b5e3c9 *  e29d17 = a102b47bbc0f
               15120-> b5e3c9 *  360486 = a102b47bbc0f
               15130-> b5e3c9 *  360486 = 2661432a5f36
               15169-> 97cb25 *  360486 = 2661432a5f36
               15180-> 97cb25 *  360486 = 2007886ee95e
               15225-> 97cb25 *  f69dc1 = 2007886ee95e
               15246-> 9da28d *  f69dc1 = 2007886ee95e
               15260-> 9da28d *  f69dc1 = 97db5706054d
               15323-> 67e25a *  f69dc1 = 97db5706054d
               15330-> ERROR: Data A = 67e25a, Data B = d62707, Result = 6413869ed7da
               15330-> 67e25a *  d62707 = 6413869ed7da
               15340-> 67e25a *  d62707 = 56e70d8ee676
               15400-> 5b7b2c *  d62707 = 56e70d8ee676
               15410-> 5b7b2c *  d62707 = 4c86e90c1234
               15435-> 5b7b2c *  0a5d0c = 4c86e90c1234
               15440-> 5b7b2c *  0a5d0c = 03b40fc0c210
               15477-> ade671 *  0a5d0c = 03b40fc0c210
               15480-> ade671 *  0a5d0c = 070a3547da4c
               15500-> ERROR: Data A = ade671, Data B = 0a5d0c, Result = 000000000000
               15500-> ade671 *  0a5d0c = 000000000000
               15540-> ade671 *  e17c3b = 000000000000
               15554-> 60e5b6 *  e17c3b = 000000000000
               15631-> dfc2f7 *  e17c3b = 000000000000
               15645-> dfc2f7 *  14ce9e = 000000000000
               15708-> 78585c *  14ce9e = 000000000000
               15750-> 78585c *  b8f755 = 000000000000
               15780-> 78585c *  b8f755 = 56f3c7561a8c
               15785-> 2a3a20 *  b8f755 = 56f3c7561a8c
               15790-> 2a3a20 *  b8f755 = 1e82931a2ca0
               15855-> 2a3a20 *  0b12a0 = 1e82931a2ca0
               15860-> 2a3a20 *  0b12a0 = 01d391da9400
               15862-> 600972 *  0b12a0 = 01d391da9400
               15870-> 600972 *  0b12a0 = 04276495eb40
               15939-> 3d8cb4 *  0b12a0 = 04276495eb40
               15940-> 3d8cb4 *  0b12a0 = 02a986189880
               15960-> 3d8cb4 *  8af5dd = 02a986189880
               15970-> 3d8cb4 *  8af5dd = 2168f5d2bb64
               16016-> dcf00d *  8af5dd = 2168f5d2bb64
               16020-> dcf00d *  8af5dd = 77ed9779ac39
               16065-> dcf00d *  b0994b = 77ed9779ac39
               16080-> dcf00d *  b0994b = 9869552218cf
               16093-> cc4279 *  b0994b = 9869552218cf
               16100-> cc4279 *  b0994b = 8ce802c1ca73
               16170-> f064fd *  63da9e = 8ce802c1ca73
               16180-> f064fd *  63da9e = 5dc45834c626
               16247-> e0d27b *  63da9e = 5dc45834c626
               16250-> ERROR: Data A = e0d27b, Data B = 63da9e, Result = 000000000000
               16250-> e0d27b *  63da9e = 000000000000
               16275-> e0d27b *  e2738f = 000000000000
               16324-> c39a03 *  e2738f = 000000000000
               16380-> c39a03 *  c129e3 = 000000000000
               16401-> 92431d *  c129e3 = 000000000000
               16478-> f93db1 *  c129e3 = 000000000000
               16485-> f93db1 *  119f44 = 000000000000
               16530-> f93db1 *  119f44 = 112828465204
               16555-> 9cbc95 *  119f44 = 112828465204
               16560-> 9cbc95 *  119f44 = 0aca08a7a294
               16590-> 9cbc95 *  1d34e0 = 0aca08a7a294
               16610-> 9cbc95 *  1d34e0 = 11e1bc544660
               16632-> a178ed *  1d34e0 = 11e1bc544660
               16640-> a178ed *  1d34e0 = 126c0cb2f360
               16695-> a178ed *  7a1552 = 126c0cb2f360
               16700-> a178ed *  7a1552 = 4d0113962cea
               16709-> 1e5bf8 *  7a1552 = 4d0113962cea
               16710-> 1e5bf8 *  7a1552 = 0e7a5b74cd70
               16786-> dcb78d *  7a1552 = 0e7a5b74cd70
               16790-> dcb78d *  7a1552 = 6941daf35c2a
               16800-> dcb78d *  5fc452 = 6941daf35c2a
               16830-> dcb78d *  5fc452 = 5291608dbf2a
               16863-> 19e784 *  5fc452 = 5291608dbf2a
               16870-> 19e784 *  5fc452 = 09b0c7893848
               16905-> 19e784 *  6afd46 = 09b0c7893848
               16910-> 19e784 *  6afd46 = 0ad37d8ac218
               16940-> 3a928c *  6afd46 = 0ad37d8ac218
               16980-> 3a928c *  6afd46 = 187aa0d06e48
               17000-> ERROR: Data A = 3a928c, Data B = 6afd46, Result = 000000000000
               17000-> 3a928c *  6afd46 = 000000000000
               17010-> 3a928c *  487d90 = 000000000000
               17017-> eac117 *  487d90 = 000000000000
               17094-> 2d616a *  487d90 = 000000000000
               17115-> 2d616a *  7b5784 = 000000000000
               17171-> 5bbcaa *  7b5784 = 000000000000
               17220-> 5bbcaa *  6f0f7c = 000000000000
               17248-> 520260 *  6f0f7c = 000000000000
               17280-> 520260 *  6f0f7c = 2393fd7cc680
               17325-> a1608b *  4a4dba = 2393fd7cc680
               17360-> a1608b *  4a4dba = 2ed6e777f3fe
               17402-> 1dfea6 *  4a4dba = 2ed6e777f3fe
               17430-> ERROR: Data A = 1dfea6, Data B = 831e25, Result = 08b4b75ef29c
               17430-> 1dfea6 *  831e25 = 08b4b75ef29c
               17440-> 1dfea6 *  831e25 = 0f5cd71f41fe
               17479-> 058332 *  831e25 = 0f5cd71f41fe
               17510-> 058332 *  831e25 = 02d2c8c1d23a
               17535-> 058332 *  0504a2 = 02d2c8c1d23a
               17540-> 058332 *  0504a2 = 001ba983cda4
               17556-> 8f7c49 *  0504a2 = 001ba983cda4
               17580-> 8f7c49 *  0504a2 = 02d0062aca32
               17633-> 64b014 *  0504a2 = 02d0062aca32
               17640-> 64b014 *  c9c03d = 02d0062aca32
               17660-> 64b014 *  c9c03d = 4f59dbc0f4c4
               17710-> f2034b *  c9c03d = 4f59dbc0f4c4
               17730-> f2034b *  c9c03d = beba520608df
               17745-> f2034b *  68305c = beba520608df
               17750-> ERROR: Data A = f2034b, Data B = 68305c, Result = 000000000000
               17750-> f2034b *  68305c = 000000000000
               17787-> 907547 *  68305c = 000000000000
               17850-> 907547 *  3e9786 = 000000000000
               17864-> af7a39 *  3e9786 = 000000000000
               17941-> 058ab4 *  3e9786 = 000000000000
               17955-> 058ab4 *  51e5d0 = 000000000000
               18018-> 22502c *  51e5d0 = 000000000000
               18030-> 22502c *  51e5d0 = 0afa2b847fc0
               18060-> 22502c *  7c458c = 0afa2b847fc0
               18070-> 22502c *  7c458c = 10a827afb410
               18095-> e9b707 *  7c458c = 10a827afb410
               18110-> e9b707 *  7c458c = 71742588fad4
               18165-> e9b707 *  22406a = 71742588fad4
               18172-> 95f911 *  22406a = 71742588fad4
               18180-> 95f911 *  22406a = 1410d09f610a
               18249-> 6affe8 *  22406a = 1410d09f610a
               18260-> 6affe8 *  22406a = 0e50e917f610
               18270-> 6affe8 *  e79e4b = 0e50e917f610
               18280-> 6affe8 *  e79e4b = 60cf13a228f8
               18326-> e48173 *  e79e4b = 60cf13a228f8
               18330-> e48173 *  e79e4b = cebe199be6b1
               18375-> e48173 *  295bec = cebe199be6b1
               18403-> fe0523 *  295bec = cebe199be6b1
               18410-> fe0523 *  295bec = 290a089b2d44
               18480-> e165c9 *  0eefa4 = 290a089b2d44
               18490-> e165c9 *  0eefa4 = 0d268f69dbc4
               18500-> ERROR: Data A = e165c9, Data B = 0eefa4, Result = 000000000000
               18500-> e165c9 *  0eefa4 = 000000000000
               18557-> a70439 *  0eefa4 = 000000000000
               18585-> a70439 *  8372df = 000000000000
               18634-> 5814d4 *  8372df = 000000000000
               18690-> 5814d4 *  836567 = 000000000000
               18711-> a0419d *  836567 = 000000000000
               18780-> a0419d *  836567 = 52410db4572b
               18788-> 3125b0 *  836567 = 52410db4572b
               18790-> 3125b0 *  836567 = 1939c0b499d0
               18795-> 3125b0 *  103982 = 1939c0b499d0
               18800-> 3125b0 *  103982 = 031d65595360
               18865-> d2bf49 *  103982 = 031d65595360
               18870-> d2bf49 *  103982 = 0d5b4c2c6412
               18900-> d2bf49 *  b91ad9 = 0d5b4c2c6412
               18930-> d2bf49 *  b91ad9 = 986255d28ee1
               18942-> 00b720 *  b91ad9 = 986255d28ee1
               18950-> 00b720 *  b91ad9 = 008469547a20
               19005-> 00b720 *  054c1c = 008469547a20
               19010-> 00b720 *  054c1c = 0003ca118780
               19019-> b16f93 *  054c1c = 0003ca118780
               19020-> b16f93 *  054c1c = 03abee66d814
               19096-> b461e3 *  054c1c = 03abee66d814
               19100-> b461e3 *  054c1c = 03bb8a3918d4
               19110-> b461e3 *  4b822a = 03bb8a3918d4
               19120-> b461e3 *  4b822a = 353464ce553e
               19173-> 71f8c8 *  4b822a = 353464ce553e
               19180-> 71f8c8 *  4b822a = 219dd5a060d0
               19215-> 71f8c8 *  d72e5d = 219dd5a060d0
               19230-> 71f8c8 *  d72e5d = 5fcc941350a8
               19250-> ERROR: Data A = 3f9d3a, Data B = d72e5d, Result = 000000000000
               19250-> 3f9d3a *  d72e5d = 000000000000
               19320-> 3f9d3a *  26a984 = 000000000000
               19327-> a9a82b *  26a984 = 000000000000
               19404-> 8d7f39 *  26a984 = 000000000000
               19425-> 8d7f39 *  7f1c12 = 000000000000
               19481-> 7f0052 *  7f1c12 = 000000000000
               19530-> ERROR: Data A = 7f0052, Data B = 848959, Result = 3f0f15a4fdc4
               19530-> 7f0052 *  848959 = 3f0f15a4fdc4
               19540-> 7f0052 *  848959 = 41c04d9afe82
               19558-> 2b96d0 *  848959 = 41c04d9afe82
               19560-> 2b96d0 *  848959 = 1691261cbe50
               19635-> f52997 *  59ea6e = 1691261cbe50
               19640-> f52997 *  59ea6e = 561bf6dae4e2
               19712-> 8b87db *  59ea6e = 561bf6dae4e2
               19720-> 8b87db *  59ea6e = 310201458e1a
               19740-> 8b87db *  5277a6 = 310201458e1a
               19760-> 8b87db *  5277a6 = 2cf2bac6e502
               19789-> 85d3bb *  5277a6 = 2cf2bac6e502
               19790-> 85d3bb *  5277a6 = 2b1c5e193842
               19845-> 85d3bb *  797c00 = 2b1c5e193842
               19850-> 85d3bb *  797c00 = 3f81e5f19400
               19866-> e44c0f *  797c00 = 3f81e5f19400
               19870-> e44c0f *  797c00 = 6c5687ee4400
               19943-> e8d669 *  797c00 = 6c5687ee4400
               19950-> e8d669 *  53620c = 6c5687ee4400
               19980-> e8d669 *  53620c = 4bd6b1093eec
               20000-> ERROR: Data A = e8d669, Data B = 53620c, Result = 000000000000
               20000-> e8d669 *  53620c = 000000000000
